[22-10-25 01:11:11] [INFO] [DEBUG] onEnable start -> 1666660271518

[22-10-25 01:11:11] [INFO] Using Economy Provider: com.earth2me.essentials.economy.vault.VaultEconomyProvider
[22-10-25 01:11:11] [INFO] [DEBUG] Starting load of Config at 1666660271550
[22-10-25 01:11:11] [INFO] [DEBUG] Config has been loaded. (took 3ms)
[22-10-25 01:11:11] [INFO] [DEBUG] Starting load of Lang at 1666660271553
[22-10-25 01:11:11] [INFO] [DEBUG] Lang has been loaded. (took 11ms)
[22-10-25 01:11:11] [INFO] [DEBUG] Starting load of UserManagerImpl at 1666660271564
[22-10-25 01:11:11] [INFO] [DEBUG] UserManagerImpl has been loaded. (took 0ms)
[22-10-25 01:11:11] [INFO] [DEBUG] Starting load of GuiListener at 1666660271564
[22-10-25 01:11:11] [INFO] [DEBUG] GuiListener has been loaded. (took 0ms)
[22-10-25 01:11:11] [INFO] [DEBUG] Starting load of KitManagerImpl at 1666660271564
[22-10-25 01:11:11] [INFO] KitManagerImpl: Loaded 2 kit(s).
[22-10-25 01:11:11] [INFO] [DEBUG] KitManagerImpl has been loaded. (took 61ms)
[22-10-25 01:11:11] [INFO] [DEBUG] Starting load of ArenaManagerImpl at 1666660271625
[22-10-25 01:11:11] [INFO] ArenaManagerImpl: Loaded 5 arena(s).
[22-10-25 01:11:11] [INFO] [DEBUG] ArenaManagerImpl has been loaded. (took 6ms)
[22-10-25 01:11:11] [INFO] [DEBUG] Starting load of SettingsManager at 1666660271631
[22-10-25 01:11:11] [INFO] [DEBUG] SettingsManager has been loaded. (took 0ms)
[22-10-25 01:11:11] [INFO] [DEBUG] Starting load of PlayerInfoManager at 1666660271631
[22-10-25 01:11:11] [INFO] [DEBUG] PlayerInfoManager has been loaded. (took 0ms)
[22-10-25 01:11:11] [INFO] [DEBUG] Starting load of SpectateManagerImpl at 1666660271631
[22-10-25 01:11:11] [INFO] [DEBUG] SpectateManagerImpl has been loaded. (took 0ms)
[22-10-25 01:11:11] [INFO] [DEBUG] Starting load of BettingManager at 1666660271631
[22-10-25 01:11:11] [INFO] [DEBUG] BettingManager has been loaded. (took 0ms)
[22-10-25 01:11:11] [INFO] [DEBUG] Starting load of InventoryManager at 1666660271631
[22-10-25 01:11:11] [INFO] [DEBUG] InventoryManager has been loaded. (took 0ms)
[22-10-25 01:11:11] [INFO] [DEBUG] Starting load of DuelManager at 1666660271632
[22-10-25 01:11:11] [INFO] [DEBUG] DuelManager has been loaded. (took 0ms)
[22-10-25 01:11:11] [INFO] [DEBUG] Starting load of QueueManager at 1666660271632
[22-10-25 01:11:11] [INFO] QueueManager: Loaded 0 queue(s).
[22-10-25 01:11:11] [INFO] [DEBUG] QueueManager has been loaded. (took 0ms)
[22-10-25 01:11:11] [INFO] [DEBUG] Starting load of QueueSignManagerImpl at 1666660271632
[22-10-25 01:11:11] [INFO] QueueSignManagerImpl: Loaded 0 queue sign(s).
[22-10-25 01:11:11] [INFO] [DEBUG] QueueSignManagerImpl has been loaded. (took 0ms)
[22-10-25 01:11:11] [INFO] [DEBUG] Starting load of RequestManager at 1666660271632
[22-10-25 01:11:11] [INFO] [DEBUG] RequestManager has been loaded. (took 0ms)
[22-10-25 01:11:11] [INFO] [DEBUG] Starting load of Teleport at 1666660271632
[22-10-25 01:11:11] [INFO] [DEBUG] Teleport has been loaded. (took 1ms)
[22-10-25 01:11:11] [INFO] [DEBUG] Starting load of ExtensionManager at 1666660271633
[22-10-25 01:11:11] [INFO] [ArenaRegen Extension] NMSHandler: Using me.realized.de.arenaregen.nms.fallback.NMSHandler
[22-10-25 01:11:11] [SEVERE] [ArenaRegen Extension] Could not load reset zone 'China'!
java.lang.NullPointerException: worldName or world is null
	at me.realized.de.arenaregen.zone.Zone.<init>(Zone.java:185)
	at me.realized.de.arenaregen.zone.ZoneManager.<init>(ZoneManager.java:50)
	at me.realized.de.arenaregen.ArenaRegen.onEnable(ArenaRegen.java:37)
	at Duels-3.5.2.jar//me.realized.duels.api.extension.DuelsExtension.setEnabled(DuelsExtension.java:74)
	at Duels-3.5.2.jar//me.realized.duels.extension.ExtensionManager.handleLoad(ExtensionManager.java:84)
	at Duels-3.5.2.jar//me.realized.duels.DuelsPlugin.load(DuelsPlugin.java:242)
	at Duels-3.5.2.jar//me.realized.duels.DuelsPlugin.onEnable(DuelsPlugin.java:175)
	at org.bukkit.plugin.java.JavaPlugin.setEnabled(JavaPlugin.java:264)
	at org.bukkit.plugin.java.JavaPluginLoader.enablePlugin(JavaPluginLoader.java:370)
	at org.bukkit.plugin.SimplePluginManager.enablePlugin(SimplePluginManager.java:542)
	at org.bukkit.craftbukkit.v1_19_R1.CraftServer.enablePlugin()
	at org.bukkit.craftbukkit.v1_19_R1.CraftServer.enablePlugins()
	at net.minecraft.server.MinecraftServer.loadWorld0()
	at net.minecraft.server.MinecraftServer.loadLevel()
	at net.minecraft.server.dedicated.DedicatedServer.e()
	at net.minecraft.server.MinecraftServer.v()
	at net.minecraft.server.MinecraftServer.lambda$spin$2()
	at java.base/java.lang.Thread.run(Thread.java:833)
[22-10-25 01:11:11] [SEVERE] [ArenaRegen Extension] Could not load reset zone 'Farmland'!
java.lang.NullPointerException: worldName or world is null
	at me.realized.de.arenaregen.zone.Zone.<init>(Zone.java:185)
	at me.realized.de.arenaregen.zone.ZoneManager.<init>(ZoneManager.java:50)
	at me.realized.de.arenaregen.ArenaRegen.onEnable(ArenaRegen.java:37)
	at Duels-3.5.2.jar//me.realized.duels.api.extension.DuelsExtension.setEnabled(DuelsExtension.java:74)
	at Duels-3.5.2.jar//me.realized.duels.extension.ExtensionManager.handleLoad(ExtensionManager.java:84)
	at Duels-3.5.2.jar//me.realized.duels.DuelsPlugin.load(DuelsPlugin.java:242)
	at Duels-3.5.2.jar//me.realized.duels.DuelsPlugin.onEnable(DuelsPlugin.java:175)
	at org.bukkit.plugin.java.JavaPlugin.setEnabled(JavaPlugin.java:264)
	at org.bukkit.plugin.java.JavaPluginLoader.enablePlugin(JavaPluginLoader.java:370)
	at org.bukkit.plugin.SimplePluginManager.enablePlugin(SimplePluginManager.java:542)
	at org.bukkit.craftbukkit.v1_19_R1.CraftServer.enablePlugin()
	at org.bukkit.craftbukkit.v1_19_R1.CraftServer.enablePlugins()
	at net.minecraft.server.MinecraftServer.loadWorld0()
	at net.minecraft.server.MinecraftServer.loadLevel()
	at net.minecraft.server.dedicated.DedicatedServer.e()
	at net.minecraft.server.MinecraftServer.v()
	at net.minecraft.server.MinecraftServer.lambda$spin$2()
	at java.base/java.lang.Thread.run(Thread.java:833)
[22-10-25 01:11:11] [SEVERE] [ArenaRegen Extension] Could not load reset zone 'Lighthouse'!
java.lang.NullPointerException: worldName or world is null
	at me.realized.de.arenaregen.zone.Zone.<init>(Zone.java:185)
	at me.realized.de.arenaregen.zone.ZoneManager.<init>(ZoneManager.java:50)
	at me.realized.de.arenaregen.ArenaRegen.onEnable(ArenaRegen.java:37)
	at Duels-3.5.2.jar//me.realized.duels.api.extension.DuelsExtension.setEnabled(DuelsExtension.java:74)
	at Duels-3.5.2.jar//me.realized.duels.extension.ExtensionManager.handleLoad(ExtensionManager.java:84)
	at Duels-3.5.2.jar//me.realized.duels.DuelsPlugin.load(DuelsPlugin.java:242)
	at Duels-3.5.2.jar//me.realized.duels.DuelsPlugin.onEnable(DuelsPlugin.java:175)
	at org.bukkit.plugin.java.JavaPlugin.setEnabled(JavaPlugin.java:264)
	at org.bukkit.plugin.java.JavaPluginLoader.enablePlugin(JavaPluginLoader.java:370)
	at org.bukkit.plugin.SimplePluginManager.enablePlugin(SimplePluginManager.java:542)
	at org.bukkit.craftbukkit.v1_19_R1.CraftServer.enablePlugin()
	at org.bukkit.craftbukkit.v1_19_R1.CraftServer.enablePlugins()
	at net.minecraft.server.MinecraftServer.loadWorld0()
	at net.minecraft.server.MinecraftServer.loadLevel()
	at net.minecraft.server.dedicated.DedicatedServer.e()
	at net.minecraft.server.MinecraftServer.v()
	at net.minecraft.server.MinecraftServer.lambda$spin$2()
	at java.base/java.lang.Thread.run(Thread.java:833)
[22-10-25 01:11:11] [SEVERE] [ArenaRegen Extension] Could not load reset zone 'Mansion'!
java.lang.NullPointerException: worldName or world is null
	at me.realized.de.arenaregen.zone.Zone.<init>(Zone.java:185)
	at me.realized.de.arenaregen.zone.ZoneManager.<init>(ZoneManager.java:50)
	at me.realized.de.arenaregen.ArenaRegen.onEnable(ArenaRegen.java:37)
	at Duels-3.5.2.jar//me.realized.duels.api.extension.DuelsExtension.setEnabled(DuelsExtension.java:74)
	at Duels-3.5.2.jar//me.realized.duels.extension.ExtensionManager.handleLoad(ExtensionManager.java:84)
	at Duels-3.5.2.jar//me.realized.duels.DuelsPlugin.load(DuelsPlugin.java:242)
	at Duels-3.5.2.jar//me.realized.duels.DuelsPlugin.onEnable(DuelsPlugin.java:175)
	at org.bukkit.plugin.java.JavaPlugin.setEnabled(JavaPlugin.java:264)
	at org.bukkit.plugin.java.JavaPluginLoader.enablePlugin(JavaPluginLoader.java:370)
	at org.bukkit.plugin.SimplePluginManager.enablePlugin(SimplePluginManager.java:542)
	at org.bukkit.craftbukkit.v1_19_R1.CraftServer.enablePlugin()
	at org.bukkit.craftbukkit.v1_19_R1.CraftServer.enablePlugins()
	at net.minecraft.server.MinecraftServer.loadWorld0()
	at net.minecraft.server.MinecraftServer.loadLevel()
	at net.minecraft.server.dedicated.DedicatedServer.e()
	at net.minecraft.server.MinecraftServer.v()
	at net.minecraft.server.MinecraftServer.lambda$spin$2()
	at java.base/java.lang.Thread.run(Thread.java:833)
[22-10-25 01:11:11] [SEVERE] [ArenaRegen Extension] Could not load reset zone 'Temple'!
java.lang.NullPointerException: worldName or world is null
	at me.realized.de.arenaregen.zone.Zone.<init>(Zone.java:185)
	at me.realized.de.arenaregen.zone.ZoneManager.<init>(ZoneManager.java:50)
	at me.realized.de.arenaregen.ArenaRegen.onEnable(ArenaRegen.java:37)
	at Duels-3.5.2.jar//me.realized.duels.api.extension.DuelsExtension.setEnabled(DuelsExtension.java:74)
	at Duels-3.5.2.jar//me.realized.duels.extension.ExtensionManager.handleLoad(ExtensionManager.java:84)
	at Duels-3.5.2.jar//me.realized.duels.DuelsPlugin.load(DuelsPlugin.java:242)
	at Duels-3.5.2.jar//me.realized.duels.DuelsPlugin.onEnable(DuelsPlugin.java:175)
	at org.bukkit.plugin.java.JavaPlugin.setEnabled(JavaPlugin.java:264)
	at org.bukkit.plugin.java.JavaPluginLoader.enablePlugin(JavaPluginLoader.java:370)
	at org.bukkit.plugin.SimplePluginManager.enablePlugin(SimplePluginManager.java:542)
	at org.bukkit.craftbukkit.v1_19_R1.CraftServer.enablePlugin()
	at org.bukkit.craftbukkit.v1_19_R1.CraftServer.enablePlugins()
	at net.minecraft.server.MinecraftServer.loadWorld0()
	at net.minecraft.server.MinecraftServer.loadLevel()
	at net.minecraft.server.dedicated.DedicatedServer.e()
	at net.minecraft.server.MinecraftServer.v()
	at net.minecraft.server.MinecraftServer.lambda$spin$2()
	at java.base/java.lang.Thread.run(Thread.java:833)
[22-10-25 01:11:11] [INFO] ExtensionManager: Extension 'ArenaRegen 1.2.0' is now enabled.
[22-10-25 01:11:11] [INFO] [DEBUG] ExtensionManager has been loaded. (took 70ms)
[22-10-25 01:11:13] [INFO] Hooked into DeluxeCombat!
[22-10-25 01:11:13] [INFO] No updates were available. You are on the latest version!
[22-10-25 10:35:15] [INFO] [DEBUG] onEnable start -> 1666694115700

[22-10-25 10:35:15] [INFO] Using Economy Provider: com.earth2me.essentials.economy.vault.VaultEconomyProvider
[22-10-25 10:35:15] [INFO] [DEBUG] Starting load of Config at 1666694115733
[22-10-25 10:35:15] [INFO] [DEBUG] Config has been loaded. (took 3ms)
[22-10-25 10:35:15] [INFO] [DEBUG] Starting load of Lang at 1666694115736
[22-10-25 10:35:15] [INFO] [DEBUG] Lang has been loaded. (took 8ms)
[22-10-25 10:35:15] [INFO] [DEBUG] Starting load of UserManagerImpl at 1666694115744
[22-10-25 10:35:15] [INFO] [DEBUG] UserManagerImpl has been loaded. (took 1ms)
[22-10-25 10:35:15] [INFO] [DEBUG] Starting load of GuiListener at 1666694115745
[22-10-25 10:35:15] [INFO] [DEBUG] GuiListener has been loaded. (took 0ms)
[22-10-25 10:35:15] [INFO] [DEBUG] Starting load of KitManagerImpl at 1666694115745
[22-10-25 10:35:15] [INFO] KitManagerImpl: Loaded 2 kit(s).
[22-10-25 10:35:15] [INFO] [DEBUG] KitManagerImpl has been loaded. (took 60ms)
[22-10-25 10:35:15] [INFO] [DEBUG] Starting load of ArenaManagerImpl at 1666694115805
[22-10-25 10:35:15] [INFO] ArenaManagerImpl: Loaded 5 arena(s).
[22-10-25 10:35:15] [INFO] [DEBUG] ArenaManagerImpl has been loaded. (took 7ms)
[22-10-25 10:35:15] [INFO] [DEBUG] Starting load of SettingsManager at 1666694115812
[22-10-25 10:35:15] [INFO] [DEBUG] SettingsManager has been loaded. (took 0ms)
[22-10-25 10:35:15] [INFO] [DEBUG] Starting load of PlayerInfoManager at 1666694115812
[22-10-25 10:35:15] [INFO] [DEBUG] PlayerInfoManager has been loaded. (took 0ms)
[22-10-25 10:35:15] [INFO] [DEBUG] Starting load of SpectateManagerImpl at 1666694115812
[22-10-25 10:35:15] [INFO] [DEBUG] SpectateManagerImpl has been loaded. (took 0ms)
[22-10-25 10:35:15] [INFO] [DEBUG] Starting load of BettingManager at 1666694115812
[22-10-25 10:35:15] [INFO] [DEBUG] BettingManager has been loaded. (took 0ms)
[22-10-25 10:35:15] [INFO] [DEBUG] Starting load of InventoryManager at 1666694115812
[22-10-25 10:35:15] [INFO] [DEBUG] InventoryManager has been loaded. (took 1ms)
[22-10-25 10:35:15] [INFO] [DEBUG] Starting load of DuelManager at 1666694115813
[22-10-25 10:35:15] [INFO] [DEBUG] DuelManager has been loaded. (took 0ms)
[22-10-25 10:35:15] [INFO] [DEBUG] Starting load of QueueManager at 1666694115813
[22-10-25 10:35:15] [INFO] QueueManager: Loaded 0 queue(s).
[22-10-25 10:35:15] [INFO] [DEBUG] QueueManager has been loaded. (took 0ms)
[22-10-25 10:35:15] [INFO] [DEBUG] Starting load of QueueSignManagerImpl at 1666694115813
[22-10-25 10:35:15] [INFO] QueueSignManagerImpl: Loaded 0 queue sign(s).
[22-10-25 10:35:15] [INFO] [DEBUG] QueueSignManagerImpl has been loaded. (took 1ms)
[22-10-25 10:35:15] [INFO] [DEBUG] Starting load of RequestManager at 1666694115814
[22-10-25 10:35:15] [INFO] [DEBUG] RequestManager has been loaded. (took 0ms)
[22-10-25 10:35:15] [INFO] [DEBUG] Starting load of Teleport at 1666694115814
[22-10-25 10:35:15] [INFO] [DEBUG] Teleport has been loaded. (took 0ms)
[22-10-25 10:35:15] [INFO] [DEBUG] Starting load of ExtensionManager at 1666694115814
[22-10-25 10:35:15] [INFO] [ArenaRegen Extension] NMSHandler: Using me.realized.de.arenaregen.nms.fallback.NMSHandler
[22-10-25 10:35:15] [SEVERE] [ArenaRegen Extension] Could not load reset zone 'China'!
java.lang.NullPointerException: worldName or world is null
	at me.realized.de.arenaregen.zone.Zone.<init>(Zone.java:185)
	at me.realized.de.arenaregen.zone.ZoneManager.<init>(ZoneManager.java:50)
	at me.realized.de.arenaregen.ArenaRegen.onEnable(ArenaRegen.java:37)
	at Duels-3.5.2.jar//me.realized.duels.api.extension.DuelsExtension.setEnabled(DuelsExtension.java:74)
	at Duels-3.5.2.jar//me.realized.duels.extension.ExtensionManager.handleLoad(ExtensionManager.java:84)
	at Duels-3.5.2.jar//me.realized.duels.DuelsPlugin.load(DuelsPlugin.java:242)
	at Duels-3.5.2.jar//me.realized.duels.DuelsPlugin.onEnable(DuelsPlugin.java:175)
	at org.bukkit.plugin.java.JavaPlugin.setEnabled(JavaPlugin.java:264)
	at org.bukkit.plugin.java.JavaPluginLoader.enablePlugin(JavaPluginLoader.java:370)
	at org.bukkit.plugin.SimplePluginManager.enablePlugin(SimplePluginManager.java:542)
	at org.bukkit.craftbukkit.v1_19_R1.CraftServer.enablePlugin()
	at org.bukkit.craftbukkit.v1_19_R1.CraftServer.enablePlugins()
	at net.minecraft.server.MinecraftServer.loadWorld0()
	at net.minecraft.server.MinecraftServer.loadLevel()
	at net.minecraft.server.dedicated.DedicatedServer.e()
	at net.minecraft.server.MinecraftServer.v()
	at net.minecraft.server.MinecraftServer.lambda$spin$2()
	at java.base/java.lang.Thread.run(Thread.java:833)
[22-10-25 10:35:15] [SEVERE] [ArenaRegen Extension] Could not load reset zone 'Farmland'!
java.lang.NullPointerException: worldName or world is null
	at me.realized.de.arenaregen.zone.Zone.<init>(Zone.java:185)
	at me.realized.de.arenaregen.zone.ZoneManager.<init>(ZoneManager.java:50)
	at me.realized.de.arenaregen.ArenaRegen.onEnable(ArenaRegen.java:37)
	at Duels-3.5.2.jar//me.realized.duels.api.extension.DuelsExtension.setEnabled(DuelsExtension.java:74)
	at Duels-3.5.2.jar//me.realized.duels.extension.ExtensionManager.handleLoad(ExtensionManager.java:84)
	at Duels-3.5.2.jar//me.realized.duels.DuelsPlugin.load(DuelsPlugin.java:242)
	at Duels-3.5.2.jar//me.realized.duels.DuelsPlugin.onEnable(DuelsPlugin.java:175)
	at org.bukkit.plugin.java.JavaPlugin.setEnabled(JavaPlugin.java:264)
	at org.bukkit.plugin.java.JavaPluginLoader.enablePlugin(JavaPluginLoader.java:370)
	at org.bukkit.plugin.SimplePluginManager.enablePlugin(SimplePluginManager.java:542)
	at org.bukkit.craftbukkit.v1_19_R1.CraftServer.enablePlugin()
	at org.bukkit.craftbukkit.v1_19_R1.CraftServer.enablePlugins()
	at net.minecraft.server.MinecraftServer.loadWorld0()
	at net.minecraft.server.MinecraftServer.loadLevel()
	at net.minecraft.server.dedicated.DedicatedServer.e()
	at net.minecraft.server.MinecraftServer.v()
	at net.minecraft.server.MinecraftServer.lambda$spin$2()
	at java.base/java.lang.Thread.run(Thread.java:833)
[22-10-25 10:35:15] [SEVERE] [ArenaRegen Extension] Could not load reset zone 'Lighthouse'!
java.lang.NullPointerException: worldName or world is null
	at me.realized.de.arenaregen.zone.Zone.<init>(Zone.java:185)
	at me.realized.de.arenaregen.zone.ZoneManager.<init>(ZoneManager.java:50)
	at me.realized.de.arenaregen.ArenaRegen.onEnable(ArenaRegen.java:37)
	at Duels-3.5.2.jar//me.realized.duels.api.extension.DuelsExtension.setEnabled(DuelsExtension.java:74)
	at Duels-3.5.2.jar//me.realized.duels.extension.ExtensionManager.handleLoad(ExtensionManager.java:84)
	at Duels-3.5.2.jar//me.realized.duels.DuelsPlugin.load(DuelsPlugin.java:242)
	at Duels-3.5.2.jar//me.realized.duels.DuelsPlugin.onEnable(DuelsPlugin.java:175)
	at org.bukkit.plugin.java.JavaPlugin.setEnabled(JavaPlugin.java:264)
	at org.bukkit.plugin.java.JavaPluginLoader.enablePlugin(JavaPluginLoader.java:370)
	at org.bukkit.plugin.SimplePluginManager.enablePlugin(SimplePluginManager.java:542)
	at org.bukkit.craftbukkit.v1_19_R1.CraftServer.enablePlugin()
	at org.bukkit.craftbukkit.v1_19_R1.CraftServer.enablePlugins()
	at net.minecraft.server.MinecraftServer.loadWorld0()
	at net.minecraft.server.MinecraftServer.loadLevel()
	at net.minecraft.server.dedicated.DedicatedServer.e()
	at net.minecraft.server.MinecraftServer.v()
	at net.minecraft.server.MinecraftServer.lambda$spin$2()
	at java.base/java.lang.Thread.run(Thread.java:833)
[22-10-25 10:35:15] [SEVERE] [ArenaRegen Extension] Could not load reset zone 'Mansion'!
java.lang.NullPointerException: worldName or world is null
	at me.realized.de.arenaregen.zone.Zone.<init>(Zone.java:185)
	at me.realized.de.arenaregen.zone.ZoneManager.<init>(ZoneManager.java:50)
	at me.realized.de.arenaregen.ArenaRegen.onEnable(ArenaRegen.java:37)
	at Duels-3.5.2.jar//me.realized.duels.api.extension.DuelsExtension.setEnabled(DuelsExtension.java:74)
	at Duels-3.5.2.jar//me.realized.duels.extension.ExtensionManager.handleLoad(ExtensionManager.java:84)
	at Duels-3.5.2.jar//me.realized.duels.DuelsPlugin.load(DuelsPlugin.java:242)
	at Duels-3.5.2.jar//me.realized.duels.DuelsPlugin.onEnable(DuelsPlugin.java:175)
	at org.bukkit.plugin.java.JavaPlugin.setEnabled(JavaPlugin.java:264)
	at org.bukkit.plugin.java.JavaPluginLoader.enablePlugin(JavaPluginLoader.java:370)
	at org.bukkit.plugin.SimplePluginManager.enablePlugin(SimplePluginManager.java:542)
	at org.bukkit.craftbukkit.v1_19_R1.CraftServer.enablePlugin()
	at org.bukkit.craftbukkit.v1_19_R1.CraftServer.enablePlugins()
	at net.minecraft.server.MinecraftServer.loadWorld0()
	at net.minecraft.server.MinecraftServer.loadLevel()
	at net.minecraft.server.dedicated.DedicatedServer.e()
	at net.minecraft.server.MinecraftServer.v()
	at net.minecraft.server.MinecraftServer.lambda$spin$2()
	at java.base/java.lang.Thread.run(Thread.java:833)
[22-10-25 10:35:15] [SEVERE] [ArenaRegen Extension] Could not load reset zone 'Temple'!
java.lang.NullPointerException: worldName or world is null
	at me.realized.de.arenaregen.zone.Zone.<init>(Zone.java:185)
	at me.realized.de.arenaregen.zone.ZoneManager.<init>(ZoneManager.java:50)
	at me.realized.de.arenaregen.ArenaRegen.onEnable(ArenaRegen.java:37)
	at Duels-3.5.2.jar//me.realized.duels.api.extension.DuelsExtension.setEnabled(DuelsExtension.java:74)
	at Duels-3.5.2.jar//me.realized.duels.extension.ExtensionManager.handleLoad(ExtensionManager.java:84)
	at Duels-3.5.2.jar//me.realized.duels.DuelsPlugin.load(DuelsPlugin.java:242)
	at Duels-3.5.2.jar//me.realized.duels.DuelsPlugin.onEnable(DuelsPlugin.java:175)
	at org.bukkit.plugin.java.JavaPlugin.setEnabled(JavaPlugin.java:264)
	at org.bukkit.plugin.java.JavaPluginLoader.enablePlugin(JavaPluginLoader.java:370)
	at org.bukkit.plugin.SimplePluginManager.enablePlugin(SimplePluginManager.java:542)
	at org.bukkit.craftbukkit.v1_19_R1.CraftServer.enablePlugin()
	at org.bukkit.craftbukkit.v1_19_R1.CraftServer.enablePlugins()
	at net.minecraft.server.MinecraftServer.loadWorld0()
	at net.minecraft.server.MinecraftServer.loadLevel()
	at net.minecraft.server.dedicated.DedicatedServer.e()
	at net.minecraft.server.MinecraftServer.v()
	at net.minecraft.server.MinecraftServer.lambda$spin$2()
	at java.base/java.lang.Thread.run(Thread.java:833)
[22-10-25 10:35:15] [INFO] ExtensionManager: Extension 'ArenaRegen 1.2.0' is now enabled.
[22-10-25 10:35:15] [INFO] [DEBUG] ExtensionManager has been loaded. (took 68ms)
[22-10-25 10:35:17] [INFO] Hooked into DeluxeCombat!
[22-10-25 10:35:18] [INFO] No updates were available. You are on the latest version!
[22-10-25 10:35:46] [INFO] [DEBUG] onDisable start -> 1666694146527

[22-10-25 10:35:46] [INFO] [DEBUG] Starting unload of ExtensionManager at 1666694146528
[22-10-25 10:35:46] [INFO] ExtensionManager: Extension 'ArenaRegen' is now disabled.
[22-10-25 10:35:46] [INFO] [DEBUG] ExtensionManager has been unloaded. (took 0ms)
[22-10-25 10:35:46] [INFO] [DEBUG] Starting unload of Teleport at 1666694146528
[22-10-25 10:35:46] [INFO] [DEBUG] Teleport has been unloaded. (took 0ms)
[22-10-25 10:35:46] [INFO] [DEBUG] Starting unload of RequestManager at 1666694146528
[22-10-25 10:35:46] [INFO] [DEBUG] RequestManager has been unloaded. (took 0ms)
[22-10-25 10:35:46] [INFO] [DEBUG] Starting unload of QueueSignManagerImpl at 1666694146528
[22-10-25 10:35:46] [INFO] [DEBUG] QueueSignManagerImpl has been unloaded. (took 0ms)
[22-10-25 10:35:46] [INFO] [DEBUG] Starting unload of QueueManager at 1666694146528
[22-10-25 10:35:46] [INFO] [DEBUG] QueueManager has been unloaded. (took 0ms)
[22-10-25 10:35:46] [INFO] [DEBUG] Starting unload of DuelManager at 1666694146528
[22-10-25 10:35:46] [INFO] [DEBUG] DuelManager has been unloaded. (took 0ms)
[22-10-25 10:35:46] [INFO] [DEBUG] Starting unload of InventoryManager at 1666694146528
[22-10-25 10:35:46] [INFO] [DEBUG] InventoryManager has been unloaded. (took 0ms)
[22-10-25 10:35:46] [INFO] [DEBUG] Starting unload of BettingManager at 1666694146528
[22-10-25 10:35:46] [INFO] [DEBUG] BettingManager has been unloaded. (took 0ms)
[22-10-25 10:35:46] [INFO] [DEBUG] Starting unload of SpectateManagerImpl at 1666694146528
[22-10-25 10:35:46] [INFO] [DEBUG] SpectateManagerImpl has been unloaded. (took 0ms)
[22-10-25 10:35:46] [INFO] [DEBUG] Starting unload of PlayerInfoManager at 1666694146528
[22-10-25 10:35:46] [INFO] [DEBUG] PlayerInfoManager has been unloaded. (took 1ms)
[22-10-25 10:35:46] [INFO] [DEBUG] Starting unload of SettingsManager at 1666694146529
[22-10-25 10:35:46] [INFO] [DEBUG] SettingsManager has been unloaded. (took 0ms)
[22-10-25 10:35:46] [INFO] [DEBUG] Starting unload of ArenaManagerImpl at 1666694146529
[22-10-25 10:35:46] [INFO] [DEBUG] ArenaManagerImpl has been unloaded. (took 0ms)
[22-10-25 10:35:46] [INFO] [DEBUG] Starting unload of KitManagerImpl at 1666694146529
[22-10-25 10:35:46] [INFO] [DEBUG] KitManagerImpl has been unloaded. (took 0ms)
[22-10-25 10:35:46] [INFO] [DEBUG] Starting unload of GuiListener at 1666694146529
[22-10-25 10:35:46] [INFO] [DEBUG] GuiListener has been unloaded. (took 0ms)
[22-10-25 10:35:46] [INFO] [DEBUG] Starting unload of UserManagerImpl at 1666694146529
[22-10-25 10:35:46] [INFO] [DEBUG] UserManagerImpl has been unloaded. (took 10ms)
[22-10-25 10:35:46] [INFO] [DEBUG] Starting unload of Lang at 1666694146539
[22-10-25 10:35:46] [INFO] [DEBUG] Lang has been unloaded. (took 0ms)
[22-10-25 10:35:46] [INFO] [DEBUG] Starting unload of Config at 1666694146539
[22-10-25 10:35:46] [INFO] [DEBUG] Config has been unloaded. (took 0ms)
[22-10-25 10:35:46] [INFO] [DEBUG] unload done (took 12ms)
[22-10-25 10:35:46] [INFO] [DEBUG] Log#clearSources done (took 0ms)
[22-10-25 10:36:21] [INFO] [DEBUG] onEnable start -> 1666694181075

[22-10-25 10:36:21] [INFO] Using Economy Provider: com.earth2me.essentials.economy.vault.VaultEconomyProvider
[22-10-25 10:36:21] [INFO] [DEBUG] Starting load of Config at 1666694181114
[22-10-25 10:36:21] [INFO] [DEBUG] Config has been loaded. (took 3ms)
[22-10-25 10:36:21] [INFO] [DEBUG] Starting load of Lang at 1666694181117
[22-10-25 10:36:21] [INFO] [DEBUG] Lang has been loaded. (took 9ms)
[22-10-25 10:36:21] [INFO] [DEBUG] Starting load of UserManagerImpl at 1666694181126
[22-10-25 10:36:21] [INFO] [DEBUG] UserManagerImpl has been loaded. (took 1ms)
[22-10-25 10:36:21] [INFO] [DEBUG] Starting load of GuiListener at 1666694181127
[22-10-25 10:36:21] [INFO] [DEBUG] GuiListener has been loaded. (took 0ms)
[22-10-25 10:36:21] [INFO] [DEBUG] Starting load of KitManagerImpl at 1666694181127
[22-10-25 10:36:21] [INFO] KitManagerImpl: Loaded 2 kit(s).
[22-10-25 10:36:21] [INFO] [DEBUG] KitManagerImpl has been loaded. (took 71ms)
[22-10-25 10:36:21] [INFO] [DEBUG] Starting load of ArenaManagerImpl at 1666694181198
[22-10-25 10:36:21] [INFO] ArenaManagerImpl: Loaded 5 arena(s).
[22-10-25 10:36:21] [INFO] [DEBUG] ArenaManagerImpl has been loaded. (took 8ms)
[22-10-25 10:36:21] [INFO] [DEBUG] Starting load of SettingsManager at 1666694181206
[22-10-25 10:36:21] [INFO] [DEBUG] SettingsManager has been loaded. (took 0ms)
[22-10-25 10:36:21] [INFO] [DEBUG] Starting load of PlayerInfoManager at 1666694181206
[22-10-25 10:36:21] [INFO] [DEBUG] PlayerInfoManager has been loaded. (took 0ms)
[22-10-25 10:36:21] [INFO] [DEBUG] Starting load of SpectateManagerImpl at 1666694181206
[22-10-25 10:36:21] [INFO] [DEBUG] SpectateManagerImpl has been loaded. (took 0ms)
[22-10-25 10:36:21] [INFO] [DEBUG] Starting load of BettingManager at 1666694181206
[22-10-25 10:36:21] [INFO] [DEBUG] BettingManager has been loaded. (took 0ms)
[22-10-25 10:36:21] [INFO] [DEBUG] Starting load of InventoryManager at 1666694181206
[22-10-25 10:36:21] [INFO] [DEBUG] InventoryManager has been loaded. (took 1ms)
[22-10-25 10:36:21] [INFO] [DEBUG] Starting load of DuelManager at 1666694181207
[22-10-25 10:36:21] [INFO] [DEBUG] DuelManager has been loaded. (took 0ms)
[22-10-25 10:36:21] [INFO] [DEBUG] Starting load of QueueManager at 1666694181207
[22-10-25 10:36:21] [INFO] QueueManager: Loaded 0 queue(s).
[22-10-25 10:36:21] [INFO] [DEBUG] QueueManager has been loaded. (took 0ms)
[22-10-25 10:36:21] [INFO] [DEBUG] Starting load of QueueSignManagerImpl at 1666694181207
[22-10-25 10:36:21] [INFO] QueueSignManagerImpl: Loaded 0 queue sign(s).
[22-10-25 10:36:21] [INFO] [DEBUG] QueueSignManagerImpl has been loaded. (took 0ms)
[22-10-25 10:36:21] [INFO] [DEBUG] Starting load of RequestManager at 1666694181207
[22-10-25 10:36:21] [INFO] [DEBUG] RequestManager has been loaded. (took 0ms)
[22-10-25 10:36:21] [INFO] [DEBUG] Starting load of Teleport at 1666694181207
[22-10-25 10:36:21] [INFO] [DEBUG] Teleport has been loaded. (took 0ms)
[22-10-25 10:36:21] [INFO] [DEBUG] Starting load of ExtensionManager at 1666694181208
[22-10-25 10:36:21] [INFO] [ArenaRegen Extension] NMSHandler: Using me.realized.de.arenaregen.nms.fallback.NMSHandler
[22-10-25 10:36:21] [SEVERE] [ArenaRegen Extension] Could not load reset zone 'China'!
java.lang.NullPointerException: worldName or world is null
	at me.realized.de.arenaregen.zone.Zone.<init>(Zone.java:185)
	at me.realized.de.arenaregen.zone.ZoneManager.<init>(ZoneManager.java:50)
	at me.realized.de.arenaregen.ArenaRegen.onEnable(ArenaRegen.java:37)
	at Duels-3.5.2.jar//me.realized.duels.api.extension.DuelsExtension.setEnabled(DuelsExtension.java:74)
	at Duels-3.5.2.jar//me.realized.duels.extension.ExtensionManager.handleLoad(ExtensionManager.java:84)
	at Duels-3.5.2.jar//me.realized.duels.DuelsPlugin.load(DuelsPlugin.java:242)
	at Duels-3.5.2.jar//me.realized.duels.DuelsPlugin.onEnable(DuelsPlugin.java:175)
	at org.bukkit.plugin.java.JavaPlugin.setEnabled(JavaPlugin.java:264)
	at org.bukkit.plugin.java.JavaPluginLoader.enablePlugin(JavaPluginLoader.java:370)
	at org.bukkit.plugin.SimplePluginManager.enablePlugin(SimplePluginManager.java:542)
	at org.bukkit.craftbukkit.v1_19_R1.CraftServer.enablePlugin()
	at org.bukkit.craftbukkit.v1_19_R1.CraftServer.enablePlugins()
	at net.minecraft.server.MinecraftServer.loadWorld0()
	at net.minecraft.server.MinecraftServer.loadLevel()
	at net.minecraft.server.dedicated.DedicatedServer.e()
	at net.minecraft.server.MinecraftServer.v()
	at net.minecraft.server.MinecraftServer.lambda$spin$2()
	at java.base/java.lang.Thread.run(Thread.java:833)
[22-10-25 10:36:21] [SEVERE] [ArenaRegen Extension] Could not load reset zone 'Farmland'!
java.lang.NullPointerException: worldName or world is null
	at me.realized.de.arenaregen.zone.Zone.<init>(Zone.java:185)
	at me.realized.de.arenaregen.zone.ZoneManager.<init>(ZoneManager.java:50)
	at me.realized.de.arenaregen.ArenaRegen.onEnable(ArenaRegen.java:37)
	at Duels-3.5.2.jar//me.realized.duels.api.extension.DuelsExtension.setEnabled(DuelsExtension.java:74)
	at Duels-3.5.2.jar//me.realized.duels.extension.ExtensionManager.handleLoad(ExtensionManager.java:84)
	at Duels-3.5.2.jar//me.realized.duels.DuelsPlugin.load(DuelsPlugin.java:242)
	at Duels-3.5.2.jar//me.realized.duels.DuelsPlugin.onEnable(DuelsPlugin.java:175)
	at org.bukkit.plugin.java.JavaPlugin.setEnabled(JavaPlugin.java:264)
	at org.bukkit.plugin.java.JavaPluginLoader.enablePlugin(JavaPluginLoader.java:370)
	at org.bukkit.plugin.SimplePluginManager.enablePlugin(SimplePluginManager.java:542)
	at org.bukkit.craftbukkit.v1_19_R1.CraftServer.enablePlugin()
	at org.bukkit.craftbukkit.v1_19_R1.CraftServer.enablePlugins()
	at net.minecraft.server.MinecraftServer.loadWorld0()
	at net.minecraft.server.MinecraftServer.loadLevel()
	at net.minecraft.server.dedicated.DedicatedServer.e()
	at net.minecraft.server.MinecraftServer.v()
	at net.minecraft.server.MinecraftServer.lambda$spin$2()
	at java.base/java.lang.Thread.run(Thread.java:833)
[22-10-25 10:36:21] [SEVERE] [ArenaRegen Extension] Could not load reset zone 'Lighthouse'!
java.lang.NullPointerException: worldName or world is null
	at me.realized.de.arenaregen.zone.Zone.<init>(Zone.java:185)
	at me.realized.de.arenaregen.zone.ZoneManager.<init>(ZoneManager.java:50)
	at me.realized.de.arenaregen.ArenaRegen.onEnable(ArenaRegen.java:37)
	at Duels-3.5.2.jar//me.realized.duels.api.extension.DuelsExtension.setEnabled(DuelsExtension.java:74)
	at Duels-3.5.2.jar//me.realized.duels.extension.ExtensionManager.handleLoad(ExtensionManager.java:84)
	at Duels-3.5.2.jar//me.realized.duels.DuelsPlugin.load(DuelsPlugin.java:242)
	at Duels-3.5.2.jar//me.realized.duels.DuelsPlugin.onEnable(DuelsPlugin.java:175)
	at org.bukkit.plugin.java.JavaPlugin.setEnabled(JavaPlugin.java:264)
	at org.bukkit.plugin.java.JavaPluginLoader.enablePlugin(JavaPluginLoader.java:370)
	at org.bukkit.plugin.SimplePluginManager.enablePlugin(SimplePluginManager.java:542)
	at org.bukkit.craftbukkit.v1_19_R1.CraftServer.enablePlugin()
	at org.bukkit.craftbukkit.v1_19_R1.CraftServer.enablePlugins()
	at net.minecraft.server.MinecraftServer.loadWorld0()
	at net.minecraft.server.MinecraftServer.loadLevel()
	at net.minecraft.server.dedicated.DedicatedServer.e()
	at net.minecraft.server.MinecraftServer.v()
	at net.minecraft.server.MinecraftServer.lambda$spin$2()
	at java.base/java.lang.Thread.run(Thread.java:833)
[22-10-25 10:36:21] [SEVERE] [ArenaRegen Extension] Could not load reset zone 'Mansion'!
java.lang.NullPointerException: worldName or world is null
	at me.realized.de.arenaregen.zone.Zone.<init>(Zone.java:185)
	at me.realized.de.arenaregen.zone.ZoneManager.<init>(ZoneManager.java:50)
	at me.realized.de.arenaregen.ArenaRegen.onEnable(ArenaRegen.java:37)
	at Duels-3.5.2.jar//me.realized.duels.api.extension.DuelsExtension.setEnabled(DuelsExtension.java:74)
	at Duels-3.5.2.jar//me.realized.duels.extension.ExtensionManager.handleLoad(ExtensionManager.java:84)
	at Duels-3.5.2.jar//me.realized.duels.DuelsPlugin.load(DuelsPlugin.java:242)
	at Duels-3.5.2.jar//me.realized.duels.DuelsPlugin.onEnable(DuelsPlugin.java:175)
	at org.bukkit.plugin.java.JavaPlugin.setEnabled(JavaPlugin.java:264)
	at org.bukkit.plugin.java.JavaPluginLoader.enablePlugin(JavaPluginLoader.java:370)
	at org.bukkit.plugin.SimplePluginManager.enablePlugin(SimplePluginManager.java:542)
	at org.bukkit.craftbukkit.v1_19_R1.CraftServer.enablePlugin()
	at org.bukkit.craftbukkit.v1_19_R1.CraftServer.enablePlugins()
	at net.minecraft.server.MinecraftServer.loadWorld0()
	at net.minecraft.server.MinecraftServer.loadLevel()
	at net.minecraft.server.dedicated.DedicatedServer.e()
	at net.minecraft.server.MinecraftServer.v()
	at net.minecraft.server.MinecraftServer.lambda$spin$2()
	at java.base/java.lang.Thread.run(Thread.java:833)
[22-10-25 10:36:21] [SEVERE] [ArenaRegen Extension] Could not load reset zone 'Temple'!
java.lang.NullPointerException: worldName or world is null
	at me.realized.de.arenaregen.zone.Zone.<init>(Zone.java:185)
	at me.realized.de.arenaregen.zone.ZoneManager.<init>(ZoneManager.java:50)
	at me.realized.de.arenaregen.ArenaRegen.onEnable(ArenaRegen.java:37)
	at Duels-3.5.2.jar//me.realized.duels.api.extension.DuelsExtension.setEnabled(DuelsExtension.java:74)
	at Duels-3.5.2.jar//me.realized.duels.extension.ExtensionManager.handleLoad(ExtensionManager.java:84)
	at Duels-3.5.2.jar//me.realized.duels.DuelsPlugin.load(DuelsPlugin.java:242)
	at Duels-3.5.2.jar//me.realized.duels.DuelsPlugin.onEnable(DuelsPlugin.java:175)
	at org.bukkit.plugin.java.JavaPlugin.setEnabled(JavaPlugin.java:264)
	at org.bukkit.plugin.java.JavaPluginLoader.enablePlugin(JavaPluginLoader.java:370)
	at org.bukkit.plugin.SimplePluginManager.enablePlugin(SimplePluginManager.java:542)
	at org.bukkit.craftbukkit.v1_19_R1.CraftServer.enablePlugin()
	at org.bukkit.craftbukkit.v1_19_R1.CraftServer.enablePlugins()
	at net.minecraft.server.MinecraftServer.loadWorld0()
	at net.minecraft.server.MinecraftServer.loadLevel()
	at net.minecraft.server.dedicated.DedicatedServer.e()
	at net.minecraft.server.MinecraftServer.v()
	at net.minecraft.server.MinecraftServer.lambda$spin$2()
	at java.base/java.lang.Thread.run(Thread.java:833)
[22-10-25 10:36:21] [INFO] ExtensionManager: Extension 'ArenaRegen 1.2.0' is now enabled.
[22-10-25 10:36:21] [INFO] [DEBUG] ExtensionManager has been loaded. (took 73ms)
[22-10-25 10:36:23] [INFO] Hooked into DeluxeCombat!
[22-10-25 10:36:23] [INFO] No updates were available. You are on the latest version!
[22-10-25 23:59:50] [INFO] [DEBUG] onDisable start -> 1666742390393

[22-10-25 23:59:50] [INFO] [DEBUG] Starting unload of ExtensionManager at 1666742390397
[22-10-25 23:59:50] [INFO] ExtensionManager: Extension 'ArenaRegen' is now disabled.
[22-10-25 23:59:50] [INFO] [DEBUG] ExtensionManager has been unloaded. (took 1ms)
[22-10-25 23:59:50] [INFO] [DEBUG] Starting unload of Teleport at 1666742390398
[22-10-25 23:59:50] [INFO] [DEBUG] Teleport has been unloaded. (took 0ms)
[22-10-25 23:59:50] [INFO] [DEBUG] Starting unload of RequestManager at 1666742390398
[22-10-25 23:59:50] [INFO] [DEBUG] RequestManager has been unloaded. (took 0ms)
[22-10-25 23:59:50] [INFO] [DEBUG] Starting unload of QueueSignManagerImpl at 1666742390398
[22-10-25 23:59:50] [INFO] [DEBUG] QueueSignManagerImpl has been unloaded. (took 0ms)
[22-10-25 23:59:50] [INFO] [DEBUG] Starting unload of QueueManager at 1666742390398
[22-10-25 23:59:50] [INFO] [DEBUG] QueueManager has been unloaded. (took 0ms)
[22-10-25 23:59:50] [INFO] [DEBUG] Starting unload of DuelManager at 1666742390398
[22-10-25 23:59:50] [INFO] [DEBUG] DuelManager has been unloaded. (took 0ms)
[22-10-25 23:59:50] [INFO] [DEBUG] Starting unload of InventoryManager at 1666742390398
[22-10-25 23:59:50] [INFO] [DEBUG] InventoryManager has been unloaded. (took 0ms)
[22-10-25 23:59:50] [INFO] [DEBUG] Starting unload of BettingManager at 1666742390398
[22-10-25 23:59:50] [INFO] [DEBUG] BettingManager has been unloaded. (took 0ms)
[22-10-25 23:59:50] [INFO] [DEBUG] Starting unload of SpectateManagerImpl at 1666742390398
[22-10-25 23:59:50] [INFO] [DEBUG] SpectateManagerImpl has been unloaded. (took 0ms)
[22-10-25 23:59:50] [INFO] [DEBUG] Starting unload of PlayerInfoManager at 1666742390398
[22-10-25 23:59:50] [INFO] [DEBUG] PlayerInfoManager has been unloaded. (took 1ms)
[22-10-25 23:59:50] [INFO] [DEBUG] Starting unload of SettingsManager at 1666742390399
[22-10-25 23:59:50] [INFO] [DEBUG] SettingsManager has been unloaded. (took 0ms)
[22-10-25 23:59:50] [INFO] [DEBUG] Starting unload of ArenaManagerImpl at 1666742390399
[22-10-25 23:59:50] [INFO] [DEBUG] ArenaManagerImpl has been unloaded. (took 0ms)
[22-10-25 23:59:50] [INFO] [DEBUG] Starting unload of KitManagerImpl at 1666742390399
[22-10-25 23:59:50] [INFO] [DEBUG] KitManagerImpl has been unloaded. (took 0ms)
[22-10-25 23:59:50] [INFO] [DEBUG] Starting unload of GuiListener at 1666742390399
[22-10-25 23:59:50] [INFO] [DEBUG] GuiListener has been unloaded. (took 0ms)
[22-10-25 23:59:50] [INFO] [DEBUG] Starting unload of UserManagerImpl at 1666742390399
[22-10-25 23:59:50] [INFO] [DEBUG] UserManagerImpl has been unloaded. (took 0ms)
[22-10-25 23:59:50] [INFO] [DEBUG] Starting unload of Lang at 1666742390399
[22-10-25 23:59:50] [INFO] [DEBUG] Lang has been unloaded. (took 0ms)
[22-10-25 23:59:50] [INFO] [DEBUG] Starting unload of Config at 1666742390399
[22-10-25 23:59:50] [INFO] [DEBUG] Config has been unloaded. (took 0ms)
[22-10-25 23:59:50] [INFO] [DEBUG] unload done (took 6ms)
[22-10-25 23:59:50] [INFO] [DEBUG] Log#clearSources done (took 0ms)
