[22-10-17 09:02:45] [INFO] [DEBUG] onEnable start -> 1665997365489

[22-10-17 09:02:45] [INFO] Using Economy Provider: com.earth2me.essentials.economy.vault.VaultEconomyProvider
[22-10-17 09:02:45] [INFO] [DEBUG] Starting load of Config at 1665997365527
[22-10-17 09:02:45] [INFO] [DEBUG] Config has been loaded. (took 11ms)
[22-10-17 09:02:45] [INFO] [DEBUG] Starting load of Lang at 1665997365538
[22-10-17 09:02:45] [INFO] [DEBUG] Lang has been loaded. (took 10ms)
[22-10-17 09:02:45] [INFO] [DEBUG] Starting load of UserManagerImpl at 1665997365548
[22-10-17 09:02:45] [INFO] [DEBUG] UserManagerImpl has been loaded. (took 1ms)
[22-10-17 09:02:45] [INFO] [DEBUG] Starting load of GuiListener at 1665997365549
[22-10-17 09:02:45] [INFO] [DEBUG] GuiListener has been loaded. (took 0ms)
[22-10-17 09:02:45] [INFO] [DEBUG] Starting load of KitManagerImpl at 1665997365549
[22-10-17 09:02:45] [INFO] KitManagerImpl: Loaded 2 kit(s).
[22-10-17 09:02:45] [INFO] [DEBUG] KitManagerImpl has been loaded. (took 75ms)
[22-10-17 09:02:45] [INFO] [DEBUG] Starting load of ArenaManagerImpl at 1665997365624
[22-10-17 09:02:45] [INFO] ArenaManagerImpl: Loaded 5 arena(s).
[22-10-17 09:02:45] [INFO] [DEBUG] ArenaManagerImpl has been loaded. (took 7ms)
[22-10-17 09:02:45] [INFO] [DEBUG] Starting load of SettingsManager at 1665997365632
[22-10-17 09:02:45] [INFO] [DEBUG] SettingsManager has been loaded. (took 0ms)
[22-10-17 09:02:45] [INFO] [DEBUG] Starting load of PlayerInfoManager at 1665997365632
[22-10-17 09:02:45] [INFO] [DEBUG] PlayerInfoManager has been loaded. (took 0ms)
[22-10-17 09:02:45] [INFO] [DEBUG] Starting load of SpectateManagerImpl at 1665997365632
[22-10-17 09:02:45] [INFO] [DEBUG] SpectateManagerImpl has been loaded. (took 0ms)
[22-10-17 09:02:45] [INFO] [DEBUG] Starting load of BettingManager at 1665997365632
[22-10-17 09:02:45] [INFO] [DEBUG] BettingManager has been loaded. (took 0ms)
[22-10-17 09:02:45] [INFO] [DEBUG] Starting load of InventoryManager at 1665997365632
[22-10-17 09:02:45] [INFO] [DEBUG] InventoryManager has been loaded. (took 0ms)
[22-10-17 09:02:45] [INFO] [DEBUG] Starting load of DuelManager at 1665997365632
[22-10-17 09:02:45] [INFO] [DEBUG] DuelManager has been loaded. (took 0ms)
[22-10-17 09:02:45] [INFO] [DEBUG] Starting load of QueueManager at 1665997365632
[22-10-17 09:02:45] [INFO] QueueManager: Loaded 0 queue(s).
[22-10-17 09:02:45] [INFO] [DEBUG] QueueManager has been loaded. (took 1ms)
[22-10-17 09:02:45] [INFO] [DEBUG] Starting load of QueueSignManagerImpl at 1665997365633
[22-10-17 09:02:45] [INFO] QueueSignManagerImpl: Loaded 0 queue sign(s).
[22-10-17 09:02:45] [INFO] [DEBUG] QueueSignManagerImpl has been loaded. (took 0ms)
[22-10-17 09:02:45] [INFO] [DEBUG] Starting load of RequestManager at 1665997365633
[22-10-17 09:02:45] [INFO] [DEBUG] RequestManager has been loaded. (took 0ms)
[22-10-17 09:02:45] [INFO] [DEBUG] Starting load of Teleport at 1665997365633
[22-10-17 09:02:45] [INFO] [DEBUG] Teleport has been loaded. (took 1ms)
[22-10-17 09:02:45] [INFO] [DEBUG] Starting load of ExtensionManager at 1665997365634
[22-10-17 09:02:45] [INFO] [ArenaRegen Extension] NMSHandler: Using me.realized.de.arenaregen.nms.fallback.NMSHandler
[22-10-17 09:02:45] [SEVERE] [ArenaRegen Extension] Could not load reset zone 'China'!
java.lang.NullPointerException: worldName or world is null
	at me.realized.de.arenaregen.zone.Zone.<init>(Zone.java:185)
	at me.realized.de.arenaregen.zone.ZoneManager.<init>(ZoneManager.java:50)
	at me.realized.de.arenaregen.ArenaRegen.onEnable(ArenaRegen.java:37)
	at Duels-3.5.2.jar//me.realized.duels.api.extension.DuelsExtension.setEnabled(DuelsExtension.java:74)
	at Duels-3.5.2.jar//me.realized.duels.extension.ExtensionManager.handleLoad(ExtensionManager.java:84)
	at Duels-3.5.2.jar//me.realized.duels.DuelsPlugin.load(DuelsPlugin.java:242)
	at Duels-3.5.2.jar//me.realized.duels.DuelsPlugin.onEnable(DuelsPlugin.java:175)
	at org.bukkit.plugin.java.JavaPlugin.setEnabled(JavaPlugin.java:264)
	at org.bukkit.plugin.java.JavaPluginLoader.enablePlugin(JavaPluginLoader.java:370)
	at org.bukkit.plugin.SimplePluginManager.enablePlugin(SimplePluginManager.java:542)
	at org.bukkit.craftbukkit.v1_19_R1.CraftServer.enablePlugin()
	at org.bukkit.craftbukkit.v1_19_R1.CraftServer.enablePlugins()
	at net.minecraft.server.MinecraftServer.loadWorld0()
	at net.minecraft.server.MinecraftServer.loadLevel()
	at net.minecraft.server.dedicated.DedicatedServer.e()
	at net.minecraft.server.MinecraftServer.v()
	at net.minecraft.server.MinecraftServer.lambda$spin$2()
	at java.base/java.lang.Thread.run(Thread.java:833)
[22-10-17 09:02:45] [SEVERE] [ArenaRegen Extension] Could not load reset zone 'Farmland'!
java.lang.NullPointerException: worldName or world is null
	at me.realized.de.arenaregen.zone.Zone.<init>(Zone.java:185)
	at me.realized.de.arenaregen.zone.ZoneManager.<init>(ZoneManager.java:50)
	at me.realized.de.arenaregen.ArenaRegen.onEnable(ArenaRegen.java:37)
	at Duels-3.5.2.jar//me.realized.duels.api.extension.DuelsExtension.setEnabled(DuelsExtension.java:74)
	at Duels-3.5.2.jar//me.realized.duels.extension.ExtensionManager.handleLoad(ExtensionManager.java:84)
	at Duels-3.5.2.jar//me.realized.duels.DuelsPlugin.load(DuelsPlugin.java:242)
	at Duels-3.5.2.jar//me.realized.duels.DuelsPlugin.onEnable(DuelsPlugin.java:175)
	at org.bukkit.plugin.java.JavaPlugin.setEnabled(JavaPlugin.java:264)
	at org.bukkit.plugin.java.JavaPluginLoader.enablePlugin(JavaPluginLoader.java:370)
	at org.bukkit.plugin.SimplePluginManager.enablePlugin(SimplePluginManager.java:542)
	at org.bukkit.craftbukkit.v1_19_R1.CraftServer.enablePlugin()
	at org.bukkit.craftbukkit.v1_19_R1.CraftServer.enablePlugins()
	at net.minecraft.server.MinecraftServer.loadWorld0()
	at net.minecraft.server.MinecraftServer.loadLevel()
	at net.minecraft.server.dedicated.DedicatedServer.e()
	at net.minecraft.server.MinecraftServer.v()
	at net.minecraft.server.MinecraftServer.lambda$spin$2()
	at java.base/java.lang.Thread.run(Thread.java:833)
[22-10-17 09:02:45] [SEVERE] [ArenaRegen Extension] Could not load reset zone 'Lighthouse'!
java.lang.NullPointerException: worldName or world is null
	at me.realized.de.arenaregen.zone.Zone.<init>(Zone.java:185)
	at me.realized.de.arenaregen.zone.ZoneManager.<init>(ZoneManager.java:50)
	at me.realized.de.arenaregen.ArenaRegen.onEnable(ArenaRegen.java:37)
	at Duels-3.5.2.jar//me.realized.duels.api.extension.DuelsExtension.setEnabled(DuelsExtension.java:74)
	at Duels-3.5.2.jar//me.realized.duels.extension.ExtensionManager.handleLoad(ExtensionManager.java:84)
	at Duels-3.5.2.jar//me.realized.duels.DuelsPlugin.load(DuelsPlugin.java:242)
	at Duels-3.5.2.jar//me.realized.duels.DuelsPlugin.onEnable(DuelsPlugin.java:175)
	at org.bukkit.plugin.java.JavaPlugin.setEnabled(JavaPlugin.java:264)
	at org.bukkit.plugin.java.JavaPluginLoader.enablePlugin(JavaPluginLoader.java:370)
	at org.bukkit.plugin.SimplePluginManager.enablePlugin(SimplePluginManager.java:542)
	at org.bukkit.craftbukkit.v1_19_R1.CraftServer.enablePlugin()
	at org.bukkit.craftbukkit.v1_19_R1.CraftServer.enablePlugins()
	at net.minecraft.server.MinecraftServer.loadWorld0()
	at net.minecraft.server.MinecraftServer.loadLevel()
	at net.minecraft.server.dedicated.DedicatedServer.e()
	at net.minecraft.server.MinecraftServer.v()
	at net.minecraft.server.MinecraftServer.lambda$spin$2()
	at java.base/java.lang.Thread.run(Thread.java:833)
[22-10-17 09:02:45] [SEVERE] [ArenaRegen Extension] Could not load reset zone 'Mansion'!
java.lang.NullPointerException: worldName or world is null
	at me.realized.de.arenaregen.zone.Zone.<init>(Zone.java:185)
	at me.realized.de.arenaregen.zone.ZoneManager.<init>(ZoneManager.java:50)
	at me.realized.de.arenaregen.ArenaRegen.onEnable(ArenaRegen.java:37)
	at Duels-3.5.2.jar//me.realized.duels.api.extension.DuelsExtension.setEnabled(DuelsExtension.java:74)
	at Duels-3.5.2.jar//me.realized.duels.extension.ExtensionManager.handleLoad(ExtensionManager.java:84)
	at Duels-3.5.2.jar//me.realized.duels.DuelsPlugin.load(DuelsPlugin.java:242)
	at Duels-3.5.2.jar//me.realized.duels.DuelsPlugin.onEnable(DuelsPlugin.java:175)
	at org.bukkit.plugin.java.JavaPlugin.setEnabled(JavaPlugin.java:264)
	at org.bukkit.plugin.java.JavaPluginLoader.enablePlugin(JavaPluginLoader.java:370)
	at org.bukkit.plugin.SimplePluginManager.enablePlugin(SimplePluginManager.java:542)
	at org.bukkit.craftbukkit.v1_19_R1.CraftServer.enablePlugin()
	at org.bukkit.craftbukkit.v1_19_R1.CraftServer.enablePlugins()
	at net.minecraft.server.MinecraftServer.loadWorld0()
	at net.minecraft.server.MinecraftServer.loadLevel()
	at net.minecraft.server.dedicated.DedicatedServer.e()
	at net.minecraft.server.MinecraftServer.v()
	at net.minecraft.server.MinecraftServer.lambda$spin$2()
	at java.base/java.lang.Thread.run(Thread.java:833)
[22-10-17 09:02:45] [SEVERE] [ArenaRegen Extension] Could not load reset zone 'Temple'!
java.lang.NullPointerException: worldName or world is null
	at me.realized.de.arenaregen.zone.Zone.<init>(Zone.java:185)
	at me.realized.de.arenaregen.zone.ZoneManager.<init>(ZoneManager.java:50)
	at me.realized.de.arenaregen.ArenaRegen.onEnable(ArenaRegen.java:37)
	at Duels-3.5.2.jar//me.realized.duels.api.extension.DuelsExtension.setEnabled(DuelsExtension.java:74)
	at Duels-3.5.2.jar//me.realized.duels.extension.ExtensionManager.handleLoad(ExtensionManager.java:84)
	at Duels-3.5.2.jar//me.realized.duels.DuelsPlugin.load(DuelsPlugin.java:242)
	at Duels-3.5.2.jar//me.realized.duels.DuelsPlugin.onEnable(DuelsPlugin.java:175)
	at org.bukkit.plugin.java.JavaPlugin.setEnabled(JavaPlugin.java:264)
	at org.bukkit.plugin.java.JavaPluginLoader.enablePlugin(JavaPluginLoader.java:370)
	at org.bukkit.plugin.SimplePluginManager.enablePlugin(SimplePluginManager.java:542)
	at org.bukkit.craftbukkit.v1_19_R1.CraftServer.enablePlugin()
	at org.bukkit.craftbukkit.v1_19_R1.CraftServer.enablePlugins()
	at net.minecraft.server.MinecraftServer.loadWorld0()
	at net.minecraft.server.MinecraftServer.loadLevel()
	at net.minecraft.server.dedicated.DedicatedServer.e()
	at net.minecraft.server.MinecraftServer.v()
	at net.minecraft.server.MinecraftServer.lambda$spin$2()
	at java.base/java.lang.Thread.run(Thread.java:833)
[22-10-17 09:02:45] [INFO] ExtensionManager: Extension 'ArenaRegen 1.2.0' is now enabled.
[22-10-17 09:02:45] [INFO] [DEBUG] ExtensionManager has been loaded. (took 73ms)
[22-10-17 09:02:46] [INFO] Hooked into DeluxeCombat!
[22-10-17 09:02:46] [INFO] No updates were available. You are on the latest version!
[22-10-18 18:59:50] [INFO] [DEBUG] onDisable start -> 1666119590299

[22-10-18 18:59:50] [INFO] [DEBUG] Starting unload of ExtensionManager at 1666119590300
[22-10-18 18:59:50] [INFO] ExtensionManager: Extension 'ArenaRegen' is now disabled.
[22-10-18 18:59:50] [INFO] [DEBUG] ExtensionManager has been unloaded. (took 0ms)
[22-10-18 18:59:50] [INFO] [DEBUG] Starting unload of Teleport at 1666119590300
[22-10-18 18:59:50] [INFO] [DEBUG] Teleport has been unloaded. (took 0ms)
[22-10-18 18:59:50] [INFO] [DEBUG] Starting unload of RequestManager at 1666119590300
[22-10-18 18:59:50] [INFO] [DEBUG] RequestManager has been unloaded. (took 0ms)
[22-10-18 18:59:50] [INFO] [DEBUG] Starting unload of QueueSignManagerImpl at 1666119590300
[22-10-18 18:59:50] [INFO] [DEBUG] QueueSignManagerImpl has been unloaded. (took 0ms)
[22-10-18 18:59:50] [INFO] [DEBUG] Starting unload of QueueManager at 1666119590300
[22-10-18 18:59:50] [INFO] [DEBUG] QueueManager has been unloaded. (took 1ms)
[22-10-18 18:59:50] [INFO] [DEBUG] Starting unload of DuelManager at 1666119590301
[22-10-18 18:59:50] [INFO] [DEBUG] DuelManager has been unloaded. (took 0ms)
[22-10-18 18:59:50] [INFO] [DEBUG] Starting unload of InventoryManager at 1666119590301
[22-10-18 18:59:50] [INFO] [DEBUG] InventoryManager has been unloaded. (took 0ms)
[22-10-18 18:59:50] [INFO] [DEBUG] Starting unload of BettingManager at 1666119590301
[22-10-18 18:59:50] [INFO] [DEBUG] BettingManager has been unloaded. (took 0ms)
[22-10-18 18:59:50] [INFO] [DEBUG] Starting unload of SpectateManagerImpl at 1666119590301
[22-10-18 18:59:50] [INFO] [DEBUG] SpectateManagerImpl has been unloaded. (took 0ms)
[22-10-18 18:59:50] [INFO] [DEBUG] Starting unload of PlayerInfoManager at 1666119590301
[22-10-18 18:59:50] [INFO] [DEBUG] PlayerInfoManager has been unloaded. (took 0ms)
[22-10-18 18:59:50] [INFO] [DEBUG] Starting unload of SettingsManager at 1666119590301
[22-10-18 18:59:50] [INFO] [DEBUG] SettingsManager has been unloaded. (took 0ms)
[22-10-18 18:59:50] [INFO] [DEBUG] Starting unload of ArenaManagerImpl at 1666119590301
[22-10-18 18:59:50] [INFO] [DEBUG] ArenaManagerImpl has been unloaded. (took 0ms)
[22-10-18 18:59:50] [INFO] [DEBUG] Starting unload of KitManagerImpl at 1666119590301
[22-10-18 18:59:50] [INFO] [DEBUG] KitManagerImpl has been unloaded. (took 0ms)
[22-10-18 18:59:50] [INFO] [DEBUG] Starting unload of GuiListener at 1666119590301
[22-10-18 18:59:50] [INFO] [DEBUG] GuiListener has been unloaded. (took 0ms)
[22-10-18 18:59:50] [INFO] [DEBUG] Starting unload of UserManagerImpl at 1666119590301
[22-10-18 18:59:50] [INFO] [DEBUG] UserManagerImpl has been unloaded. (took 0ms)
[22-10-18 18:59:50] [INFO] [DEBUG] Starting unload of Lang at 1666119590301
[22-10-18 18:59:50] [INFO] [DEBUG] Lang has been unloaded. (took 0ms)
[22-10-18 18:59:50] [INFO] [DEBUG] Starting unload of Config at 1666119590301
[22-10-18 18:59:50] [INFO] [DEBUG] Config has been unloaded. (took 0ms)
[22-10-18 18:59:50] [INFO] [DEBUG] unload done (took 2ms)
[22-10-18 18:59:50] [INFO] [DEBUG] Log#clearSources done (took 0ms)
