[22-10-01 03:25:26] [INFO] [DEBUG] onEnable start -> 1664594726043

[22-10-01 03:25:26] [INFO] Using Economy Provider: com.earth2me.essentials.economy.vault.VaultEconomyProvider
[22-10-01 03:25:26] [INFO] [DEBUG] Starting load of Config at 1664594726080
[22-10-01 03:25:26] [INFO] [DEBUG] Config has been loaded. (took 12ms)
[22-10-01 03:25:26] [INFO] [DEBUG] Starting load of Lang at 1664594726092
[22-10-01 03:25:26] [INFO] [DEBUG] Lang has been loaded. (took 9ms)
[22-10-01 03:25:26] [INFO] [DEBUG] Starting load of UserManagerImpl at 1664594726101
[22-10-01 03:25:26] [INFO] [DEBUG] UserManagerImpl has been loaded. (took 1ms)
[22-10-01 03:25:26] [INFO] [DEBUG] Starting load of GuiListener at 1664594726102
[22-10-01 03:25:26] [INFO] [DEBUG] GuiListener has been loaded. (took 0ms)
[22-10-01 03:25:26] [INFO] [DEBUG] Starting load of KitManagerImpl at 1664594726102
[22-10-01 03:25:26] [INFO] KitManagerImpl: Loaded 2 kit(s).
[22-10-01 03:25:26] [INFO] [DEBUG] KitManagerImpl has been loaded. (took 187ms)
[22-10-01 03:25:26] [INFO] [DEBUG] Starting load of ArenaManagerImpl at 1664594726289
[22-10-01 03:25:26] [INFO] ArenaManagerImpl: Loaded 5 arena(s).
[22-10-01 03:25:26] [INFO] [DEBUG] ArenaManagerImpl has been loaded. (took 19ms)
[22-10-01 03:25:26] [INFO] [DEBUG] Starting load of SettingsManager at 1664594726308
[22-10-01 03:25:26] [INFO] [DEBUG] SettingsManager has been loaded. (took 0ms)
[22-10-01 03:25:26] [INFO] [DEBUG] Starting load of PlayerInfoManager at 1664594726309
[22-10-01 03:25:26] [INFO] [DEBUG] PlayerInfoManager has been loaded. (took 0ms)
[22-10-01 03:25:26] [INFO] [DEBUG] Starting load of SpectateManagerImpl at 1664594726309
[22-10-01 03:25:26] [INFO] [DEBUG] SpectateManagerImpl has been loaded. (took 0ms)
[22-10-01 03:25:26] [INFO] [DEBUG] Starting load of BettingManager at 1664594726309
[22-10-01 03:25:26] [INFO] [DEBUG] BettingManager has been loaded. (took 0ms)
[22-10-01 03:25:26] [INFO] [DEBUG] Starting load of InventoryManager at 1664594726309
[22-10-01 03:25:26] [INFO] [DEBUG] InventoryManager has been loaded. (took 8ms)
[22-10-01 03:25:26] [INFO] [DEBUG] Starting load of DuelManager at 1664594726317
[22-10-01 03:25:26] [INFO] [DEBUG] DuelManager has been loaded. (took 0ms)
[22-10-01 03:25:26] [INFO] [DEBUG] Starting load of QueueManager at 1664594726318
[22-10-01 03:25:26] [INFO] QueueManager: Loaded 0 queue(s).
[22-10-01 03:25:26] [INFO] [DEBUG] QueueManager has been loaded. (took 1ms)
[22-10-01 03:25:26] [INFO] [DEBUG] Starting load of QueueSignManagerImpl at 1664594726319
[22-10-01 03:25:26] [INFO] QueueSignManagerImpl: Loaded 0 queue sign(s).
[22-10-01 03:25:26] [INFO] [DEBUG] QueueSignManagerImpl has been loaded. (took 0ms)
[22-10-01 03:25:26] [INFO] [DEBUG] Starting load of RequestManager at 1664594726326
[22-10-01 03:25:26] [INFO] [DEBUG] RequestManager has been loaded. (took 0ms)
[22-10-01 03:25:26] [INFO] [DEBUG] Starting load of Teleport at 1664594726326
[22-10-01 03:25:26] [INFO] [DEBUG] Teleport has been loaded. (took 0ms)
[22-10-01 03:25:26] [INFO] [DEBUG] Starting load of ExtensionManager at 1664594726326
[22-10-01 03:25:26] [INFO] [ArenaRegen Extension] NMSHandler: Using me.realized.de.arenaregen.nms.fallback.NMSHandler
[22-10-01 03:25:26] [SEVERE] [ArenaRegen Extension] Could not load reset zone 'China'!
java.lang.NullPointerException: worldName or world is null
	at me.realized.de.arenaregen.zone.Zone.<init>(Zone.java:185)
	at me.realized.de.arenaregen.zone.ZoneManager.<init>(ZoneManager.java:50)
	at me.realized.de.arenaregen.ArenaRegen.onEnable(ArenaRegen.java:37)
	at Duels-3.5.2.jar//me.realized.duels.api.extension.DuelsExtension.setEnabled(DuelsExtension.java:74)
	at Duels-3.5.2.jar//me.realized.duels.extension.ExtensionManager.handleLoad(ExtensionManager.java:84)
	at Duels-3.5.2.jar//me.realized.duels.DuelsPlugin.load(DuelsPlugin.java:242)
	at Duels-3.5.2.jar//me.realized.duels.DuelsPlugin.onEnable(DuelsPlugin.java:175)
	at org.bukkit.plugin.java.JavaPlugin.setEnabled(JavaPlugin.java:264)
	at org.bukkit.plugin.java.JavaPluginLoader.enablePlugin(JavaPluginLoader.java:370)
	at org.bukkit.plugin.SimplePluginManager.enablePlugin(SimplePluginManager.java:542)
	at org.bukkit.craftbukkit.v1_19_R1.CraftServer.enablePlugin()
	at org.bukkit.craftbukkit.v1_19_R1.CraftServer.enablePlugins()
	at net.minecraft.server.MinecraftServer.loadWorld0()
	at net.minecraft.server.MinecraftServer.loadLevel()
	at net.minecraft.server.dedicated.DedicatedServer.e()
	at net.minecraft.server.MinecraftServer.v()
	at net.minecraft.server.MinecraftServer.lambda$spin$2()
	at java.base/java.lang.Thread.run(Thread.java:833)
[22-10-01 03:25:26] [SEVERE] [ArenaRegen Extension] Could not load reset zone 'Farmland'!
java.lang.NullPointerException: worldName or world is null
	at me.realized.de.arenaregen.zone.Zone.<init>(Zone.java:185)
	at me.realized.de.arenaregen.zone.ZoneManager.<init>(ZoneManager.java:50)
	at me.realized.de.arenaregen.ArenaRegen.onEnable(ArenaRegen.java:37)
	at Duels-3.5.2.jar//me.realized.duels.api.extension.DuelsExtension.setEnabled(DuelsExtension.java:74)
	at Duels-3.5.2.jar//me.realized.duels.extension.ExtensionManager.handleLoad(ExtensionManager.java:84)
	at Duels-3.5.2.jar//me.realized.duels.DuelsPlugin.load(DuelsPlugin.java:242)
	at Duels-3.5.2.jar//me.realized.duels.DuelsPlugin.onEnable(DuelsPlugin.java:175)
	at org.bukkit.plugin.java.JavaPlugin.setEnabled(JavaPlugin.java:264)
	at org.bukkit.plugin.java.JavaPluginLoader.enablePlugin(JavaPluginLoader.java:370)
	at org.bukkit.plugin.SimplePluginManager.enablePlugin(SimplePluginManager.java:542)
	at org.bukkit.craftbukkit.v1_19_R1.CraftServer.enablePlugin()
	at org.bukkit.craftbukkit.v1_19_R1.CraftServer.enablePlugins()
	at net.minecraft.server.MinecraftServer.loadWorld0()
	at net.minecraft.server.MinecraftServer.loadLevel()
	at net.minecraft.server.dedicated.DedicatedServer.e()
	at net.minecraft.server.MinecraftServer.v()
	at net.minecraft.server.MinecraftServer.lambda$spin$2()
	at java.base/java.lang.Thread.run(Thread.java:833)
[22-10-01 03:25:26] [SEVERE] [ArenaRegen Extension] Could not load reset zone 'Lighthouse'!
java.lang.NullPointerException: worldName or world is null
	at me.realized.de.arenaregen.zone.Zone.<init>(Zone.java:185)
	at me.realized.de.arenaregen.zone.ZoneManager.<init>(ZoneManager.java:50)
	at me.realized.de.arenaregen.ArenaRegen.onEnable(ArenaRegen.java:37)
	at Duels-3.5.2.jar//me.realized.duels.api.extension.DuelsExtension.setEnabled(DuelsExtension.java:74)
	at Duels-3.5.2.jar//me.realized.duels.extension.ExtensionManager.handleLoad(ExtensionManager.java:84)
	at Duels-3.5.2.jar//me.realized.duels.DuelsPlugin.load(DuelsPlugin.java:242)
	at Duels-3.5.2.jar//me.realized.duels.DuelsPlugin.onEnable(DuelsPlugin.java:175)
	at org.bukkit.plugin.java.JavaPlugin.setEnabled(JavaPlugin.java:264)
	at org.bukkit.plugin.java.JavaPluginLoader.enablePlugin(JavaPluginLoader.java:370)
	at org.bukkit.plugin.SimplePluginManager.enablePlugin(SimplePluginManager.java:542)
	at org.bukkit.craftbukkit.v1_19_R1.CraftServer.enablePlugin()
	at org.bukkit.craftbukkit.v1_19_R1.CraftServer.enablePlugins()
	at net.minecraft.server.MinecraftServer.loadWorld0()
	at net.minecraft.server.MinecraftServer.loadLevel()
	at net.minecraft.server.dedicated.DedicatedServer.e()
	at net.minecraft.server.MinecraftServer.v()
	at net.minecraft.server.MinecraftServer.lambda$spin$2()
	at java.base/java.lang.Thread.run(Thread.java:833)
[22-10-01 03:25:26] [SEVERE] [ArenaRegen Extension] Could not load reset zone 'Mansion'!
java.lang.NullPointerException: worldName or world is null
	at me.realized.de.arenaregen.zone.Zone.<init>(Zone.java:185)
	at me.realized.de.arenaregen.zone.ZoneManager.<init>(ZoneManager.java:50)
	at me.realized.de.arenaregen.ArenaRegen.onEnable(ArenaRegen.java:37)
	at Duels-3.5.2.jar//me.realized.duels.api.extension.DuelsExtension.setEnabled(DuelsExtension.java:74)
	at Duels-3.5.2.jar//me.realized.duels.extension.ExtensionManager.handleLoad(ExtensionManager.java:84)
	at Duels-3.5.2.jar//me.realized.duels.DuelsPlugin.load(DuelsPlugin.java:242)
	at Duels-3.5.2.jar//me.realized.duels.DuelsPlugin.onEnable(DuelsPlugin.java:175)
	at org.bukkit.plugin.java.JavaPlugin.setEnabled(JavaPlugin.java:264)
	at org.bukkit.plugin.java.JavaPluginLoader.enablePlugin(JavaPluginLoader.java:370)
	at org.bukkit.plugin.SimplePluginManager.enablePlugin(SimplePluginManager.java:542)
	at org.bukkit.craftbukkit.v1_19_R1.CraftServer.enablePlugin()
	at org.bukkit.craftbukkit.v1_19_R1.CraftServer.enablePlugins()
	at net.minecraft.server.MinecraftServer.loadWorld0()
	at net.minecraft.server.MinecraftServer.loadLevel()
	at net.minecraft.server.dedicated.DedicatedServer.e()
	at net.minecraft.server.MinecraftServer.v()
	at net.minecraft.server.MinecraftServer.lambda$spin$2()
	at java.base/java.lang.Thread.run(Thread.java:833)
[22-10-01 03:25:26] [SEVERE] [ArenaRegen Extension] Could not load reset zone 'Temple'!
java.lang.NullPointerException: worldName or world is null
	at me.realized.de.arenaregen.zone.Zone.<init>(Zone.java:185)
	at me.realized.de.arenaregen.zone.ZoneManager.<init>(ZoneManager.java:50)
	at me.realized.de.arenaregen.ArenaRegen.onEnable(ArenaRegen.java:37)
	at Duels-3.5.2.jar//me.realized.duels.api.extension.DuelsExtension.setEnabled(DuelsExtension.java:74)
	at Duels-3.5.2.jar//me.realized.duels.extension.ExtensionManager.handleLoad(ExtensionManager.java:84)
	at Duels-3.5.2.jar//me.realized.duels.DuelsPlugin.load(DuelsPlugin.java:242)
	at Duels-3.5.2.jar//me.realized.duels.DuelsPlugin.onEnable(DuelsPlugin.java:175)
	at org.bukkit.plugin.java.JavaPlugin.setEnabled(JavaPlugin.java:264)
	at org.bukkit.plugin.java.JavaPluginLoader.enablePlugin(JavaPluginLoader.java:370)
	at org.bukkit.plugin.SimplePluginManager.enablePlugin(SimplePluginManager.java:542)
	at org.bukkit.craftbukkit.v1_19_R1.CraftServer.enablePlugin()
	at org.bukkit.craftbukkit.v1_19_R1.CraftServer.enablePlugins()
	at net.minecraft.server.MinecraftServer.loadWorld0()
	at net.minecraft.server.MinecraftServer.loadLevel()
	at net.minecraft.server.dedicated.DedicatedServer.e()
	at net.minecraft.server.MinecraftServer.v()
	at net.minecraft.server.MinecraftServer.lambda$spin$2()
	at java.base/java.lang.Thread.run(Thread.java:833)
[22-10-01 03:25:26] [INFO] ExtensionManager: Extension 'ArenaRegen 1.2.0' is now enabled.
[22-10-01 03:25:26] [INFO] [DEBUG] ExtensionManager has been loaded. (took 104ms)
[22-10-01 03:25:27] [INFO] Hooked into DeluxeCombat!
[22-10-01 03:25:27] [INFO] No updates were available. You are on the latest version!
[22-10-01 03:26:26] [INFO] [DEBUG] onDisable start -> 1664594786263

[22-10-01 03:26:26] [INFO] [DEBUG] Starting unload of ExtensionManager at 1664594786264
[22-10-01 03:26:26] [INFO] ExtensionManager: Extension 'ArenaRegen' is now disabled.
[22-10-01 03:26:26] [INFO] [DEBUG] ExtensionManager has been unloaded. (took 0ms)
[22-10-01 03:26:26] [INFO] [DEBUG] Starting unload of Teleport at 1664594786264
[22-10-01 03:26:26] [INFO] [DEBUG] Teleport has been unloaded. (took 0ms)
[22-10-01 03:26:26] [INFO] [DEBUG] Starting unload of RequestManager at 1664594786264
[22-10-01 03:26:26] [INFO] [DEBUG] RequestManager has been unloaded. (took 0ms)
[22-10-01 03:26:26] [INFO] [DEBUG] Starting unload of QueueSignManagerImpl at 1664594786264
[22-10-01 03:26:26] [INFO] [DEBUG] QueueSignManagerImpl has been unloaded. (took 0ms)
[22-10-01 03:26:26] [INFO] [DEBUG] Starting unload of QueueManager at 1664594786264
[22-10-01 03:26:26] [INFO] [DEBUG] QueueManager has been unloaded. (took 0ms)
[22-10-01 03:26:26] [INFO] [DEBUG] Starting unload of DuelManager at 1664594786264
[22-10-01 03:26:26] [INFO] [DEBUG] DuelManager has been unloaded. (took 0ms)
[22-10-01 03:26:26] [INFO] [DEBUG] Starting unload of InventoryManager at 1664594786264
[22-10-01 03:26:26] [INFO] [DEBUG] InventoryManager has been unloaded. (took 0ms)
[22-10-01 03:26:26] [INFO] [DEBUG] Starting unload of BettingManager at 1664594786264
[22-10-01 03:26:26] [INFO] [DEBUG] BettingManager has been unloaded. (took 0ms)
[22-10-01 03:26:26] [INFO] [DEBUG] Starting unload of SpectateManagerImpl at 1664594786264
[22-10-01 03:26:26] [INFO] [DEBUG] SpectateManagerImpl has been unloaded. (took 0ms)
[22-10-01 03:26:26] [INFO] [DEBUG] Starting unload of PlayerInfoManager at 1664594786265
[22-10-01 03:26:26] [INFO] [DEBUG] PlayerInfoManager has been unloaded. (took 0ms)
[22-10-01 03:26:26] [INFO] [DEBUG] Starting unload of SettingsManager at 1664594786265
[22-10-01 03:26:26] [INFO] [DEBUG] SettingsManager has been unloaded. (took 0ms)
[22-10-01 03:26:26] [INFO] [DEBUG] Starting unload of ArenaManagerImpl at 1664594786265
[22-10-01 03:26:26] [INFO] [DEBUG] ArenaManagerImpl has been unloaded. (took 0ms)
[22-10-01 03:26:26] [INFO] [DEBUG] Starting unload of KitManagerImpl at 1664594786265
[22-10-01 03:26:26] [INFO] [DEBUG] KitManagerImpl has been unloaded. (took 0ms)
[22-10-01 03:26:26] [INFO] [DEBUG] Starting unload of GuiListener at 1664594786265
[22-10-01 03:26:26] [INFO] [DEBUG] GuiListener has been unloaded. (took 0ms)
[22-10-01 03:26:26] [INFO] [DEBUG] Starting unload of UserManagerImpl at 1664594786265
[22-10-01 03:26:26] [INFO] [DEBUG] UserManagerImpl has been unloaded. (took 13ms)
[22-10-01 03:26:26] [INFO] [DEBUG] Starting unload of Lang at 1664594786278
[22-10-01 03:26:26] [INFO] [DEBUG] Lang has been unloaded. (took 0ms)
[22-10-01 03:26:26] [INFO] [DEBUG] Starting unload of Config at 1664594786278
[22-10-01 03:26:26] [INFO] [DEBUG] Config has been unloaded. (took 0ms)
[22-10-01 03:26:26] [INFO] [DEBUG] unload done (took 16ms)
[22-10-01 03:26:26] [INFO] [DEBUG] Log#clearSources done (took 0ms)
[22-10-01 03:27:03] [INFO] [DEBUG] onEnable start -> 1664594823395

[22-10-01 03:27:03] [INFO] Using Economy Provider: com.earth2me.essentials.economy.vault.VaultEconomyProvider
[22-10-01 03:27:03] [INFO] [DEBUG] Starting load of Config at 1664594823431
[22-10-01 03:27:03] [INFO] [DEBUG] Config has been loaded. (took 4ms)
[22-10-01 03:27:03] [INFO] [DEBUG] Starting load of Lang at 1664594823435
[22-10-01 03:27:03] [INFO] [DEBUG] Lang has been loaded. (took 11ms)
[22-10-01 03:27:03] [INFO] [DEBUG] Starting load of UserManagerImpl at 1664594823446
[22-10-01 03:27:03] [INFO] [DEBUG] UserManagerImpl has been loaded. (took 0ms)
[22-10-01 03:27:03] [INFO] [DEBUG] Starting load of GuiListener at 1664594823446
[22-10-01 03:27:03] [INFO] [DEBUG] GuiListener has been loaded. (took 0ms)
[22-10-01 03:27:03] [INFO] [DEBUG] Starting load of KitManagerImpl at 1664594823446
[22-10-01 03:27:03] [INFO] KitManagerImpl: Loaded 2 kit(s).
[22-10-01 03:27:03] [INFO] [DEBUG] KitManagerImpl has been loaded. (took 66ms)
[22-10-01 03:27:03] [INFO] [DEBUG] Starting load of ArenaManagerImpl at 1664594823512
[22-10-01 03:27:03] [INFO] ArenaManagerImpl: Loaded 5 arena(s).
[22-10-01 03:27:03] [INFO] [DEBUG] ArenaManagerImpl has been loaded. (took 8ms)
[22-10-01 03:27:03] [INFO] [DEBUG] Starting load of SettingsManager at 1664594823520
[22-10-01 03:27:03] [INFO] [DEBUG] SettingsManager has been loaded. (took 0ms)
[22-10-01 03:27:03] [INFO] [DEBUG] Starting load of PlayerInfoManager at 1664594823520
[22-10-01 03:27:03] [INFO] [DEBUG] PlayerInfoManager has been loaded. (took 1ms)
[22-10-01 03:27:03] [INFO] [DEBUG] Starting load of SpectateManagerImpl at 1664594823521
[22-10-01 03:27:03] [INFO] [DEBUG] SpectateManagerImpl has been loaded. (took 0ms)
[22-10-01 03:27:03] [INFO] [DEBUG] Starting load of BettingManager at 1664594823521
[22-10-01 03:27:03] [INFO] [DEBUG] BettingManager has been loaded. (took 0ms)
[22-10-01 03:27:03] [INFO] [DEBUG] Starting load of InventoryManager at 1664594823521
[22-10-01 03:27:03] [INFO] [DEBUG] InventoryManager has been loaded. (took 0ms)
[22-10-01 03:27:03] [INFO] [DEBUG] Starting load of DuelManager at 1664594823521
[22-10-01 03:27:03] [INFO] [DEBUG] DuelManager has been loaded. (took 0ms)
[22-10-01 03:27:03] [INFO] [DEBUG] Starting load of QueueManager at 1664594823521
[22-10-01 03:27:03] [INFO] QueueManager: Loaded 0 queue(s).
[22-10-01 03:27:03] [INFO] [DEBUG] QueueManager has been loaded. (took 1ms)
[22-10-01 03:27:03] [INFO] [DEBUG] Starting load of QueueSignManagerImpl at 1664594823522
[22-10-01 03:27:03] [INFO] QueueSignManagerImpl: Loaded 0 queue sign(s).
[22-10-01 03:27:03] [INFO] [DEBUG] QueueSignManagerImpl has been loaded. (took 0ms)
[22-10-01 03:27:03] [INFO] [DEBUG] Starting load of RequestManager at 1664594823522
[22-10-01 03:27:03] [INFO] [DEBUG] RequestManager has been loaded. (took 0ms)
[22-10-01 03:27:03] [INFO] [DEBUG] Starting load of Teleport at 1664594823522
[22-10-01 03:27:03] [INFO] [DEBUG] Teleport has been loaded. (took 0ms)
[22-10-01 03:27:03] [INFO] [DEBUG] Starting load of ExtensionManager at 1664594823522
[22-10-01 03:27:03] [INFO] [ArenaRegen Extension] NMSHandler: Using me.realized.de.arenaregen.nms.fallback.NMSHandler
[22-10-01 03:27:03] [SEVERE] [ArenaRegen Extension] Could not load reset zone 'China'!
java.lang.NullPointerException: worldName or world is null
	at me.realized.de.arenaregen.zone.Zone.<init>(Zone.java:185)
	at me.realized.de.arenaregen.zone.ZoneManager.<init>(ZoneManager.java:50)
	at me.realized.de.arenaregen.ArenaRegen.onEnable(ArenaRegen.java:37)
	at Duels-3.5.2.jar//me.realized.duels.api.extension.DuelsExtension.setEnabled(DuelsExtension.java:74)
	at Duels-3.5.2.jar//me.realized.duels.extension.ExtensionManager.handleLoad(ExtensionManager.java:84)
	at Duels-3.5.2.jar//me.realized.duels.DuelsPlugin.load(DuelsPlugin.java:242)
	at Duels-3.5.2.jar//me.realized.duels.DuelsPlugin.onEnable(DuelsPlugin.java:175)
	at org.bukkit.plugin.java.JavaPlugin.setEnabled(JavaPlugin.java:264)
	at org.bukkit.plugin.java.JavaPluginLoader.enablePlugin(JavaPluginLoader.java:370)
	at org.bukkit.plugin.SimplePluginManager.enablePlugin(SimplePluginManager.java:542)
	at org.bukkit.craftbukkit.v1_19_R1.CraftServer.enablePlugin()
	at org.bukkit.craftbukkit.v1_19_R1.CraftServer.enablePlugins()
	at net.minecraft.server.MinecraftServer.loadWorld0()
	at net.minecraft.server.MinecraftServer.loadLevel()
	at net.minecraft.server.dedicated.DedicatedServer.e()
	at net.minecraft.server.MinecraftServer.v()
	at net.minecraft.server.MinecraftServer.lambda$spin$2()
	at java.base/java.lang.Thread.run(Thread.java:833)
[22-10-01 03:27:03] [SEVERE] [ArenaRegen Extension] Could not load reset zone 'Farmland'!
java.lang.NullPointerException: worldName or world is null
	at me.realized.de.arenaregen.zone.Zone.<init>(Zone.java:185)
	at me.realized.de.arenaregen.zone.ZoneManager.<init>(ZoneManager.java:50)
	at me.realized.de.arenaregen.ArenaRegen.onEnable(ArenaRegen.java:37)
	at Duels-3.5.2.jar//me.realized.duels.api.extension.DuelsExtension.setEnabled(DuelsExtension.java:74)
	at Duels-3.5.2.jar//me.realized.duels.extension.ExtensionManager.handleLoad(ExtensionManager.java:84)
	at Duels-3.5.2.jar//me.realized.duels.DuelsPlugin.load(DuelsPlugin.java:242)
	at Duels-3.5.2.jar//me.realized.duels.DuelsPlugin.onEnable(DuelsPlugin.java:175)
	at org.bukkit.plugin.java.JavaPlugin.setEnabled(JavaPlugin.java:264)
	at org.bukkit.plugin.java.JavaPluginLoader.enablePlugin(JavaPluginLoader.java:370)
	at org.bukkit.plugin.SimplePluginManager.enablePlugin(SimplePluginManager.java:542)
	at org.bukkit.craftbukkit.v1_19_R1.CraftServer.enablePlugin()
	at org.bukkit.craftbukkit.v1_19_R1.CraftServer.enablePlugins()
	at net.minecraft.server.MinecraftServer.loadWorld0()
	at net.minecraft.server.MinecraftServer.loadLevel()
	at net.minecraft.server.dedicated.DedicatedServer.e()
	at net.minecraft.server.MinecraftServer.v()
	at net.minecraft.server.MinecraftServer.lambda$spin$2()
	at java.base/java.lang.Thread.run(Thread.java:833)
[22-10-01 03:27:03] [SEVERE] [ArenaRegen Extension] Could not load reset zone 'Lighthouse'!
java.lang.NullPointerException: worldName or world is null
	at me.realized.de.arenaregen.zone.Zone.<init>(Zone.java:185)
	at me.realized.de.arenaregen.zone.ZoneManager.<init>(ZoneManager.java:50)
	at me.realized.de.arenaregen.ArenaRegen.onEnable(ArenaRegen.java:37)
	at Duels-3.5.2.jar//me.realized.duels.api.extension.DuelsExtension.setEnabled(DuelsExtension.java:74)
	at Duels-3.5.2.jar//me.realized.duels.extension.ExtensionManager.handleLoad(ExtensionManager.java:84)
	at Duels-3.5.2.jar//me.realized.duels.DuelsPlugin.load(DuelsPlugin.java:242)
	at Duels-3.5.2.jar//me.realized.duels.DuelsPlugin.onEnable(DuelsPlugin.java:175)
	at org.bukkit.plugin.java.JavaPlugin.setEnabled(JavaPlugin.java:264)
	at org.bukkit.plugin.java.JavaPluginLoader.enablePlugin(JavaPluginLoader.java:370)
	at org.bukkit.plugin.SimplePluginManager.enablePlugin(SimplePluginManager.java:542)
	at org.bukkit.craftbukkit.v1_19_R1.CraftServer.enablePlugin()
	at org.bukkit.craftbukkit.v1_19_R1.CraftServer.enablePlugins()
	at net.minecraft.server.MinecraftServer.loadWorld0()
	at net.minecraft.server.MinecraftServer.loadLevel()
	at net.minecraft.server.dedicated.DedicatedServer.e()
	at net.minecraft.server.MinecraftServer.v()
	at net.minecraft.server.MinecraftServer.lambda$spin$2()
	at java.base/java.lang.Thread.run(Thread.java:833)
[22-10-01 03:27:03] [SEVERE] [ArenaRegen Extension] Could not load reset zone 'Mansion'!
java.lang.NullPointerException: worldName or world is null
	at me.realized.de.arenaregen.zone.Zone.<init>(Zone.java:185)
	at me.realized.de.arenaregen.zone.ZoneManager.<init>(ZoneManager.java:50)
	at me.realized.de.arenaregen.ArenaRegen.onEnable(ArenaRegen.java:37)
	at Duels-3.5.2.jar//me.realized.duels.api.extension.DuelsExtension.setEnabled(DuelsExtension.java:74)
	at Duels-3.5.2.jar//me.realized.duels.extension.ExtensionManager.handleLoad(ExtensionManager.java:84)
	at Duels-3.5.2.jar//me.realized.duels.DuelsPlugin.load(DuelsPlugin.java:242)
	at Duels-3.5.2.jar//me.realized.duels.DuelsPlugin.onEnable(DuelsPlugin.java:175)
	at org.bukkit.plugin.java.JavaPlugin.setEnabled(JavaPlugin.java:264)
	at org.bukkit.plugin.java.JavaPluginLoader.enablePlugin(JavaPluginLoader.java:370)
	at org.bukkit.plugin.SimplePluginManager.enablePlugin(SimplePluginManager.java:542)
	at org.bukkit.craftbukkit.v1_19_R1.CraftServer.enablePlugin()
	at org.bukkit.craftbukkit.v1_19_R1.CraftServer.enablePlugins()
	at net.minecraft.server.MinecraftServer.loadWorld0()
	at net.minecraft.server.MinecraftServer.loadLevel()
	at net.minecraft.server.dedicated.DedicatedServer.e()
	at net.minecraft.server.MinecraftServer.v()
	at net.minecraft.server.MinecraftServer.lambda$spin$2()
	at java.base/java.lang.Thread.run(Thread.java:833)
[22-10-01 03:27:03] [SEVERE] [ArenaRegen Extension] Could not load reset zone 'Temple'!
java.lang.NullPointerException: worldName or world is null
	at me.realized.de.arenaregen.zone.Zone.<init>(Zone.java:185)
	at me.realized.de.arenaregen.zone.ZoneManager.<init>(ZoneManager.java:50)
	at me.realized.de.arenaregen.ArenaRegen.onEnable(ArenaRegen.java:37)
	at Duels-3.5.2.jar//me.realized.duels.api.extension.DuelsExtension.setEnabled(DuelsExtension.java:74)
	at Duels-3.5.2.jar//me.realized.duels.extension.ExtensionManager.handleLoad(ExtensionManager.java:84)
	at Duels-3.5.2.jar//me.realized.duels.DuelsPlugin.load(DuelsPlugin.java:242)
	at Duels-3.5.2.jar//me.realized.duels.DuelsPlugin.onEnable(DuelsPlugin.java:175)
	at org.bukkit.plugin.java.JavaPlugin.setEnabled(JavaPlugin.java:264)
	at org.bukkit.plugin.java.JavaPluginLoader.enablePlugin(JavaPluginLoader.java:370)
	at org.bukkit.plugin.SimplePluginManager.enablePlugin(SimplePluginManager.java:542)
	at org.bukkit.craftbukkit.v1_19_R1.CraftServer.enablePlugin()
	at org.bukkit.craftbukkit.v1_19_R1.CraftServer.enablePlugins()
	at net.minecraft.server.MinecraftServer.loadWorld0()
	at net.minecraft.server.MinecraftServer.loadLevel()
	at net.minecraft.server.dedicated.DedicatedServer.e()
	at net.minecraft.server.MinecraftServer.v()
	at net.minecraft.server.MinecraftServer.lambda$spin$2()
	at java.base/java.lang.Thread.run(Thread.java:833)
[22-10-01 03:27:03] [INFO] ExtensionManager: Extension 'ArenaRegen 1.2.0' is now enabled.
[22-10-01 03:27:03] [INFO] [DEBUG] ExtensionManager has been loaded. (took 71ms)
[22-10-01 03:27:04] [INFO] Hooked into DeluxeCombat!
[22-10-01 03:27:04] [INFO] No updates were available. You are on the latest version!
[22-10-01 03:33:15] [INFO] [DEBUG] onDisable start -> 1664595195077

[22-10-01 03:33:15] [INFO] [DEBUG] Starting unload of ExtensionManager at 1664595195078
[22-10-01 03:33:15] [INFO] ExtensionManager: Extension 'ArenaRegen' is now disabled.
[22-10-01 03:33:15] [INFO] [DEBUG] ExtensionManager has been unloaded. (took 0ms)
[22-10-01 03:33:15] [INFO] [DEBUG] Starting unload of Teleport at 1664595195078
[22-10-01 03:33:15] [INFO] [DEBUG] Teleport has been unloaded. (took 0ms)
[22-10-01 03:33:15] [INFO] [DEBUG] Starting unload of RequestManager at 1664595195078
[22-10-01 03:33:15] [INFO] [DEBUG] RequestManager has been unloaded. (took 0ms)
[22-10-01 03:33:15] [INFO] [DEBUG] Starting unload of QueueSignManagerImpl at 1664595195078
[22-10-01 03:33:15] [INFO] [DEBUG] QueueSignManagerImpl has been unloaded. (took 0ms)
[22-10-01 03:33:15] [INFO] [DEBUG] Starting unload of QueueManager at 1664595195078
[22-10-01 03:33:15] [INFO] [DEBUG] QueueManager has been unloaded. (took 0ms)
[22-10-01 03:33:15] [INFO] [DEBUG] Starting unload of DuelManager at 1664595195078
[22-10-01 03:33:15] [INFO] [DEBUG] DuelManager has been unloaded. (took 0ms)
[22-10-01 03:33:15] [INFO] [DEBUG] Starting unload of InventoryManager at 1664595195078
[22-10-01 03:33:15] [INFO] [DEBUG] InventoryManager has been unloaded. (took 0ms)
[22-10-01 03:33:15] [INFO] [DEBUG] Starting unload of BettingManager at 1664595195078
[22-10-01 03:33:15] [INFO] [DEBUG] BettingManager has been unloaded. (took 0ms)
[22-10-01 03:33:15] [INFO] [DEBUG] Starting unload of SpectateManagerImpl at 1664595195078
[22-10-01 03:33:15] [INFO] [DEBUG] SpectateManagerImpl has been unloaded. (took 0ms)
[22-10-01 03:33:15] [INFO] [DEBUG] Starting unload of PlayerInfoManager at 1664595195078
[22-10-01 03:33:15] [INFO] [DEBUG] PlayerInfoManager has been unloaded. (took 0ms)
[22-10-01 03:33:15] [INFO] [DEBUG] Starting unload of SettingsManager at 1664595195078
[22-10-01 03:33:15] [INFO] [DEBUG] SettingsManager has been unloaded. (took 0ms)
[22-10-01 03:33:15] [INFO] [DEBUG] Starting unload of ArenaManagerImpl at 1664595195078
[22-10-01 03:33:15] [INFO] [DEBUG] ArenaManagerImpl has been unloaded. (took 0ms)
[22-10-01 03:33:15] [INFO] [DEBUG] Starting unload of KitManagerImpl at 1664595195078
[22-10-01 03:33:15] [INFO] [DEBUG] KitManagerImpl has been unloaded. (took 0ms)
[22-10-01 03:33:15] [INFO] [DEBUG] Starting unload of GuiListener at 1664595195078
[22-10-01 03:33:15] [INFO] [DEBUG] GuiListener has been unloaded. (took 1ms)
[22-10-01 03:33:15] [INFO] [DEBUG] Starting unload of UserManagerImpl at 1664595195079
[22-10-01 03:33:15] [INFO] [DEBUG] UserManagerImpl has been unloaded. (took 9ms)
[22-10-01 03:33:15] [INFO] [DEBUG] Starting unload of Lang at 1664595195088
[22-10-01 03:33:15] [INFO] [DEBUG] Lang has been unloaded. (took 0ms)
[22-10-01 03:33:15] [INFO] [DEBUG] Starting unload of Config at 1664595195088
[22-10-01 03:33:15] [INFO] [DEBUG] Config has been unloaded. (took 0ms)
[22-10-01 03:33:15] [INFO] [DEBUG] unload done (took 11ms)
[22-10-01 03:33:15] [INFO] [DEBUG] Log#clearSources done (took 0ms)
[22-10-01 03:33:47] [INFO] [DEBUG] onEnable start -> 1664595227708

[22-10-01 03:33:47] [INFO] Using Economy Provider: com.earth2me.essentials.economy.vault.VaultEconomyProvider
[22-10-01 03:33:47] [INFO] [DEBUG] Starting load of Config at 1664595227751
[22-10-01 03:33:47] [INFO] [DEBUG] Config has been loaded. (took 5ms)
[22-10-01 03:33:47] [INFO] [DEBUG] Starting load of Lang at 1664595227756
[22-10-01 03:33:47] [INFO] [DEBUG] Lang has been loaded. (took 10ms)
[22-10-01 03:33:47] [INFO] [DEBUG] Starting load of UserManagerImpl at 1664595227766
[22-10-01 03:33:47] [INFO] [DEBUG] UserManagerImpl has been loaded. (took 1ms)
[22-10-01 03:33:47] [INFO] [DEBUG] Starting load of GuiListener at 1664595227767
[22-10-01 03:33:47] [INFO] [DEBUG] GuiListener has been loaded. (took 0ms)
[22-10-01 03:33:47] [INFO] [DEBUG] Starting load of KitManagerImpl at 1664595227767
[22-10-01 03:33:47] [INFO] KitManagerImpl: Loaded 2 kit(s).
[22-10-01 03:33:47] [INFO] [DEBUG] KitManagerImpl has been loaded. (took 68ms)
[22-10-01 03:33:47] [INFO] [DEBUG] Starting load of ArenaManagerImpl at 1664595227835
[22-10-01 03:33:47] [INFO] ArenaManagerImpl: Loaded 5 arena(s).
[22-10-01 03:33:47] [INFO] [DEBUG] ArenaManagerImpl has been loaded. (took 7ms)
[22-10-01 03:33:47] [INFO] [DEBUG] Starting load of SettingsManager at 1664595227842
[22-10-01 03:33:47] [INFO] [DEBUG] SettingsManager has been loaded. (took 0ms)
[22-10-01 03:33:47] [INFO] [DEBUG] Starting load of PlayerInfoManager at 1664595227842
[22-10-01 03:33:47] [INFO] [DEBUG] PlayerInfoManager has been loaded. (took 0ms)
[22-10-01 03:33:47] [INFO] [DEBUG] Starting load of SpectateManagerImpl at 1664595227842
[22-10-01 03:33:47] [INFO] [DEBUG] SpectateManagerImpl has been loaded. (took 0ms)
[22-10-01 03:33:47] [INFO] [DEBUG] Starting load of BettingManager at 1664595227842
[22-10-01 03:33:47] [INFO] [DEBUG] BettingManager has been loaded. (took 0ms)
[22-10-01 03:33:47] [INFO] [DEBUG] Starting load of InventoryManager at 1664595227842
[22-10-01 03:33:47] [INFO] [DEBUG] InventoryManager has been loaded. (took 0ms)
[22-10-01 03:33:47] [INFO] [DEBUG] Starting load of DuelManager at 1664595227842
[22-10-01 03:33:47] [INFO] [DEBUG] DuelManager has been loaded. (took 0ms)
[22-10-01 03:33:47] [INFO] [DEBUG] Starting load of QueueManager at 1664595227842
[22-10-01 03:33:47] [INFO] QueueManager: Loaded 0 queue(s).
[22-10-01 03:33:47] [INFO] [DEBUG] QueueManager has been loaded. (took 1ms)
[22-10-01 03:33:47] [INFO] [DEBUG] Starting load of QueueSignManagerImpl at 1664595227843
[22-10-01 03:33:47] [INFO] QueueSignManagerImpl: Loaded 0 queue sign(s).
[22-10-01 03:33:47] [INFO] [DEBUG] QueueSignManagerImpl has been loaded. (took 0ms)
[22-10-01 03:33:47] [INFO] [DEBUG] Starting load of RequestManager at 1664595227843
[22-10-01 03:33:47] [INFO] [DEBUG] RequestManager has been loaded. (took 0ms)
[22-10-01 03:33:47] [INFO] [DEBUG] Starting load of Teleport at 1664595227843
[22-10-01 03:33:47] [INFO] [DEBUG] Teleport has been loaded. (took 0ms)
[22-10-01 03:33:47] [INFO] [DEBUG] Starting load of ExtensionManager at 1664595227843
[22-10-01 03:33:47] [INFO] [ArenaRegen Extension] NMSHandler: Using me.realized.de.arenaregen.nms.fallback.NMSHandler
[22-10-01 03:33:47] [SEVERE] [ArenaRegen Extension] Could not load reset zone 'China'!
java.lang.NullPointerException: worldName or world is null
	at me.realized.de.arenaregen.zone.Zone.<init>(Zone.java:185)
	at me.realized.de.arenaregen.zone.ZoneManager.<init>(ZoneManager.java:50)
	at me.realized.de.arenaregen.ArenaRegen.onEnable(ArenaRegen.java:37)
	at Duels-3.5.2.jar//me.realized.duels.api.extension.DuelsExtension.setEnabled(DuelsExtension.java:74)
	at Duels-3.5.2.jar//me.realized.duels.extension.ExtensionManager.handleLoad(ExtensionManager.java:84)
	at Duels-3.5.2.jar//me.realized.duels.DuelsPlugin.load(DuelsPlugin.java:242)
	at Duels-3.5.2.jar//me.realized.duels.DuelsPlugin.onEnable(DuelsPlugin.java:175)
	at org.bukkit.plugin.java.JavaPlugin.setEnabled(JavaPlugin.java:264)
	at org.bukkit.plugin.java.JavaPluginLoader.enablePlugin(JavaPluginLoader.java:370)
	at org.bukkit.plugin.SimplePluginManager.enablePlugin(SimplePluginManager.java:542)
	at org.bukkit.craftbukkit.v1_19_R1.CraftServer.enablePlugin()
	at org.bukkit.craftbukkit.v1_19_R1.CraftServer.enablePlugins()
	at net.minecraft.server.MinecraftServer.loadWorld0()
	at net.minecraft.server.MinecraftServer.loadLevel()
	at net.minecraft.server.dedicated.DedicatedServer.e()
	at net.minecraft.server.MinecraftServer.v()
	at net.minecraft.server.MinecraftServer.lambda$spin$2()
	at java.base/java.lang.Thread.run(Thread.java:833)
[22-10-01 03:33:47] [SEVERE] [ArenaRegen Extension] Could not load reset zone 'Farmland'!
java.lang.NullPointerException: worldName or world is null
	at me.realized.de.arenaregen.zone.Zone.<init>(Zone.java:185)
	at me.realized.de.arenaregen.zone.ZoneManager.<init>(ZoneManager.java:50)
	at me.realized.de.arenaregen.ArenaRegen.onEnable(ArenaRegen.java:37)
	at Duels-3.5.2.jar//me.realized.duels.api.extension.DuelsExtension.setEnabled(DuelsExtension.java:74)
	at Duels-3.5.2.jar//me.realized.duels.extension.ExtensionManager.handleLoad(ExtensionManager.java:84)
	at Duels-3.5.2.jar//me.realized.duels.DuelsPlugin.load(DuelsPlugin.java:242)
	at Duels-3.5.2.jar//me.realized.duels.DuelsPlugin.onEnable(DuelsPlugin.java:175)
	at org.bukkit.plugin.java.JavaPlugin.setEnabled(JavaPlugin.java:264)
	at org.bukkit.plugin.java.JavaPluginLoader.enablePlugin(JavaPluginLoader.java:370)
	at org.bukkit.plugin.SimplePluginManager.enablePlugin(SimplePluginManager.java:542)
	at org.bukkit.craftbukkit.v1_19_R1.CraftServer.enablePlugin()
	at org.bukkit.craftbukkit.v1_19_R1.CraftServer.enablePlugins()
	at net.minecraft.server.MinecraftServer.loadWorld0()
	at net.minecraft.server.MinecraftServer.loadLevel()
	at net.minecraft.server.dedicated.DedicatedServer.e()
	at net.minecraft.server.MinecraftServer.v()
	at net.minecraft.server.MinecraftServer.lambda$spin$2()
	at java.base/java.lang.Thread.run(Thread.java:833)
[22-10-01 03:33:47] [SEVERE] [ArenaRegen Extension] Could not load reset zone 'Lighthouse'!
java.lang.NullPointerException: worldName or world is null
	at me.realized.de.arenaregen.zone.Zone.<init>(Zone.java:185)
	at me.realized.de.arenaregen.zone.ZoneManager.<init>(ZoneManager.java:50)
	at me.realized.de.arenaregen.ArenaRegen.onEnable(ArenaRegen.java:37)
	at Duels-3.5.2.jar//me.realized.duels.api.extension.DuelsExtension.setEnabled(DuelsExtension.java:74)
	at Duels-3.5.2.jar//me.realized.duels.extension.ExtensionManager.handleLoad(ExtensionManager.java:84)
	at Duels-3.5.2.jar//me.realized.duels.DuelsPlugin.load(DuelsPlugin.java:242)
	at Duels-3.5.2.jar//me.realized.duels.DuelsPlugin.onEnable(DuelsPlugin.java:175)
	at org.bukkit.plugin.java.JavaPlugin.setEnabled(JavaPlugin.java:264)
	at org.bukkit.plugin.java.JavaPluginLoader.enablePlugin(JavaPluginLoader.java:370)
	at org.bukkit.plugin.SimplePluginManager.enablePlugin(SimplePluginManager.java:542)
	at org.bukkit.craftbukkit.v1_19_R1.CraftServer.enablePlugin()
	at org.bukkit.craftbukkit.v1_19_R1.CraftServer.enablePlugins()
	at net.minecraft.server.MinecraftServer.loadWorld0()
	at net.minecraft.server.MinecraftServer.loadLevel()
	at net.minecraft.server.dedicated.DedicatedServer.e()
	at net.minecraft.server.MinecraftServer.v()
	at net.minecraft.server.MinecraftServer.lambda$spin$2()
	at java.base/java.lang.Thread.run(Thread.java:833)
[22-10-01 03:33:47] [SEVERE] [ArenaRegen Extension] Could not load reset zone 'Mansion'!
java.lang.NullPointerException: worldName or world is null
	at me.realized.de.arenaregen.zone.Zone.<init>(Zone.java:185)
	at me.realized.de.arenaregen.zone.ZoneManager.<init>(ZoneManager.java:50)
	at me.realized.de.arenaregen.ArenaRegen.onEnable(ArenaRegen.java:37)
	at Duels-3.5.2.jar//me.realized.duels.api.extension.DuelsExtension.setEnabled(DuelsExtension.java:74)
	at Duels-3.5.2.jar//me.realized.duels.extension.ExtensionManager.handleLoad(ExtensionManager.java:84)
	at Duels-3.5.2.jar//me.realized.duels.DuelsPlugin.load(DuelsPlugin.java:242)
	at Duels-3.5.2.jar//me.realized.duels.DuelsPlugin.onEnable(DuelsPlugin.java:175)
	at org.bukkit.plugin.java.JavaPlugin.setEnabled(JavaPlugin.java:264)
	at org.bukkit.plugin.java.JavaPluginLoader.enablePlugin(JavaPluginLoader.java:370)
	at org.bukkit.plugin.SimplePluginManager.enablePlugin(SimplePluginManager.java:542)
	at org.bukkit.craftbukkit.v1_19_R1.CraftServer.enablePlugin()
	at org.bukkit.craftbukkit.v1_19_R1.CraftServer.enablePlugins()
	at net.minecraft.server.MinecraftServer.loadWorld0()
	at net.minecraft.server.MinecraftServer.loadLevel()
	at net.minecraft.server.dedicated.DedicatedServer.e()
	at net.minecraft.server.MinecraftServer.v()
	at net.minecraft.server.MinecraftServer.lambda$spin$2()
	at java.base/java.lang.Thread.run(Thread.java:833)
[22-10-01 03:33:47] [SEVERE] [ArenaRegen Extension] Could not load reset zone 'Temple'!
java.lang.NullPointerException: worldName or world is null
	at me.realized.de.arenaregen.zone.Zone.<init>(Zone.java:185)
	at me.realized.de.arenaregen.zone.ZoneManager.<init>(ZoneManager.java:50)
	at me.realized.de.arenaregen.ArenaRegen.onEnable(ArenaRegen.java:37)
	at Duels-3.5.2.jar//me.realized.duels.api.extension.DuelsExtension.setEnabled(DuelsExtension.java:74)
	at Duels-3.5.2.jar//me.realized.duels.extension.ExtensionManager.handleLoad(ExtensionManager.java:84)
	at Duels-3.5.2.jar//me.realized.duels.DuelsPlugin.load(DuelsPlugin.java:242)
	at Duels-3.5.2.jar//me.realized.duels.DuelsPlugin.onEnable(DuelsPlugin.java:175)
	at org.bukkit.plugin.java.JavaPlugin.setEnabled(JavaPlugin.java:264)
	at org.bukkit.plugin.java.JavaPluginLoader.enablePlugin(JavaPluginLoader.java:370)
	at org.bukkit.plugin.SimplePluginManager.enablePlugin(SimplePluginManager.java:542)
	at org.bukkit.craftbukkit.v1_19_R1.CraftServer.enablePlugin()
	at org.bukkit.craftbukkit.v1_19_R1.CraftServer.enablePlugins()
	at net.minecraft.server.MinecraftServer.loadWorld0()
	at net.minecraft.server.MinecraftServer.loadLevel()
	at net.minecraft.server.dedicated.DedicatedServer.e()
	at net.minecraft.server.MinecraftServer.v()
	at net.minecraft.server.MinecraftServer.lambda$spin$2()
	at java.base/java.lang.Thread.run(Thread.java:833)
[22-10-01 03:33:47] [INFO] ExtensionManager: Extension 'ArenaRegen 1.2.0' is now enabled.
[22-10-01 03:33:47] [INFO] [DEBUG] ExtensionManager has been loaded. (took 74ms)
[22-10-01 03:33:48] [INFO] Hooked into DeluxeCombat!
[22-10-01 03:33:48] [INFO] No updates were available. You are on the latest version!
[22-10-01 18:02:42] [INFO] [DEBUG] onDisable start -> 1664647362971

[22-10-01 18:02:42] [INFO] [DEBUG] Starting unload of ExtensionManager at 1664647362972
[22-10-01 18:02:42] [INFO] ExtensionManager: Extension 'ArenaRegen' is now disabled.
[22-10-01 18:02:42] [INFO] [DEBUG] ExtensionManager has been unloaded. (took 0ms)
[22-10-01 18:02:42] [INFO] [DEBUG] Starting unload of Teleport at 1664647362972
[22-10-01 18:02:42] [INFO] [DEBUG] Teleport has been unloaded. (took 0ms)
[22-10-01 18:02:42] [INFO] [DEBUG] Starting unload of RequestManager at 1664647362972
[22-10-01 18:02:42] [INFO] [DEBUG] RequestManager has been unloaded. (took 0ms)
[22-10-01 18:02:42] [INFO] [DEBUG] Starting unload of QueueSignManagerImpl at 1664647362972
[22-10-01 18:02:42] [INFO] [DEBUG] QueueSignManagerImpl has been unloaded. (took 0ms)
[22-10-01 18:02:42] [INFO] [DEBUG] Starting unload of QueueManager at 1664647362972
[22-10-01 18:02:42] [INFO] [DEBUG] QueueManager has been unloaded. (took 0ms)
[22-10-01 18:02:42] [INFO] [DEBUG] Starting unload of DuelManager at 1664647362972
[22-10-01 18:02:42] [INFO] [DEBUG] DuelManager has been unloaded. (took 0ms)
[22-10-01 18:02:42] [INFO] [DEBUG] Starting unload of InventoryManager at 1664647362972
[22-10-01 18:02:42] [INFO] [DEBUG] InventoryManager has been unloaded. (took 0ms)
[22-10-01 18:02:42] [INFO] [DEBUG] Starting unload of BettingManager at 1664647362972
[22-10-01 18:02:42] [INFO] [DEBUG] BettingManager has been unloaded. (took 0ms)
[22-10-01 18:02:42] [INFO] [DEBUG] Starting unload of SpectateManagerImpl at 1664647362972
[22-10-01 18:02:42] [INFO] [DEBUG] SpectateManagerImpl has been unloaded. (took 0ms)
[22-10-01 18:02:42] [INFO] [DEBUG] Starting unload of PlayerInfoManager at 1664647362972
[22-10-01 18:02:42] [INFO] [DEBUG] PlayerInfoManager has been unloaded. (took 1ms)
[22-10-01 18:02:42] [INFO] [DEBUG] Starting unload of SettingsManager at 1664647362973
[22-10-01 18:02:42] [INFO] [DEBUG] SettingsManager has been unloaded. (took 0ms)
[22-10-01 18:02:42] [INFO] [DEBUG] Starting unload of ArenaManagerImpl at 1664647362973
[22-10-01 18:02:42] [INFO] [DEBUG] ArenaManagerImpl has been unloaded. (took 0ms)
[22-10-01 18:02:42] [INFO] [DEBUG] Starting unload of KitManagerImpl at 1664647362973
[22-10-01 18:02:42] [INFO] [DEBUG] KitManagerImpl has been unloaded. (took 0ms)
[22-10-01 18:02:42] [INFO] [DEBUG] Starting unload of GuiListener at 1664647362973
[22-10-01 18:02:42] [INFO] [DEBUG] GuiListener has been unloaded. (took 0ms)
[22-10-01 18:02:42] [INFO] [DEBUG] Starting unload of UserManagerImpl at 1664647362973
[22-10-01 18:02:42] [INFO] [DEBUG] UserManagerImpl has been unloaded. (took 0ms)
[22-10-01 18:02:42] [INFO] [DEBUG] Starting unload of Lang at 1664647362973
[22-10-01 18:02:42] [INFO] [DEBUG] Lang has been unloaded. (took 0ms)
[22-10-01 18:02:42] [INFO] [DEBUG] Starting unload of Config at 1664647362973
[22-10-01 18:02:42] [INFO] [DEBUG] Config has been unloaded. (took 0ms)
[22-10-01 18:02:42] [INFO] [DEBUG] unload done (took 2ms)
[22-10-01 18:02:42] [INFO] [DEBUG] Log#clearSources done (took 0ms)
[22-10-01 18:03:16] [INFO] [DEBUG] onEnable start -> 1664647396743

[22-10-01 18:03:16] [INFO] Using Economy Provider: com.earth2me.essentials.economy.vault.VaultEconomyProvider
[22-10-01 18:03:16] [INFO] [DEBUG] Starting load of Config at 1664647396782
[22-10-01 18:03:16] [INFO] [DEBUG] Config has been loaded. (took 4ms)
[22-10-01 18:03:16] [INFO] [DEBUG] Starting load of Lang at 1664647396786
[22-10-01 18:03:16] [INFO] [DEBUG] Lang has been loaded. (took 11ms)
[22-10-01 18:03:16] [INFO] [DEBUG] Starting load of UserManagerImpl at 1664647396797
[22-10-01 18:03:16] [INFO] [DEBUG] UserManagerImpl has been loaded. (took 1ms)
[22-10-01 18:03:16] [INFO] [DEBUG] Starting load of GuiListener at 1664647396798
[22-10-01 18:03:16] [INFO] [DEBUG] GuiListener has been loaded. (took 0ms)
[22-10-01 18:03:16] [INFO] [DEBUG] Starting load of KitManagerImpl at 1664647396798
[22-10-01 18:03:16] [INFO] KitManagerImpl: Loaded 2 kit(s).
[22-10-01 18:03:16] [INFO] [DEBUG] KitManagerImpl has been loaded. (took 68ms)
[22-10-01 18:03:16] [INFO] [DEBUG] Starting load of ArenaManagerImpl at 1664647396866
[22-10-01 18:03:16] [INFO] ArenaManagerImpl: Loaded 5 arena(s).
[22-10-01 18:03:16] [INFO] [DEBUG] ArenaManagerImpl has been loaded. (took 7ms)
[22-10-01 18:03:16] [INFO] [DEBUG] Starting load of SettingsManager at 1664647396873
[22-10-01 18:03:16] [INFO] [DEBUG] SettingsManager has been loaded. (took 0ms)
[22-10-01 18:03:16] [INFO] [DEBUG] Starting load of PlayerInfoManager at 1664647396873
[22-10-01 18:03:16] [INFO] [DEBUG] PlayerInfoManager has been loaded. (took 1ms)
[22-10-01 18:03:16] [INFO] [DEBUG] Starting load of SpectateManagerImpl at 1664647396874
[22-10-01 18:03:16] [INFO] [DEBUG] SpectateManagerImpl has been loaded. (took 0ms)
[22-10-01 18:03:16] [INFO] [DEBUG] Starting load of BettingManager at 1664647396874
[22-10-01 18:03:16] [INFO] [DEBUG] BettingManager has been loaded. (took 0ms)
[22-10-01 18:03:16] [INFO] [DEBUG] Starting load of InventoryManager at 1664647396874
[22-10-01 18:03:16] [INFO] [DEBUG] InventoryManager has been loaded. (took 0ms)
[22-10-01 18:03:16] [INFO] [DEBUG] Starting load of DuelManager at 1664647396874
[22-10-01 18:03:16] [INFO] [DEBUG] DuelManager has been loaded. (took 0ms)
[22-10-01 18:03:16] [INFO] [DEBUG] Starting load of QueueManager at 1664647396874
[22-10-01 18:03:16] [INFO] QueueManager: Loaded 0 queue(s).
[22-10-01 18:03:16] [INFO] [DEBUG] QueueManager has been loaded. (took 1ms)
[22-10-01 18:03:16] [INFO] [DEBUG] Starting load of QueueSignManagerImpl at 1664647396875
[22-10-01 18:03:16] [INFO] QueueSignManagerImpl: Loaded 0 queue sign(s).
[22-10-01 18:03:16] [INFO] [DEBUG] QueueSignManagerImpl has been loaded. (took 0ms)
[22-10-01 18:03:16] [INFO] [DEBUG] Starting load of RequestManager at 1664647396875
[22-10-01 18:03:16] [INFO] [DEBUG] RequestManager has been loaded. (took 1ms)
[22-10-01 18:03:16] [INFO] [DEBUG] Starting load of Teleport at 1664647396876
[22-10-01 18:03:16] [INFO] [DEBUG] Teleport has been loaded. (took 0ms)
[22-10-01 18:03:16] [INFO] [DEBUG] Starting load of ExtensionManager at 1664647396876
[22-10-01 18:03:16] [INFO] [ArenaRegen Extension] NMSHandler: Using me.realized.de.arenaregen.nms.fallback.NMSHandler
[22-10-01 18:03:16] [SEVERE] [ArenaRegen Extension] Could not load reset zone 'China'!
java.lang.NullPointerException: worldName or world is null
	at me.realized.de.arenaregen.zone.Zone.<init>(Zone.java:185)
	at me.realized.de.arenaregen.zone.ZoneManager.<init>(ZoneManager.java:50)
	at me.realized.de.arenaregen.ArenaRegen.onEnable(ArenaRegen.java:37)
	at Duels-3.5.2.jar//me.realized.duels.api.extension.DuelsExtension.setEnabled(DuelsExtension.java:74)
	at Duels-3.5.2.jar//me.realized.duels.extension.ExtensionManager.handleLoad(ExtensionManager.java:84)
	at Duels-3.5.2.jar//me.realized.duels.DuelsPlugin.load(DuelsPlugin.java:242)
	at Duels-3.5.2.jar//me.realized.duels.DuelsPlugin.onEnable(DuelsPlugin.java:175)
	at org.bukkit.plugin.java.JavaPlugin.setEnabled(JavaPlugin.java:264)
	at org.bukkit.plugin.java.JavaPluginLoader.enablePlugin(JavaPluginLoader.java:370)
	at org.bukkit.plugin.SimplePluginManager.enablePlugin(SimplePluginManager.java:542)
	at org.bukkit.craftbukkit.v1_19_R1.CraftServer.enablePlugin()
	at org.bukkit.craftbukkit.v1_19_R1.CraftServer.enablePlugins()
	at net.minecraft.server.MinecraftServer.loadWorld0()
	at net.minecraft.server.MinecraftServer.loadLevel()
	at net.minecraft.server.dedicated.DedicatedServer.e()
	at net.minecraft.server.MinecraftServer.v()
	at net.minecraft.server.MinecraftServer.lambda$spin$2()
	at java.base/java.lang.Thread.run(Thread.java:833)
[22-10-01 18:03:16] [SEVERE] [ArenaRegen Extension] Could not load reset zone 'Farmland'!
java.lang.NullPointerException: worldName or world is null
	at me.realized.de.arenaregen.zone.Zone.<init>(Zone.java:185)
	at me.realized.de.arenaregen.zone.ZoneManager.<init>(ZoneManager.java:50)
	at me.realized.de.arenaregen.ArenaRegen.onEnable(ArenaRegen.java:37)
	at Duels-3.5.2.jar//me.realized.duels.api.extension.DuelsExtension.setEnabled(DuelsExtension.java:74)
	at Duels-3.5.2.jar//me.realized.duels.extension.ExtensionManager.handleLoad(ExtensionManager.java:84)
	at Duels-3.5.2.jar//me.realized.duels.DuelsPlugin.load(DuelsPlugin.java:242)
	at Duels-3.5.2.jar//me.realized.duels.DuelsPlugin.onEnable(DuelsPlugin.java:175)
	at org.bukkit.plugin.java.JavaPlugin.setEnabled(JavaPlugin.java:264)
	at org.bukkit.plugin.java.JavaPluginLoader.enablePlugin(JavaPluginLoader.java:370)
	at org.bukkit.plugin.SimplePluginManager.enablePlugin(SimplePluginManager.java:542)
	at org.bukkit.craftbukkit.v1_19_R1.CraftServer.enablePlugin()
	at org.bukkit.craftbukkit.v1_19_R1.CraftServer.enablePlugins()
	at net.minecraft.server.MinecraftServer.loadWorld0()
	at net.minecraft.server.MinecraftServer.loadLevel()
	at net.minecraft.server.dedicated.DedicatedServer.e()
	at net.minecraft.server.MinecraftServer.v()
	at net.minecraft.server.MinecraftServer.lambda$spin$2()
	at java.base/java.lang.Thread.run(Thread.java:833)
[22-10-01 18:03:16] [SEVERE] [ArenaRegen Extension] Could not load reset zone 'Lighthouse'!
java.lang.NullPointerException: worldName or world is null
	at me.realized.de.arenaregen.zone.Zone.<init>(Zone.java:185)
	at me.realized.de.arenaregen.zone.ZoneManager.<init>(ZoneManager.java:50)
	at me.realized.de.arenaregen.ArenaRegen.onEnable(ArenaRegen.java:37)
	at Duels-3.5.2.jar//me.realized.duels.api.extension.DuelsExtension.setEnabled(DuelsExtension.java:74)
	at Duels-3.5.2.jar//me.realized.duels.extension.ExtensionManager.handleLoad(ExtensionManager.java:84)
	at Duels-3.5.2.jar//me.realized.duels.DuelsPlugin.load(DuelsPlugin.java:242)
	at Duels-3.5.2.jar//me.realized.duels.DuelsPlugin.onEnable(DuelsPlugin.java:175)
	at org.bukkit.plugin.java.JavaPlugin.setEnabled(JavaPlugin.java:264)
	at org.bukkit.plugin.java.JavaPluginLoader.enablePlugin(JavaPluginLoader.java:370)
	at org.bukkit.plugin.SimplePluginManager.enablePlugin(SimplePluginManager.java:542)
	at org.bukkit.craftbukkit.v1_19_R1.CraftServer.enablePlugin()
	at org.bukkit.craftbukkit.v1_19_R1.CraftServer.enablePlugins()
	at net.minecraft.server.MinecraftServer.loadWorld0()
	at net.minecraft.server.MinecraftServer.loadLevel()
	at net.minecraft.server.dedicated.DedicatedServer.e()
	at net.minecraft.server.MinecraftServer.v()
	at net.minecraft.server.MinecraftServer.lambda$spin$2()
	at java.base/java.lang.Thread.run(Thread.java:833)
[22-10-01 18:03:16] [SEVERE] [ArenaRegen Extension] Could not load reset zone 'Mansion'!
java.lang.NullPointerException: worldName or world is null
	at me.realized.de.arenaregen.zone.Zone.<init>(Zone.java:185)
	at me.realized.de.arenaregen.zone.ZoneManager.<init>(ZoneManager.java:50)
	at me.realized.de.arenaregen.ArenaRegen.onEnable(ArenaRegen.java:37)
	at Duels-3.5.2.jar//me.realized.duels.api.extension.DuelsExtension.setEnabled(DuelsExtension.java:74)
	at Duels-3.5.2.jar//me.realized.duels.extension.ExtensionManager.handleLoad(ExtensionManager.java:84)
	at Duels-3.5.2.jar//me.realized.duels.DuelsPlugin.load(DuelsPlugin.java:242)
	at Duels-3.5.2.jar//me.realized.duels.DuelsPlugin.onEnable(DuelsPlugin.java:175)
	at org.bukkit.plugin.java.JavaPlugin.setEnabled(JavaPlugin.java:264)
	at org.bukkit.plugin.java.JavaPluginLoader.enablePlugin(JavaPluginLoader.java:370)
	at org.bukkit.plugin.SimplePluginManager.enablePlugin(SimplePluginManager.java:542)
	at org.bukkit.craftbukkit.v1_19_R1.CraftServer.enablePlugin()
	at org.bukkit.craftbukkit.v1_19_R1.CraftServer.enablePlugins()
	at net.minecraft.server.MinecraftServer.loadWorld0()
	at net.minecraft.server.MinecraftServer.loadLevel()
	at net.minecraft.server.dedicated.DedicatedServer.e()
	at net.minecraft.server.MinecraftServer.v()
	at net.minecraft.server.MinecraftServer.lambda$spin$2()
	at java.base/java.lang.Thread.run(Thread.java:833)
[22-10-01 18:03:16] [SEVERE] [ArenaRegen Extension] Could not load reset zone 'Temple'!
java.lang.NullPointerException: worldName or world is null
	at me.realized.de.arenaregen.zone.Zone.<init>(Zone.java:185)
	at me.realized.de.arenaregen.zone.ZoneManager.<init>(ZoneManager.java:50)
	at me.realized.de.arenaregen.ArenaRegen.onEnable(ArenaRegen.java:37)
	at Duels-3.5.2.jar//me.realized.duels.api.extension.DuelsExtension.setEnabled(DuelsExtension.java:74)
	at Duels-3.5.2.jar//me.realized.duels.extension.ExtensionManager.handleLoad(ExtensionManager.java:84)
	at Duels-3.5.2.jar//me.realized.duels.DuelsPlugin.load(DuelsPlugin.java:242)
	at Duels-3.5.2.jar//me.realized.duels.DuelsPlugin.onEnable(DuelsPlugin.java:175)
	at org.bukkit.plugin.java.JavaPlugin.setEnabled(JavaPlugin.java:264)
	at org.bukkit.plugin.java.JavaPluginLoader.enablePlugin(JavaPluginLoader.java:370)
	at org.bukkit.plugin.SimplePluginManager.enablePlugin(SimplePluginManager.java:542)
	at org.bukkit.craftbukkit.v1_19_R1.CraftServer.enablePlugin()
	at org.bukkit.craftbukkit.v1_19_R1.CraftServer.enablePlugins()
	at net.minecraft.server.MinecraftServer.loadWorld0()
	at net.minecraft.server.MinecraftServer.loadLevel()
	at net.minecraft.server.dedicated.DedicatedServer.e()
	at net.minecraft.server.MinecraftServer.v()
	at net.minecraft.server.MinecraftServer.lambda$spin$2()
	at java.base/java.lang.Thread.run(Thread.java:833)
[22-10-01 18:03:16] [INFO] ExtensionManager: Extension 'ArenaRegen 1.2.0' is now enabled.
[22-10-01 18:03:16] [INFO] [DEBUG] ExtensionManager has been loaded. (took 69ms)
[22-10-01 18:03:17] [INFO] Hooked into DeluxeCombat!
[22-10-01 18:03:18] [INFO] No updates were available. You are on the latest version!
[22-10-01 18:12:14] [INFO] [DEBUG] onDisable start -> 1664647934637

[22-10-01 18:12:14] [INFO] [DEBUG] Starting unload of ExtensionManager at 1664647934638
[22-10-01 18:12:14] [INFO] ExtensionManager: Extension 'ArenaRegen' is now disabled.
[22-10-01 18:12:14] [INFO] [DEBUG] ExtensionManager has been unloaded. (took 0ms)
[22-10-01 18:12:14] [INFO] [DEBUG] Starting unload of Teleport at 1664647934638
[22-10-01 18:12:14] [INFO] [DEBUG] Teleport has been unloaded. (took 0ms)
[22-10-01 18:12:14] [INFO] [DEBUG] Starting unload of RequestManager at 1664647934638
[22-10-01 18:12:14] [INFO] [DEBUG] RequestManager has been unloaded. (took 0ms)
[22-10-01 18:12:14] [INFO] [DEBUG] Starting unload of QueueSignManagerImpl at 1664647934638
[22-10-01 18:12:14] [INFO] [DEBUG] QueueSignManagerImpl has been unloaded. (took 0ms)
[22-10-01 18:12:14] [INFO] [DEBUG] Starting unload of QueueManager at 1664647934638
[22-10-01 18:12:14] [INFO] [DEBUG] QueueManager has been unloaded. (took 0ms)
[22-10-01 18:12:14] [INFO] [DEBUG] Starting unload of DuelManager at 1664647934638
[22-10-01 18:12:14] [INFO] [DEBUG] DuelManager has been unloaded. (took 0ms)
[22-10-01 18:12:14] [INFO] [DEBUG] Starting unload of InventoryManager at 1664647934639
[22-10-01 18:12:14] [INFO] [DEBUG] InventoryManager has been unloaded. (took 0ms)
[22-10-01 18:12:14] [INFO] [DEBUG] Starting unload of BettingManager at 1664647934639
[22-10-01 18:12:14] [INFO] [DEBUG] BettingManager has been unloaded. (took 0ms)
[22-10-01 18:12:14] [INFO] [DEBUG] Starting unload of SpectateManagerImpl at 1664647934639
[22-10-01 18:12:14] [INFO] [DEBUG] SpectateManagerImpl has been unloaded. (took 0ms)
[22-10-01 18:12:14] [INFO] [DEBUG] Starting unload of PlayerInfoManager at 1664647934639
[22-10-01 18:12:14] [INFO] [DEBUG] PlayerInfoManager has been unloaded. (took 0ms)
[22-10-01 18:12:14] [INFO] [DEBUG] Starting unload of SettingsManager at 1664647934639
[22-10-01 18:12:14] [INFO] [DEBUG] SettingsManager has been unloaded. (took 0ms)
[22-10-01 18:12:14] [INFO] [DEBUG] Starting unload of ArenaManagerImpl at 1664647934639
[22-10-01 18:12:14] [INFO] [DEBUG] ArenaManagerImpl has been unloaded. (took 0ms)
[22-10-01 18:12:14] [INFO] [DEBUG] Starting unload of KitManagerImpl at 1664647934639
[22-10-01 18:12:14] [INFO] [DEBUG] KitManagerImpl has been unloaded. (took 0ms)
[22-10-01 18:12:14] [INFO] [DEBUG] Starting unload of GuiListener at 1664647934639
[22-10-01 18:12:14] [INFO] [DEBUG] GuiListener has been unloaded. (took 0ms)
[22-10-01 18:12:14] [INFO] [DEBUG] Starting unload of UserManagerImpl at 1664647934639
[22-10-01 18:12:14] [INFO] [DEBUG] UserManagerImpl has been unloaded. (took 11ms)
[22-10-01 18:12:14] [INFO] [DEBUG] Starting unload of Lang at 1664647934650
[22-10-01 18:12:14] [INFO] [DEBUG] Lang has been unloaded. (took 0ms)
[22-10-01 18:12:14] [INFO] [DEBUG] Starting unload of Config at 1664647934650
[22-10-01 18:12:14] [INFO] [DEBUG] Config has been unloaded. (took 0ms)
[22-10-01 18:12:14] [INFO] [DEBUG] unload done (took 13ms)
[22-10-01 18:12:14] [INFO] [DEBUG] Log#clearSources done (took 0ms)
[22-10-01 18:12:49] [INFO] [DEBUG] onEnable start -> 1664647969857

[22-10-01 18:12:49] [INFO] Using Economy Provider: com.earth2me.essentials.economy.vault.VaultEconomyProvider
[22-10-01 18:12:49] [INFO] [DEBUG] Starting load of Config at 1664647969921
[22-10-01 18:12:49] [INFO] [DEBUG] Config has been loaded. (took 4ms)
[22-10-01 18:12:49] [INFO] [DEBUG] Starting load of Lang at 1664647969925
[22-10-01 18:12:49] [INFO] [DEBUG] Lang has been loaded. (took 14ms)
[22-10-01 18:12:49] [INFO] [DEBUG] Starting load of UserManagerImpl at 1664647969939
[22-10-01 18:12:49] [INFO] [DEBUG] UserManagerImpl has been loaded. (took 1ms)
[22-10-01 18:12:49] [INFO] [DEBUG] Starting load of GuiListener at 1664647969940
[22-10-01 18:12:49] [INFO] [DEBUG] GuiListener has been loaded. (took 0ms)
[22-10-01 18:12:49] [INFO] [DEBUG] Starting load of KitManagerImpl at 1664647969940
[22-10-01 18:12:50] [INFO] KitManagerImpl: Loaded 2 kit(s).
[22-10-01 18:12:50] [INFO] [DEBUG] KitManagerImpl has been loaded. (took 105ms)
[22-10-01 18:12:50] [INFO] [DEBUG] Starting load of ArenaManagerImpl at 1664647970045
[22-10-01 18:12:50] [INFO] ArenaManagerImpl: Loaded 5 arena(s).
[22-10-01 18:12:50] [INFO] [DEBUG] ArenaManagerImpl has been loaded. (took 11ms)
[22-10-01 18:12:50] [INFO] [DEBUG] Starting load of SettingsManager at 1664647970056
[22-10-01 18:12:50] [INFO] [DEBUG] SettingsManager has been loaded. (took 0ms)
[22-10-01 18:12:50] [INFO] [DEBUG] Starting load of PlayerInfoManager at 1664647970056
[22-10-01 18:12:50] [INFO] [DEBUG] PlayerInfoManager has been loaded. (took 0ms)
[22-10-01 18:12:50] [INFO] [DEBUG] Starting load of SpectateManagerImpl at 1664647970056
[22-10-01 18:12:50] [INFO] [DEBUG] SpectateManagerImpl has been loaded. (took 0ms)
[22-10-01 18:12:50] [INFO] [DEBUG] Starting load of BettingManager at 1664647970056
[22-10-01 18:12:50] [INFO] [DEBUG] BettingManager has been loaded. (took 0ms)
[22-10-01 18:12:50] [INFO] [DEBUG] Starting load of InventoryManager at 1664647970056
[22-10-01 18:12:50] [INFO] [DEBUG] InventoryManager has been loaded. (took 1ms)
[22-10-01 18:12:50] [INFO] [DEBUG] Starting load of DuelManager at 1664647970057
[22-10-01 18:12:50] [INFO] [DEBUG] DuelManager has been loaded. (took 0ms)
[22-10-01 18:12:50] [INFO] [DEBUG] Starting load of QueueManager at 1664647970057
[22-10-01 18:12:50] [INFO] QueueManager: Loaded 0 queue(s).
[22-10-01 18:12:50] [INFO] [DEBUG] QueueManager has been loaded. (took 0ms)
[22-10-01 18:12:50] [INFO] [DEBUG] Starting load of QueueSignManagerImpl at 1664647970057
[22-10-01 18:12:50] [INFO] QueueSignManagerImpl: Loaded 0 queue sign(s).
[22-10-01 18:12:50] [INFO] [DEBUG] QueueSignManagerImpl has been loaded. (took 1ms)
[22-10-01 18:12:50] [INFO] [DEBUG] Starting load of RequestManager at 1664647970058
[22-10-01 18:12:50] [INFO] [DEBUG] RequestManager has been loaded. (took 0ms)
[22-10-01 18:12:50] [INFO] [DEBUG] Starting load of Teleport at 1664647970058
[22-10-01 18:12:50] [INFO] [DEBUG] Teleport has been loaded. (took 0ms)
[22-10-01 18:12:50] [INFO] [DEBUG] Starting load of ExtensionManager at 1664647970058
[22-10-01 18:12:50] [INFO] [ArenaRegen Extension] NMSHandler: Using me.realized.de.arenaregen.nms.fallback.NMSHandler
[22-10-01 18:12:50] [SEVERE] [ArenaRegen Extension] Could not load reset zone 'China'!
java.lang.NullPointerException: worldName or world is null
	at me.realized.de.arenaregen.zone.Zone.<init>(Zone.java:185)
	at me.realized.de.arenaregen.zone.ZoneManager.<init>(ZoneManager.java:50)
	at me.realized.de.arenaregen.ArenaRegen.onEnable(ArenaRegen.java:37)
	at Duels-3.5.2.jar//me.realized.duels.api.extension.DuelsExtension.setEnabled(DuelsExtension.java:74)
	at Duels-3.5.2.jar//me.realized.duels.extension.ExtensionManager.handleLoad(ExtensionManager.java:84)
	at Duels-3.5.2.jar//me.realized.duels.DuelsPlugin.load(DuelsPlugin.java:242)
	at Duels-3.5.2.jar//me.realized.duels.DuelsPlugin.onEnable(DuelsPlugin.java:175)
	at org.bukkit.plugin.java.JavaPlugin.setEnabled(JavaPlugin.java:264)
	at org.bukkit.plugin.java.JavaPluginLoader.enablePlugin(JavaPluginLoader.java:370)
	at org.bukkit.plugin.SimplePluginManager.enablePlugin(SimplePluginManager.java:542)
	at org.bukkit.craftbukkit.v1_19_R1.CraftServer.enablePlugin()
	at org.bukkit.craftbukkit.v1_19_R1.CraftServer.enablePlugins()
	at net.minecraft.server.MinecraftServer.loadWorld0()
	at net.minecraft.server.MinecraftServer.loadLevel()
	at net.minecraft.server.dedicated.DedicatedServer.e()
	at net.minecraft.server.MinecraftServer.v()
	at net.minecraft.server.MinecraftServer.lambda$spin$2()
	at java.base/java.lang.Thread.run(Thread.java:833)
[22-10-01 18:12:50] [SEVERE] [ArenaRegen Extension] Could not load reset zone 'Farmland'!
java.lang.NullPointerException: worldName or world is null
	at me.realized.de.arenaregen.zone.Zone.<init>(Zone.java:185)
	at me.realized.de.arenaregen.zone.ZoneManager.<init>(ZoneManager.java:50)
	at me.realized.de.arenaregen.ArenaRegen.onEnable(ArenaRegen.java:37)
	at Duels-3.5.2.jar//me.realized.duels.api.extension.DuelsExtension.setEnabled(DuelsExtension.java:74)
	at Duels-3.5.2.jar//me.realized.duels.extension.ExtensionManager.handleLoad(ExtensionManager.java:84)
	at Duels-3.5.2.jar//me.realized.duels.DuelsPlugin.load(DuelsPlugin.java:242)
	at Duels-3.5.2.jar//me.realized.duels.DuelsPlugin.onEnable(DuelsPlugin.java:175)
	at org.bukkit.plugin.java.JavaPlugin.setEnabled(JavaPlugin.java:264)
	at org.bukkit.plugin.java.JavaPluginLoader.enablePlugin(JavaPluginLoader.java:370)
	at org.bukkit.plugin.SimplePluginManager.enablePlugin(SimplePluginManager.java:542)
	at org.bukkit.craftbukkit.v1_19_R1.CraftServer.enablePlugin()
	at org.bukkit.craftbukkit.v1_19_R1.CraftServer.enablePlugins()
	at net.minecraft.server.MinecraftServer.loadWorld0()
	at net.minecraft.server.MinecraftServer.loadLevel()
	at net.minecraft.server.dedicated.DedicatedServer.e()
	at net.minecraft.server.MinecraftServer.v()
	at net.minecraft.server.MinecraftServer.lambda$spin$2()
	at java.base/java.lang.Thread.run(Thread.java:833)
[22-10-01 18:12:50] [SEVERE] [ArenaRegen Extension] Could not load reset zone 'Lighthouse'!
java.lang.NullPointerException: worldName or world is null
	at me.realized.de.arenaregen.zone.Zone.<init>(Zone.java:185)
	at me.realized.de.arenaregen.zone.ZoneManager.<init>(ZoneManager.java:50)
	at me.realized.de.arenaregen.ArenaRegen.onEnable(ArenaRegen.java:37)
	at Duels-3.5.2.jar//me.realized.duels.api.extension.DuelsExtension.setEnabled(DuelsExtension.java:74)
	at Duels-3.5.2.jar//me.realized.duels.extension.ExtensionManager.handleLoad(ExtensionManager.java:84)
	at Duels-3.5.2.jar//me.realized.duels.DuelsPlugin.load(DuelsPlugin.java:242)
	at Duels-3.5.2.jar//me.realized.duels.DuelsPlugin.onEnable(DuelsPlugin.java:175)
	at org.bukkit.plugin.java.JavaPlugin.setEnabled(JavaPlugin.java:264)
	at org.bukkit.plugin.java.JavaPluginLoader.enablePlugin(JavaPluginLoader.java:370)
	at org.bukkit.plugin.SimplePluginManager.enablePlugin(SimplePluginManager.java:542)
	at org.bukkit.craftbukkit.v1_19_R1.CraftServer.enablePlugin()
	at org.bukkit.craftbukkit.v1_19_R1.CraftServer.enablePlugins()
	at net.minecraft.server.MinecraftServer.loadWorld0()
	at net.minecraft.server.MinecraftServer.loadLevel()
	at net.minecraft.server.dedicated.DedicatedServer.e()
	at net.minecraft.server.MinecraftServer.v()
	at net.minecraft.server.MinecraftServer.lambda$spin$2()
	at java.base/java.lang.Thread.run(Thread.java:833)
[22-10-01 18:12:50] [SEVERE] [ArenaRegen Extension] Could not load reset zone 'Mansion'!
java.lang.NullPointerException: worldName or world is null
	at me.realized.de.arenaregen.zone.Zone.<init>(Zone.java:185)
	at me.realized.de.arenaregen.zone.ZoneManager.<init>(ZoneManager.java:50)
	at me.realized.de.arenaregen.ArenaRegen.onEnable(ArenaRegen.java:37)
	at Duels-3.5.2.jar//me.realized.duels.api.extension.DuelsExtension.setEnabled(DuelsExtension.java:74)
	at Duels-3.5.2.jar//me.realized.duels.extension.ExtensionManager.handleLoad(ExtensionManager.java:84)
	at Duels-3.5.2.jar//me.realized.duels.DuelsPlugin.load(DuelsPlugin.java:242)
	at Duels-3.5.2.jar//me.realized.duels.DuelsPlugin.onEnable(DuelsPlugin.java:175)
	at org.bukkit.plugin.java.JavaPlugin.setEnabled(JavaPlugin.java:264)
	at org.bukkit.plugin.java.JavaPluginLoader.enablePlugin(JavaPluginLoader.java:370)
	at org.bukkit.plugin.SimplePluginManager.enablePlugin(SimplePluginManager.java:542)
	at org.bukkit.craftbukkit.v1_19_R1.CraftServer.enablePlugin()
	at org.bukkit.craftbukkit.v1_19_R1.CraftServer.enablePlugins()
	at net.minecraft.server.MinecraftServer.loadWorld0()
	at net.minecraft.server.MinecraftServer.loadLevel()
	at net.minecraft.server.dedicated.DedicatedServer.e()
	at net.minecraft.server.MinecraftServer.v()
	at net.minecraft.server.MinecraftServer.lambda$spin$2()
	at java.base/java.lang.Thread.run(Thread.java:833)
[22-10-01 18:12:50] [SEVERE] [ArenaRegen Extension] Could not load reset zone 'Temple'!
java.lang.NullPointerException: worldName or world is null
	at me.realized.de.arenaregen.zone.Zone.<init>(Zone.java:185)
	at me.realized.de.arenaregen.zone.ZoneManager.<init>(ZoneManager.java:50)
	at me.realized.de.arenaregen.ArenaRegen.onEnable(ArenaRegen.java:37)
	at Duels-3.5.2.jar//me.realized.duels.api.extension.DuelsExtension.setEnabled(DuelsExtension.java:74)
	at Duels-3.5.2.jar//me.realized.duels.extension.ExtensionManager.handleLoad(ExtensionManager.java:84)
	at Duels-3.5.2.jar//me.realized.duels.DuelsPlugin.load(DuelsPlugin.java:242)
	at Duels-3.5.2.jar//me.realized.duels.DuelsPlugin.onEnable(DuelsPlugin.java:175)
	at org.bukkit.plugin.java.JavaPlugin.setEnabled(JavaPlugin.java:264)
	at org.bukkit.plugin.java.JavaPluginLoader.enablePlugin(JavaPluginLoader.java:370)
	at org.bukkit.plugin.SimplePluginManager.enablePlugin(SimplePluginManager.java:542)
	at org.bukkit.craftbukkit.v1_19_R1.CraftServer.enablePlugin()
	at org.bukkit.craftbukkit.v1_19_R1.CraftServer.enablePlugins()
	at net.minecraft.server.MinecraftServer.loadWorld0()
	at net.minecraft.server.MinecraftServer.loadLevel()
	at net.minecraft.server.dedicated.DedicatedServer.e()
	at net.minecraft.server.MinecraftServer.v()
	at net.minecraft.server.MinecraftServer.lambda$spin$2()
	at java.base/java.lang.Thread.run(Thread.java:833)
[22-10-01 18:12:50] [INFO] ExtensionManager: Extension 'ArenaRegen 1.2.0' is now enabled.
[22-10-01 18:12:50] [INFO] [DEBUG] ExtensionManager has been loaded. (took 89ms)
[22-10-01 18:12:50] [INFO] Hooked into DeluxeCombat!
[22-10-01 18:12:51] [INFO] No updates were available. You are on the latest version!
[22-10-01 18:43:43] [INFO] [DEBUG] onDisable start -> 1664649823433

[22-10-01 18:43:43] [INFO] [DEBUG] Starting unload of ExtensionManager at 1664649823434
[22-10-01 18:43:43] [INFO] ExtensionManager: Extension 'ArenaRegen' is now disabled.
[22-10-01 18:43:43] [INFO] [DEBUG] ExtensionManager has been unloaded. (took 0ms)
[22-10-01 18:43:43] [INFO] [DEBUG] Starting unload of Teleport at 1664649823434
[22-10-01 18:43:43] [INFO] [DEBUG] Teleport has been unloaded. (took 0ms)
[22-10-01 18:43:43] [INFO] [DEBUG] Starting unload of RequestManager at 1664649823434
[22-10-01 18:43:43] [INFO] [DEBUG] RequestManager has been unloaded. (took 0ms)
[22-10-01 18:43:43] [INFO] [DEBUG] Starting unload of QueueSignManagerImpl at 1664649823434
[22-10-01 18:43:43] [INFO] [DEBUG] QueueSignManagerImpl has been unloaded. (took 0ms)
[22-10-01 18:43:43] [INFO] [DEBUG] Starting unload of QueueManager at 1664649823434
[22-10-01 18:43:43] [INFO] [DEBUG] QueueManager has been unloaded. (took 1ms)
[22-10-01 18:43:43] [INFO] [DEBUG] Starting unload of DuelManager at 1664649823435
[22-10-01 18:43:43] [INFO] [DEBUG] DuelManager has been unloaded. (took 0ms)
[22-10-01 18:43:43] [INFO] [DEBUG] Starting unload of InventoryManager at 1664649823435
[22-10-01 18:43:43] [INFO] [DEBUG] InventoryManager has been unloaded. (took 0ms)
[22-10-01 18:43:43] [INFO] [DEBUG] Starting unload of BettingManager at 1664649823435
[22-10-01 18:43:43] [INFO] [DEBUG] BettingManager has been unloaded. (took 0ms)
[22-10-01 18:43:43] [INFO] [DEBUG] Starting unload of SpectateManagerImpl at 1664649823435
[22-10-01 18:43:43] [INFO] [DEBUG] SpectateManagerImpl has been unloaded. (took 0ms)
[22-10-01 18:43:43] [INFO] [DEBUG] Starting unload of PlayerInfoManager at 1664649823435
[22-10-01 18:43:43] [INFO] [DEBUG] PlayerInfoManager has been unloaded. (took 0ms)
[22-10-01 18:43:43] [INFO] [DEBUG] Starting unload of SettingsManager at 1664649823435
[22-10-01 18:43:43] [INFO] [DEBUG] SettingsManager has been unloaded. (took 0ms)
[22-10-01 18:43:43] [INFO] [DEBUG] Starting unload of ArenaManagerImpl at 1664649823435
[22-10-01 18:43:43] [INFO] [DEBUG] ArenaManagerImpl has been unloaded. (took 0ms)
[22-10-01 18:43:43] [INFO] [DEBUG] Starting unload of KitManagerImpl at 1664649823435
[22-10-01 18:43:43] [INFO] [DEBUG] KitManagerImpl has been unloaded. (took 0ms)
[22-10-01 18:43:43] [INFO] [DEBUG] Starting unload of GuiListener at 1664649823435
[22-10-01 18:43:43] [INFO] [DEBUG] GuiListener has been unloaded. (took 0ms)
[22-10-01 18:43:43] [INFO] [DEBUG] Starting unload of UserManagerImpl at 1664649823435
[22-10-01 18:43:43] [INFO] [DEBUG] UserManagerImpl has been unloaded. (took 11ms)
[22-10-01 18:43:43] [INFO] [DEBUG] Starting unload of Lang at 1664649823446
[22-10-01 18:43:43] [INFO] [DEBUG] Lang has been unloaded. (took 0ms)
[22-10-01 18:43:43] [INFO] [DEBUG] Starting unload of Config at 1664649823446
[22-10-01 18:43:43] [INFO] [DEBUG] Config has been unloaded. (took 0ms)
[22-10-01 18:43:43] [INFO] [DEBUG] unload done (took 13ms)
[22-10-01 18:43:43] [INFO] [DEBUG] Log#clearSources done (took 0ms)
[22-10-01 18:44:18] [INFO] [DEBUG] onEnable start -> 1664649858114

[22-10-01 18:44:18] [INFO] Using Economy Provider: com.earth2me.essentials.economy.vault.VaultEconomyProvider
[22-10-01 18:44:18] [INFO] [DEBUG] Starting load of Config at 1664649858155
[22-10-01 18:44:18] [INFO] [DEBUG] Config has been loaded. (took 3ms)
[22-10-01 18:44:18] [INFO] [DEBUG] Starting load of Lang at 1664649858158
[22-10-01 18:44:18] [INFO] [DEBUG] Lang has been loaded. (took 10ms)
[22-10-01 18:44:18] [INFO] [DEBUG] Starting load of UserManagerImpl at 1664649858168
[22-10-01 18:44:18] [INFO] [DEBUG] UserManagerImpl has been loaded. (took 0ms)
[22-10-01 18:44:18] [INFO] [DEBUG] Starting load of GuiListener at 1664649858168
[22-10-01 18:44:18] [INFO] [DEBUG] GuiListener has been loaded. (took 0ms)
[22-10-01 18:44:18] [INFO] [DEBUG] Starting load of KitManagerImpl at 1664649858168
[22-10-01 18:44:18] [INFO] KitManagerImpl: Loaded 2 kit(s).
[22-10-01 18:44:18] [INFO] [DEBUG] KitManagerImpl has been loaded. (took 82ms)
[22-10-01 18:44:18] [INFO] [DEBUG] Starting load of ArenaManagerImpl at 1664649858250
[22-10-01 18:44:18] [INFO] ArenaManagerImpl: Loaded 5 arena(s).
[22-10-01 18:44:18] [INFO] [DEBUG] ArenaManagerImpl has been loaded. (took 8ms)
[22-10-01 18:44:18] [INFO] [DEBUG] Starting load of SettingsManager at 1664649858258
[22-10-01 18:44:18] [INFO] [DEBUG] SettingsManager has been loaded. (took 0ms)
[22-10-01 18:44:18] [INFO] [DEBUG] Starting load of PlayerInfoManager at 1664649858258
[22-10-01 18:44:18] [INFO] [DEBUG] PlayerInfoManager has been loaded. (took 0ms)
[22-10-01 18:44:18] [INFO] [DEBUG] Starting load of SpectateManagerImpl at 1664649858258
[22-10-01 18:44:18] [INFO] [DEBUG] SpectateManagerImpl has been loaded. (took 0ms)
[22-10-01 18:44:18] [INFO] [DEBUG] Starting load of BettingManager at 1664649858258
[22-10-01 18:44:18] [INFO] [DEBUG] BettingManager has been loaded. (took 0ms)
[22-10-01 18:44:18] [INFO] [DEBUG] Starting load of InventoryManager at 1664649858258
[22-10-01 18:44:18] [INFO] [DEBUG] InventoryManager has been loaded. (took 0ms)
[22-10-01 18:44:18] [INFO] [DEBUG] Starting load of DuelManager at 1664649858258
[22-10-01 18:44:18] [INFO] [DEBUG] DuelManager has been loaded. (took 0ms)
[22-10-01 18:44:18] [INFO] [DEBUG] Starting load of QueueManager at 1664649858258
[22-10-01 18:44:18] [INFO] QueueManager: Loaded 0 queue(s).
[22-10-01 18:44:18] [INFO] [DEBUG] QueueManager has been loaded. (took 1ms)
[22-10-01 18:44:18] [INFO] [DEBUG] Starting load of QueueSignManagerImpl at 1664649858259
[22-10-01 18:44:18] [INFO] QueueSignManagerImpl: Loaded 0 queue sign(s).
[22-10-01 18:44:18] [INFO] [DEBUG] QueueSignManagerImpl has been loaded. (took 0ms)
[22-10-01 18:44:18] [INFO] [DEBUG] Starting load of RequestManager at 1664649858259
[22-10-01 18:44:18] [INFO] [DEBUG] RequestManager has been loaded. (took 0ms)
[22-10-01 18:44:18] [INFO] [DEBUG] Starting load of Teleport at 1664649858259
[22-10-01 18:44:18] [INFO] [DEBUG] Teleport has been loaded. (took 1ms)
[22-10-01 18:44:18] [INFO] [DEBUG] Starting load of ExtensionManager at 1664649858260
[22-10-01 18:44:18] [INFO] [ArenaRegen Extension] NMSHandler: Using me.realized.de.arenaregen.nms.fallback.NMSHandler
[22-10-01 18:44:18] [SEVERE] [ArenaRegen Extension] Could not load reset zone 'China'!
java.lang.NullPointerException: worldName or world is null
	at me.realized.de.arenaregen.zone.Zone.<init>(Zone.java:185)
	at me.realized.de.arenaregen.zone.ZoneManager.<init>(ZoneManager.java:50)
	at me.realized.de.arenaregen.ArenaRegen.onEnable(ArenaRegen.java:37)
	at Duels-3.5.2.jar//me.realized.duels.api.extension.DuelsExtension.setEnabled(DuelsExtension.java:74)
	at Duels-3.5.2.jar//me.realized.duels.extension.ExtensionManager.handleLoad(ExtensionManager.java:84)
	at Duels-3.5.2.jar//me.realized.duels.DuelsPlugin.load(DuelsPlugin.java:242)
	at Duels-3.5.2.jar//me.realized.duels.DuelsPlugin.onEnable(DuelsPlugin.java:175)
	at org.bukkit.plugin.java.JavaPlugin.setEnabled(JavaPlugin.java:264)
	at org.bukkit.plugin.java.JavaPluginLoader.enablePlugin(JavaPluginLoader.java:370)
	at org.bukkit.plugin.SimplePluginManager.enablePlugin(SimplePluginManager.java:542)
	at org.bukkit.craftbukkit.v1_19_R1.CraftServer.enablePlugin()
	at org.bukkit.craftbukkit.v1_19_R1.CraftServer.enablePlugins()
	at net.minecraft.server.MinecraftServer.loadWorld0()
	at net.minecraft.server.MinecraftServer.loadLevel()
	at net.minecraft.server.dedicated.DedicatedServer.e()
	at net.minecraft.server.MinecraftServer.v()
	at net.minecraft.server.MinecraftServer.lambda$spin$2()
	at java.base/java.lang.Thread.run(Thread.java:833)
[22-10-01 18:44:18] [SEVERE] [ArenaRegen Extension] Could not load reset zone 'Farmland'!
java.lang.NullPointerException: worldName or world is null
	at me.realized.de.arenaregen.zone.Zone.<init>(Zone.java:185)
	at me.realized.de.arenaregen.zone.ZoneManager.<init>(ZoneManager.java:50)
	at me.realized.de.arenaregen.ArenaRegen.onEnable(ArenaRegen.java:37)
	at Duels-3.5.2.jar//me.realized.duels.api.extension.DuelsExtension.setEnabled(DuelsExtension.java:74)
	at Duels-3.5.2.jar//me.realized.duels.extension.ExtensionManager.handleLoad(ExtensionManager.java:84)
	at Duels-3.5.2.jar//me.realized.duels.DuelsPlugin.load(DuelsPlugin.java:242)
	at Duels-3.5.2.jar//me.realized.duels.DuelsPlugin.onEnable(DuelsPlugin.java:175)
	at org.bukkit.plugin.java.JavaPlugin.setEnabled(JavaPlugin.java:264)
	at org.bukkit.plugin.java.JavaPluginLoader.enablePlugin(JavaPluginLoader.java:370)
	at org.bukkit.plugin.SimplePluginManager.enablePlugin(SimplePluginManager.java:542)
	at org.bukkit.craftbukkit.v1_19_R1.CraftServer.enablePlugin()
	at org.bukkit.craftbukkit.v1_19_R1.CraftServer.enablePlugins()
	at net.minecraft.server.MinecraftServer.loadWorld0()
	at net.minecraft.server.MinecraftServer.loadLevel()
	at net.minecraft.server.dedicated.DedicatedServer.e()
	at net.minecraft.server.MinecraftServer.v()
	at net.minecraft.server.MinecraftServer.lambda$spin$2()
	at java.base/java.lang.Thread.run(Thread.java:833)
[22-10-01 18:44:18] [SEVERE] [ArenaRegen Extension] Could not load reset zone 'Lighthouse'!
java.lang.NullPointerException: worldName or world is null
	at me.realized.de.arenaregen.zone.Zone.<init>(Zone.java:185)
	at me.realized.de.arenaregen.zone.ZoneManager.<init>(ZoneManager.java:50)
	at me.realized.de.arenaregen.ArenaRegen.onEnable(ArenaRegen.java:37)
	at Duels-3.5.2.jar//me.realized.duels.api.extension.DuelsExtension.setEnabled(DuelsExtension.java:74)
	at Duels-3.5.2.jar//me.realized.duels.extension.ExtensionManager.handleLoad(ExtensionManager.java:84)
	at Duels-3.5.2.jar//me.realized.duels.DuelsPlugin.load(DuelsPlugin.java:242)
	at Duels-3.5.2.jar//me.realized.duels.DuelsPlugin.onEnable(DuelsPlugin.java:175)
	at org.bukkit.plugin.java.JavaPlugin.setEnabled(JavaPlugin.java:264)
	at org.bukkit.plugin.java.JavaPluginLoader.enablePlugin(JavaPluginLoader.java:370)
	at org.bukkit.plugin.SimplePluginManager.enablePlugin(SimplePluginManager.java:542)
	at org.bukkit.craftbukkit.v1_19_R1.CraftServer.enablePlugin()
	at org.bukkit.craftbukkit.v1_19_R1.CraftServer.enablePlugins()
	at net.minecraft.server.MinecraftServer.loadWorld0()
	at net.minecraft.server.MinecraftServer.loadLevel()
	at net.minecraft.server.dedicated.DedicatedServer.e()
	at net.minecraft.server.MinecraftServer.v()
	at net.minecraft.server.MinecraftServer.lambda$spin$2()
	at java.base/java.lang.Thread.run(Thread.java:833)
[22-10-01 18:44:18] [SEVERE] [ArenaRegen Extension] Could not load reset zone 'Mansion'!
java.lang.NullPointerException: worldName or world is null
	at me.realized.de.arenaregen.zone.Zone.<init>(Zone.java:185)
	at me.realized.de.arenaregen.zone.ZoneManager.<init>(ZoneManager.java:50)
	at me.realized.de.arenaregen.ArenaRegen.onEnable(ArenaRegen.java:37)
	at Duels-3.5.2.jar//me.realized.duels.api.extension.DuelsExtension.setEnabled(DuelsExtension.java:74)
	at Duels-3.5.2.jar//me.realized.duels.extension.ExtensionManager.handleLoad(ExtensionManager.java:84)
	at Duels-3.5.2.jar//me.realized.duels.DuelsPlugin.load(DuelsPlugin.java:242)
	at Duels-3.5.2.jar//me.realized.duels.DuelsPlugin.onEnable(DuelsPlugin.java:175)
	at org.bukkit.plugin.java.JavaPlugin.setEnabled(JavaPlugin.java:264)
	at org.bukkit.plugin.java.JavaPluginLoader.enablePlugin(JavaPluginLoader.java:370)
	at org.bukkit.plugin.SimplePluginManager.enablePlugin(SimplePluginManager.java:542)
	at org.bukkit.craftbukkit.v1_19_R1.CraftServer.enablePlugin()
	at org.bukkit.craftbukkit.v1_19_R1.CraftServer.enablePlugins()
	at net.minecraft.server.MinecraftServer.loadWorld0()
	at net.minecraft.server.MinecraftServer.loadLevel()
	at net.minecraft.server.dedicated.DedicatedServer.e()
	at net.minecraft.server.MinecraftServer.v()
	at net.minecraft.server.MinecraftServer.lambda$spin$2()
	at java.base/java.lang.Thread.run(Thread.java:833)
[22-10-01 18:44:18] [SEVERE] [ArenaRegen Extension] Could not load reset zone 'Temple'!
java.lang.NullPointerException: worldName or world is null
	at me.realized.de.arenaregen.zone.Zone.<init>(Zone.java:185)
	at me.realized.de.arenaregen.zone.ZoneManager.<init>(ZoneManager.java:50)
	at me.realized.de.arenaregen.ArenaRegen.onEnable(ArenaRegen.java:37)
	at Duels-3.5.2.jar//me.realized.duels.api.extension.DuelsExtension.setEnabled(DuelsExtension.java:74)
	at Duels-3.5.2.jar//me.realized.duels.extension.ExtensionManager.handleLoad(ExtensionManager.java:84)
	at Duels-3.5.2.jar//me.realized.duels.DuelsPlugin.load(DuelsPlugin.java:242)
	at Duels-3.5.2.jar//me.realized.duels.DuelsPlugin.onEnable(DuelsPlugin.java:175)
	at org.bukkit.plugin.java.JavaPlugin.setEnabled(JavaPlugin.java:264)
	at org.bukkit.plugin.java.JavaPluginLoader.enablePlugin(JavaPluginLoader.java:370)
	at org.bukkit.plugin.SimplePluginManager.enablePlugin(SimplePluginManager.java:542)
	at org.bukkit.craftbukkit.v1_19_R1.CraftServer.enablePlugin()
	at org.bukkit.craftbukkit.v1_19_R1.CraftServer.enablePlugins()
	at net.minecraft.server.MinecraftServer.loadWorld0()
	at net.minecraft.server.MinecraftServer.loadLevel()
	at net.minecraft.server.dedicated.DedicatedServer.e()
	at net.minecraft.server.MinecraftServer.v()
	at net.minecraft.server.MinecraftServer.lambda$spin$2()
	at java.base/java.lang.Thread.run(Thread.java:833)
[22-10-01 18:44:18] [INFO] ExtensionManager: Extension 'ArenaRegen 1.2.0' is now enabled.
[22-10-01 18:44:18] [INFO] [DEBUG] ExtensionManager has been loaded. (took 88ms)
[22-10-01 18:44:18] [INFO] Hooked into DeluxeCombat!
[22-10-01 18:44:19] [INFO] No updates were available. You are on the latest version!
[22-10-01 19:38:55] [INFO] [DEBUG] onDisable start -> 1664653135947

[22-10-01 19:38:55] [INFO] [DEBUG] Starting unload of ExtensionManager at 1664653135948
[22-10-01 19:38:55] [INFO] ExtensionManager: Extension 'ArenaRegen' is now disabled.
[22-10-01 19:38:55] [INFO] [DEBUG] ExtensionManager has been unloaded. (took 0ms)
[22-10-01 19:38:55] [INFO] [DEBUG] Starting unload of Teleport at 1664653135948
[22-10-01 19:38:55] [INFO] [DEBUG] Teleport has been unloaded. (took 0ms)
[22-10-01 19:38:55] [INFO] [DEBUG] Starting unload of RequestManager at 1664653135948
[22-10-01 19:38:55] [INFO] [DEBUG] RequestManager has been unloaded. (took 0ms)
[22-10-01 19:38:55] [INFO] [DEBUG] Starting unload of QueueSignManagerImpl at 1664653135948
[22-10-01 19:38:55] [INFO] [DEBUG] QueueSignManagerImpl has been unloaded. (took 0ms)
[22-10-01 19:38:55] [INFO] [DEBUG] Starting unload of QueueManager at 1664653135948
[22-10-01 19:38:55] [INFO] [DEBUG] QueueManager has been unloaded. (took 0ms)
[22-10-01 19:38:55] [INFO] [DEBUG] Starting unload of DuelManager at 1664653135948
[22-10-01 19:38:55] [INFO] [DEBUG] DuelManager has been unloaded. (took 0ms)
[22-10-01 19:38:55] [INFO] [DEBUG] Starting unload of InventoryManager at 1664653135948
[22-10-01 19:38:55] [INFO] [DEBUG] InventoryManager has been unloaded. (took 0ms)
[22-10-01 19:38:55] [INFO] [DEBUG] Starting unload of BettingManager at 1664653135948
[22-10-01 19:38:55] [INFO] [DEBUG] BettingManager has been unloaded. (took 0ms)
[22-10-01 19:38:55] [INFO] [DEBUG] Starting unload of SpectateManagerImpl at 1664653135948
[22-10-01 19:38:55] [INFO] [DEBUG] SpectateManagerImpl has been unloaded. (took 0ms)
[22-10-01 19:38:55] [INFO] [DEBUG] Starting unload of PlayerInfoManager at 1664653135948
[22-10-01 19:38:55] [INFO] [DEBUG] PlayerInfoManager has been unloaded. (took 0ms)
[22-10-01 19:38:55] [INFO] [DEBUG] Starting unload of SettingsManager at 1664653135948
[22-10-01 19:38:55] [INFO] [DEBUG] SettingsManager has been unloaded. (took 0ms)
[22-10-01 19:38:55] [INFO] [DEBUG] Starting unload of ArenaManagerImpl at 1664653135948
[22-10-01 19:38:55] [INFO] [DEBUG] ArenaManagerImpl has been unloaded. (took 0ms)
[22-10-01 19:38:55] [INFO] [DEBUG] Starting unload of KitManagerImpl at 1664653135948
[22-10-01 19:38:55] [INFO] [DEBUG] KitManagerImpl has been unloaded. (took 0ms)
[22-10-01 19:38:55] [INFO] [DEBUG] Starting unload of GuiListener at 1664653135948
[22-10-01 19:38:55] [INFO] [DEBUG] GuiListener has been unloaded. (took 1ms)
[22-10-01 19:38:55] [INFO] [DEBUG] Starting unload of UserManagerImpl at 1664653135949
[22-10-01 19:38:55] [INFO] [DEBUG] UserManagerImpl has been unloaded. (took 9ms)
[22-10-01 19:38:55] [INFO] [DEBUG] Starting unload of Lang at 1664653135958
[22-10-01 19:38:55] [INFO] [DEBUG] Lang has been unloaded. (took 0ms)
[22-10-01 19:38:55] [INFO] [DEBUG] Starting unload of Config at 1664653135958
[22-10-01 19:38:55] [INFO] [DEBUG] Config has been unloaded. (took 0ms)
[22-10-01 19:38:55] [INFO] [DEBUG] unload done (took 11ms)
[22-10-01 19:38:55] [INFO] [DEBUG] Log#clearSources done (took 0ms)
[22-10-01 19:39:29] [INFO] [DEBUG] onEnable start -> 1664653169584

[22-10-01 19:39:29] [INFO] Using Economy Provider: com.earth2me.essentials.economy.vault.VaultEconomyProvider
[22-10-01 19:39:29] [INFO] [DEBUG] Starting load of Config at 1664653169626
[22-10-01 19:39:29] [INFO] [DEBUG] Config has been loaded. (took 3ms)
[22-10-01 19:39:29] [INFO] [DEBUG] Starting load of Lang at 1664653169629
[22-10-01 19:39:29] [INFO] [DEBUG] Lang has been loaded. (took 15ms)
[22-10-01 19:39:29] [INFO] [DEBUG] Starting load of UserManagerImpl at 1664653169644
[22-10-01 19:39:29] [INFO] [DEBUG] UserManagerImpl has been loaded. (took 1ms)
[22-10-01 19:39:29] [INFO] [DEBUG] Starting load of GuiListener at 1664653169645
[22-10-01 19:39:29] [INFO] [DEBUG] GuiListener has been loaded. (took 0ms)
[22-10-01 19:39:29] [INFO] [DEBUG] Starting load of KitManagerImpl at 1664653169645
[22-10-01 19:39:29] [INFO] KitManagerImpl: Loaded 2 kit(s).
[22-10-01 19:39:29] [INFO] [DEBUG] KitManagerImpl has been loaded. (took 94ms)
[22-10-01 19:39:29] [INFO] [DEBUG] Starting load of ArenaManagerImpl at 1664653169739
[22-10-01 19:39:29] [INFO] ArenaManagerImpl: Loaded 5 arena(s).
[22-10-01 19:39:29] [INFO] [DEBUG] ArenaManagerImpl has been loaded. (took 8ms)
[22-10-01 19:39:29] [INFO] [DEBUG] Starting load of SettingsManager at 1664653169747
[22-10-01 19:39:29] [INFO] [DEBUG] SettingsManager has been loaded. (took 0ms)
[22-10-01 19:39:29] [INFO] [DEBUG] Starting load of PlayerInfoManager at 1664653169747
[22-10-01 19:39:29] [INFO] [DEBUG] PlayerInfoManager has been loaded. (took 1ms)
[22-10-01 19:39:29] [INFO] [DEBUG] Starting load of SpectateManagerImpl at 1664653169748
[22-10-01 19:39:29] [INFO] [DEBUG] SpectateManagerImpl has been loaded. (took 0ms)
[22-10-01 19:39:29] [INFO] [DEBUG] Starting load of BettingManager at 1664653169748
[22-10-01 19:39:29] [INFO] [DEBUG] BettingManager has been loaded. (took 0ms)
[22-10-01 19:39:29] [INFO] [DEBUG] Starting load of InventoryManager at 1664653169748
[22-10-01 19:39:29] [INFO] [DEBUG] InventoryManager has been loaded. (took 0ms)
[22-10-01 19:39:29] [INFO] [DEBUG] Starting load of DuelManager at 1664653169748
[22-10-01 19:39:29] [INFO] [DEBUG] DuelManager has been loaded. (took 0ms)
[22-10-01 19:39:29] [INFO] [DEBUG] Starting load of QueueManager at 1664653169748
[22-10-01 19:39:29] [INFO] QueueManager: Loaded 0 queue(s).
[22-10-01 19:39:29] [INFO] [DEBUG] QueueManager has been loaded. (took 1ms)
[22-10-01 19:39:29] [INFO] [DEBUG] Starting load of QueueSignManagerImpl at 1664653169749
[22-10-01 19:39:29] [INFO] QueueSignManagerImpl: Loaded 0 queue sign(s).
[22-10-01 19:39:29] [INFO] [DEBUG] QueueSignManagerImpl has been loaded. (took 0ms)
[22-10-01 19:39:29] [INFO] [DEBUG] Starting load of RequestManager at 1664653169749
[22-10-01 19:39:29] [INFO] [DEBUG] RequestManager has been loaded. (took 0ms)
[22-10-01 19:39:29] [INFO] [DEBUG] Starting load of Teleport at 1664653169749
[22-10-01 19:39:29] [INFO] [DEBUG] Teleport has been loaded. (took 0ms)
[22-10-01 19:39:29] [INFO] [DEBUG] Starting load of ExtensionManager at 1664653169749
[22-10-01 19:39:29] [INFO] [ArenaRegen Extension] NMSHandler: Using me.realized.de.arenaregen.nms.fallback.NMSHandler
[22-10-01 19:39:29] [SEVERE] [ArenaRegen Extension] Could not load reset zone 'China'!
java.lang.NullPointerException: worldName or world is null
	at me.realized.de.arenaregen.zone.Zone.<init>(Zone.java:185)
	at me.realized.de.arenaregen.zone.ZoneManager.<init>(ZoneManager.java:50)
	at me.realized.de.arenaregen.ArenaRegen.onEnable(ArenaRegen.java:37)
	at Duels-3.5.2.jar//me.realized.duels.api.extension.DuelsExtension.setEnabled(DuelsExtension.java:74)
	at Duels-3.5.2.jar//me.realized.duels.extension.ExtensionManager.handleLoad(ExtensionManager.java:84)
	at Duels-3.5.2.jar//me.realized.duels.DuelsPlugin.load(DuelsPlugin.java:242)
	at Duels-3.5.2.jar//me.realized.duels.DuelsPlugin.onEnable(DuelsPlugin.java:175)
	at org.bukkit.plugin.java.JavaPlugin.setEnabled(JavaPlugin.java:264)
	at org.bukkit.plugin.java.JavaPluginLoader.enablePlugin(JavaPluginLoader.java:370)
	at org.bukkit.plugin.SimplePluginManager.enablePlugin(SimplePluginManager.java:542)
	at org.bukkit.craftbukkit.v1_19_R1.CraftServer.enablePlugin()
	at org.bukkit.craftbukkit.v1_19_R1.CraftServer.enablePlugins()
	at net.minecraft.server.MinecraftServer.loadWorld0()
	at net.minecraft.server.MinecraftServer.loadLevel()
	at net.minecraft.server.dedicated.DedicatedServer.e()
	at net.minecraft.server.MinecraftServer.v()
	at net.minecraft.server.MinecraftServer.lambda$spin$2()
	at java.base/java.lang.Thread.run(Thread.java:833)
[22-10-01 19:39:29] [SEVERE] [ArenaRegen Extension] Could not load reset zone 'Farmland'!
java.lang.NullPointerException: worldName or world is null
	at me.realized.de.arenaregen.zone.Zone.<init>(Zone.java:185)
	at me.realized.de.arenaregen.zone.ZoneManager.<init>(ZoneManager.java:50)
	at me.realized.de.arenaregen.ArenaRegen.onEnable(ArenaRegen.java:37)
	at Duels-3.5.2.jar//me.realized.duels.api.extension.DuelsExtension.setEnabled(DuelsExtension.java:74)
	at Duels-3.5.2.jar//me.realized.duels.extension.ExtensionManager.handleLoad(ExtensionManager.java:84)
	at Duels-3.5.2.jar//me.realized.duels.DuelsPlugin.load(DuelsPlugin.java:242)
	at Duels-3.5.2.jar//me.realized.duels.DuelsPlugin.onEnable(DuelsPlugin.java:175)
	at org.bukkit.plugin.java.JavaPlugin.setEnabled(JavaPlugin.java:264)
	at org.bukkit.plugin.java.JavaPluginLoader.enablePlugin(JavaPluginLoader.java:370)
	at org.bukkit.plugin.SimplePluginManager.enablePlugin(SimplePluginManager.java:542)
	at org.bukkit.craftbukkit.v1_19_R1.CraftServer.enablePlugin()
	at org.bukkit.craftbukkit.v1_19_R1.CraftServer.enablePlugins()
	at net.minecraft.server.MinecraftServer.loadWorld0()
	at net.minecraft.server.MinecraftServer.loadLevel()
	at net.minecraft.server.dedicated.DedicatedServer.e()
	at net.minecraft.server.MinecraftServer.v()
	at net.minecraft.server.MinecraftServer.lambda$spin$2()
	at java.base/java.lang.Thread.run(Thread.java:833)
[22-10-01 19:39:29] [SEVERE] [ArenaRegen Extension] Could not load reset zone 'Lighthouse'!
java.lang.NullPointerException: worldName or world is null
	at me.realized.de.arenaregen.zone.Zone.<init>(Zone.java:185)
	at me.realized.de.arenaregen.zone.ZoneManager.<init>(ZoneManager.java:50)
	at me.realized.de.arenaregen.ArenaRegen.onEnable(ArenaRegen.java:37)
	at Duels-3.5.2.jar//me.realized.duels.api.extension.DuelsExtension.setEnabled(DuelsExtension.java:74)
	at Duels-3.5.2.jar//me.realized.duels.extension.ExtensionManager.handleLoad(ExtensionManager.java:84)
	at Duels-3.5.2.jar//me.realized.duels.DuelsPlugin.load(DuelsPlugin.java:242)
	at Duels-3.5.2.jar//me.realized.duels.DuelsPlugin.onEnable(DuelsPlugin.java:175)
	at org.bukkit.plugin.java.JavaPlugin.setEnabled(JavaPlugin.java:264)
	at org.bukkit.plugin.java.JavaPluginLoader.enablePlugin(JavaPluginLoader.java:370)
	at org.bukkit.plugin.SimplePluginManager.enablePlugin(SimplePluginManager.java:542)
	at org.bukkit.craftbukkit.v1_19_R1.CraftServer.enablePlugin()
	at org.bukkit.craftbukkit.v1_19_R1.CraftServer.enablePlugins()
	at net.minecraft.server.MinecraftServer.loadWorld0()
	at net.minecraft.server.MinecraftServer.loadLevel()
	at net.minecraft.server.dedicated.DedicatedServer.e()
	at net.minecraft.server.MinecraftServer.v()
	at net.minecraft.server.MinecraftServer.lambda$spin$2()
	at java.base/java.lang.Thread.run(Thread.java:833)
[22-10-01 19:39:29] [SEVERE] [ArenaRegen Extension] Could not load reset zone 'Mansion'!
java.lang.NullPointerException: worldName or world is null
	at me.realized.de.arenaregen.zone.Zone.<init>(Zone.java:185)
	at me.realized.de.arenaregen.zone.ZoneManager.<init>(ZoneManager.java:50)
	at me.realized.de.arenaregen.ArenaRegen.onEnable(ArenaRegen.java:37)
	at Duels-3.5.2.jar//me.realized.duels.api.extension.DuelsExtension.setEnabled(DuelsExtension.java:74)
	at Duels-3.5.2.jar//me.realized.duels.extension.ExtensionManager.handleLoad(ExtensionManager.java:84)
	at Duels-3.5.2.jar//me.realized.duels.DuelsPlugin.load(DuelsPlugin.java:242)
	at Duels-3.5.2.jar//me.realized.duels.DuelsPlugin.onEnable(DuelsPlugin.java:175)
	at org.bukkit.plugin.java.JavaPlugin.setEnabled(JavaPlugin.java:264)
	at org.bukkit.plugin.java.JavaPluginLoader.enablePlugin(JavaPluginLoader.java:370)
	at org.bukkit.plugin.SimplePluginManager.enablePlugin(SimplePluginManager.java:542)
	at org.bukkit.craftbukkit.v1_19_R1.CraftServer.enablePlugin()
	at org.bukkit.craftbukkit.v1_19_R1.CraftServer.enablePlugins()
	at net.minecraft.server.MinecraftServer.loadWorld0()
	at net.minecraft.server.MinecraftServer.loadLevel()
	at net.minecraft.server.dedicated.DedicatedServer.e()
	at net.minecraft.server.MinecraftServer.v()
	at net.minecraft.server.MinecraftServer.lambda$spin$2()
	at java.base/java.lang.Thread.run(Thread.java:833)
[22-10-01 19:39:29] [SEVERE] [ArenaRegen Extension] Could not load reset zone 'Temple'!
java.lang.NullPointerException: worldName or world is null
	at me.realized.de.arenaregen.zone.Zone.<init>(Zone.java:185)
	at me.realized.de.arenaregen.zone.ZoneManager.<init>(ZoneManager.java:50)
	at me.realized.de.arenaregen.ArenaRegen.onEnable(ArenaRegen.java:37)
	at Duels-3.5.2.jar//me.realized.duels.api.extension.DuelsExtension.setEnabled(DuelsExtension.java:74)
	at Duels-3.5.2.jar//me.realized.duels.extension.ExtensionManager.handleLoad(ExtensionManager.java:84)
	at Duels-3.5.2.jar//me.realized.duels.DuelsPlugin.load(DuelsPlugin.java:242)
	at Duels-3.5.2.jar//me.realized.duels.DuelsPlugin.onEnable(DuelsPlugin.java:175)
	at org.bukkit.plugin.java.JavaPlugin.setEnabled(JavaPlugin.java:264)
	at org.bukkit.plugin.java.JavaPluginLoader.enablePlugin(JavaPluginLoader.java:370)
	at org.bukkit.plugin.SimplePluginManager.enablePlugin(SimplePluginManager.java:542)
	at org.bukkit.craftbukkit.v1_19_R1.CraftServer.enablePlugin()
	at org.bukkit.craftbukkit.v1_19_R1.CraftServer.enablePlugins()
	at net.minecraft.server.MinecraftServer.loadWorld0()
	at net.minecraft.server.MinecraftServer.loadLevel()
	at net.minecraft.server.dedicated.DedicatedServer.e()
	at net.minecraft.server.MinecraftServer.v()
	at net.minecraft.server.MinecraftServer.lambda$spin$2()
	at java.base/java.lang.Thread.run(Thread.java:833)
[22-10-01 19:39:29] [INFO] ExtensionManager: Extension 'ArenaRegen 1.2.0' is now enabled.
[22-10-01 19:39:29] [INFO] [DEBUG] ExtensionManager has been loaded. (took 85ms)
[22-10-01 19:39:30] [INFO] Hooked into DeluxeCombat!
[22-10-01 19:39:31] [INFO] No updates were available. You are on the latest version!
[22-10-09 16:52:24] [INFO] [DEBUG] onDisable start -> 1665334344856

[22-10-09 16:52:24] [INFO] [DEBUG] Starting unload of ExtensionManager at 1665334344857
[22-10-09 16:52:24] [INFO] ExtensionManager: Extension 'ArenaRegen' is now disabled.
[22-10-09 16:52:24] [INFO] [DEBUG] ExtensionManager has been unloaded. (took 0ms)
[22-10-09 16:52:24] [INFO] [DEBUG] Starting unload of Teleport at 1665334344857
[22-10-09 16:52:24] [INFO] [DEBUG] Teleport has been unloaded. (took 0ms)
[22-10-09 16:52:24] [INFO] [DEBUG] Starting unload of RequestManager at 1665334344857
[22-10-09 16:52:24] [INFO] [DEBUG] RequestManager has been unloaded. (took 0ms)
[22-10-09 16:52:24] [INFO] [DEBUG] Starting unload of QueueSignManagerImpl at 1665334344857
[22-10-09 16:52:24] [INFO] [DEBUG] QueueSignManagerImpl has been unloaded. (took 0ms)
[22-10-09 16:52:24] [INFO] [DEBUG] Starting unload of QueueManager at 1665334344857
[22-10-09 16:52:24] [INFO] [DEBUG] QueueManager has been unloaded. (took 0ms)
[22-10-09 16:52:24] [INFO] [DEBUG] Starting unload of DuelManager at 1665334344857
[22-10-09 16:52:24] [INFO] [DEBUG] DuelManager has been unloaded. (took 0ms)
[22-10-09 16:52:24] [INFO] [DEBUG] Starting unload of InventoryManager at 1665334344857
[22-10-09 16:52:24] [INFO] [DEBUG] InventoryManager has been unloaded. (took 0ms)
[22-10-09 16:52:24] [INFO] [DEBUG] Starting unload of BettingManager at 1665334344857
[22-10-09 16:52:24] [INFO] [DEBUG] BettingManager has been unloaded. (took 0ms)
[22-10-09 16:52:24] [INFO] [DEBUG] Starting unload of SpectateManagerImpl at 1665334344857
[22-10-09 16:52:24] [INFO] [DEBUG] SpectateManagerImpl has been unloaded. (took 0ms)
[22-10-09 16:52:24] [INFO] [DEBUG] Starting unload of PlayerInfoManager at 1665334344857
[22-10-09 16:52:24] [INFO] [DEBUG] PlayerInfoManager has been unloaded. (took 0ms)
[22-10-09 16:52:24] [INFO] [DEBUG] Starting unload of SettingsManager at 1665334344857
[22-10-09 16:52:24] [INFO] [DEBUG] SettingsManager has been unloaded. (took 0ms)
[22-10-09 16:52:24] [INFO] [DEBUG] Starting unload of ArenaManagerImpl at 1665334344857
[22-10-09 16:52:24] [INFO] [DEBUG] ArenaManagerImpl has been unloaded. (took 0ms)
[22-10-09 16:52:24] [INFO] [DEBUG] Starting unload of KitManagerImpl at 1665334344857
[22-10-09 16:52:24] [INFO] [DEBUG] KitManagerImpl has been unloaded. (took 0ms)
[22-10-09 16:52:24] [INFO] [DEBUG] Starting unload of GuiListener at 1665334344857
[22-10-09 16:52:24] [INFO] [DEBUG] GuiListener has been unloaded. (took 1ms)
[22-10-09 16:52:24] [INFO] [DEBUG] Starting unload of UserManagerImpl at 1665334344858
[22-10-09 16:52:24] [INFO] [DEBUG] UserManagerImpl has been unloaded. (took 0ms)
[22-10-09 16:52:24] [INFO] [DEBUG] Starting unload of Lang at 1665334344858
[22-10-09 16:52:24] [INFO] [DEBUG] Lang has been unloaded. (took 0ms)
[22-10-09 16:52:24] [INFO] [DEBUG] Starting unload of Config at 1665334344858
[22-10-09 16:52:24] [INFO] [DEBUG] Config has been unloaded. (took 0ms)
[22-10-09 16:52:24] [INFO] [DEBUG] unload done (took 2ms)
[22-10-09 16:52:24] [INFO] [DEBUG] Log#clearSources done (took 0ms)
