[22-10-16 01:33:09] [INFO] [DEBUG] onEnable start -> 1665883989278

[22-10-16 01:33:09] [INFO] Using Economy Provider: com.earth2me.essentials.economy.vault.VaultEconomyProvider
[22-10-16 01:33:09] [INFO] [DEBUG] Starting load of Config at 1665883989314
[22-10-16 01:33:09] [INFO] [DEBUG] Config has been loaded. (took 4ms)
[22-10-16 01:33:09] [INFO] [DEBUG] Starting load of Lang at 1665883989318
[22-10-16 01:33:09] [INFO] [DEBUG] Lang has been loaded. (took 8ms)
[22-10-16 01:33:09] [INFO] [DEBUG] Starting load of UserManagerImpl at 1665883989326
[22-10-16 01:33:09] [INFO] [DEBUG] UserManagerImpl has been loaded. (took 1ms)
[22-10-16 01:33:09] [INFO] [DEBUG] Starting load of GuiListener at 1665883989327
[22-10-16 01:33:09] [INFO] [DEBUG] GuiListener has been loaded. (took 0ms)
[22-10-16 01:33:09] [INFO] [DEBUG] Starting load of KitManagerImpl at 1665883989327
[22-10-16 01:33:09] [INFO] KitManagerImpl: Loaded 2 kit(s).
[22-10-16 01:33:09] [INFO] [DEBUG] KitManagerImpl has been loaded. (took 68ms)
[22-10-16 01:33:09] [INFO] [DEBUG] Starting load of ArenaManagerImpl at 1665883989395
[22-10-16 01:33:09] [INFO] ArenaManagerImpl: Loaded 5 arena(s).
[22-10-16 01:33:09] [INFO] [DEBUG] ArenaManagerImpl has been loaded. (took 7ms)
[22-10-16 01:33:09] [INFO] [DEBUG] Starting load of SettingsManager at 1665883989402
[22-10-16 01:33:09] [INFO] [DEBUG] SettingsManager has been loaded. (took 0ms)
[22-10-16 01:33:09] [INFO] [DEBUG] Starting load of PlayerInfoManager at 1665883989402
[22-10-16 01:33:09] [INFO] [DEBUG] PlayerInfoManager has been loaded. (took 1ms)
[22-10-16 01:33:09] [INFO] [DEBUG] Starting load of SpectateManagerImpl at 1665883989403
[22-10-16 01:33:09] [INFO] [DEBUG] SpectateManagerImpl has been loaded. (took 0ms)
[22-10-16 01:33:09] [INFO] [DEBUG] Starting load of BettingManager at 1665883989403
[22-10-16 01:33:09] [INFO] [DEBUG] BettingManager has been loaded. (took 0ms)
[22-10-16 01:33:09] [INFO] [DEBUG] Starting load of InventoryManager at 1665883989403
[22-10-16 01:33:09] [INFO] [DEBUG] InventoryManager has been loaded. (took 0ms)
[22-10-16 01:33:09] [INFO] [DEBUG] Starting load of DuelManager at 1665883989403
[22-10-16 01:33:09] [INFO] [DEBUG] DuelManager has been loaded. (took 0ms)
[22-10-16 01:33:09] [INFO] [DEBUG] Starting load of QueueManager at 1665883989403
[22-10-16 01:33:09] [INFO] QueueManager: Loaded 0 queue(s).
[22-10-16 01:33:09] [INFO] [DEBUG] QueueManager has been loaded. (took 1ms)
[22-10-16 01:33:09] [INFO] [DEBUG] Starting load of QueueSignManagerImpl at 1665883989404
[22-10-16 01:33:09] [INFO] QueueSignManagerImpl: Loaded 0 queue sign(s).
[22-10-16 01:33:09] [INFO] [DEBUG] QueueSignManagerImpl has been loaded. (took 0ms)
[22-10-16 01:33:09] [INFO] [DEBUG] Starting load of RequestManager at 1665883989404
[22-10-16 01:33:09] [INFO] [DEBUG] RequestManager has been loaded. (took 0ms)
[22-10-16 01:33:09] [INFO] [DEBUG] Starting load of Teleport at 1665883989404
[22-10-16 01:33:09] [INFO] [DEBUG] Teleport has been loaded. (took 0ms)
[22-10-16 01:33:09] [INFO] [DEBUG] Starting load of ExtensionManager at 1665883989404
[22-10-16 01:33:09] [INFO] [ArenaRegen Extension] NMSHandler: Using me.realized.de.arenaregen.nms.fallback.NMSHandler
[22-10-16 01:33:09] [SEVERE] [ArenaRegen Extension] Could not load reset zone 'China'!
java.lang.NullPointerException: worldName or world is null
	at me.realized.de.arenaregen.zone.Zone.<init>(Zone.java:185)
	at me.realized.de.arenaregen.zone.ZoneManager.<init>(ZoneManager.java:50)
	at me.realized.de.arenaregen.ArenaRegen.onEnable(ArenaRegen.java:37)
	at Duels-3.5.2.jar//me.realized.duels.api.extension.DuelsExtension.setEnabled(DuelsExtension.java:74)
	at Duels-3.5.2.jar//me.realized.duels.extension.ExtensionManager.handleLoad(ExtensionManager.java:84)
	at Duels-3.5.2.jar//me.realized.duels.DuelsPlugin.load(DuelsPlugin.java:242)
	at Duels-3.5.2.jar//me.realized.duels.DuelsPlugin.onEnable(DuelsPlugin.java:175)
	at org.bukkit.plugin.java.JavaPlugin.setEnabled(JavaPlugin.java:264)
	at org.bukkit.plugin.java.JavaPluginLoader.enablePlugin(JavaPluginLoader.java:370)
	at org.bukkit.plugin.SimplePluginManager.enablePlugin(SimplePluginManager.java:542)
	at org.bukkit.craftbukkit.v1_19_R1.CraftServer.enablePlugin()
	at org.bukkit.craftbukkit.v1_19_R1.CraftServer.enablePlugins()
	at net.minecraft.server.MinecraftServer.loadWorld0()
	at net.minecraft.server.MinecraftServer.loadLevel()
	at net.minecraft.server.dedicated.DedicatedServer.e()
	at net.minecraft.server.MinecraftServer.v()
	at net.minecraft.server.MinecraftServer.lambda$spin$2()
	at java.base/java.lang.Thread.run(Thread.java:833)
[22-10-16 01:33:09] [SEVERE] [ArenaRegen Extension] Could not load reset zone 'Farmland'!
java.lang.NullPointerException: worldName or world is null
	at me.realized.de.arenaregen.zone.Zone.<init>(Zone.java:185)
	at me.realized.de.arenaregen.zone.ZoneManager.<init>(ZoneManager.java:50)
	at me.realized.de.arenaregen.ArenaRegen.onEnable(ArenaRegen.java:37)
	at Duels-3.5.2.jar//me.realized.duels.api.extension.DuelsExtension.setEnabled(DuelsExtension.java:74)
	at Duels-3.5.2.jar//me.realized.duels.extension.ExtensionManager.handleLoad(ExtensionManager.java:84)
	at Duels-3.5.2.jar//me.realized.duels.DuelsPlugin.load(DuelsPlugin.java:242)
	at Duels-3.5.2.jar//me.realized.duels.DuelsPlugin.onEnable(DuelsPlugin.java:175)
	at org.bukkit.plugin.java.JavaPlugin.setEnabled(JavaPlugin.java:264)
	at org.bukkit.plugin.java.JavaPluginLoader.enablePlugin(JavaPluginLoader.java:370)
	at org.bukkit.plugin.SimplePluginManager.enablePlugin(SimplePluginManager.java:542)
	at org.bukkit.craftbukkit.v1_19_R1.CraftServer.enablePlugin()
	at org.bukkit.craftbukkit.v1_19_R1.CraftServer.enablePlugins()
	at net.minecraft.server.MinecraftServer.loadWorld0()
	at net.minecraft.server.MinecraftServer.loadLevel()
	at net.minecraft.server.dedicated.DedicatedServer.e()
	at net.minecraft.server.MinecraftServer.v()
	at net.minecraft.server.MinecraftServer.lambda$spin$2()
	at java.base/java.lang.Thread.run(Thread.java:833)
[22-10-16 01:33:09] [SEVERE] [ArenaRegen Extension] Could not load reset zone 'Lighthouse'!
java.lang.NullPointerException: worldName or world is null
	at me.realized.de.arenaregen.zone.Zone.<init>(Zone.java:185)
	at me.realized.de.arenaregen.zone.ZoneManager.<init>(ZoneManager.java:50)
	at me.realized.de.arenaregen.ArenaRegen.onEnable(ArenaRegen.java:37)
	at Duels-3.5.2.jar//me.realized.duels.api.extension.DuelsExtension.setEnabled(DuelsExtension.java:74)
	at Duels-3.5.2.jar//me.realized.duels.extension.ExtensionManager.handleLoad(ExtensionManager.java:84)
	at Duels-3.5.2.jar//me.realized.duels.DuelsPlugin.load(DuelsPlugin.java:242)
	at Duels-3.5.2.jar//me.realized.duels.DuelsPlugin.onEnable(DuelsPlugin.java:175)
	at org.bukkit.plugin.java.JavaPlugin.setEnabled(JavaPlugin.java:264)
	at org.bukkit.plugin.java.JavaPluginLoader.enablePlugin(JavaPluginLoader.java:370)
	at org.bukkit.plugin.SimplePluginManager.enablePlugin(SimplePluginManager.java:542)
	at org.bukkit.craftbukkit.v1_19_R1.CraftServer.enablePlugin()
	at org.bukkit.craftbukkit.v1_19_R1.CraftServer.enablePlugins()
	at net.minecraft.server.MinecraftServer.loadWorld0()
	at net.minecraft.server.MinecraftServer.loadLevel()
	at net.minecraft.server.dedicated.DedicatedServer.e()
	at net.minecraft.server.MinecraftServer.v()
	at net.minecraft.server.MinecraftServer.lambda$spin$2()
	at java.base/java.lang.Thread.run(Thread.java:833)
[22-10-16 01:33:09] [SEVERE] [ArenaRegen Extension] Could not load reset zone 'Mansion'!
java.lang.NullPointerException: worldName or world is null
	at me.realized.de.arenaregen.zone.Zone.<init>(Zone.java:185)
	at me.realized.de.arenaregen.zone.ZoneManager.<init>(ZoneManager.java:50)
	at me.realized.de.arenaregen.ArenaRegen.onEnable(ArenaRegen.java:37)
	at Duels-3.5.2.jar//me.realized.duels.api.extension.DuelsExtension.setEnabled(DuelsExtension.java:74)
	at Duels-3.5.2.jar//me.realized.duels.extension.ExtensionManager.handleLoad(ExtensionManager.java:84)
	at Duels-3.5.2.jar//me.realized.duels.DuelsPlugin.load(DuelsPlugin.java:242)
	at Duels-3.5.2.jar//me.realized.duels.DuelsPlugin.onEnable(DuelsPlugin.java:175)
	at org.bukkit.plugin.java.JavaPlugin.setEnabled(JavaPlugin.java:264)
	at org.bukkit.plugin.java.JavaPluginLoader.enablePlugin(JavaPluginLoader.java:370)
	at org.bukkit.plugin.SimplePluginManager.enablePlugin(SimplePluginManager.java:542)
	at org.bukkit.craftbukkit.v1_19_R1.CraftServer.enablePlugin()
	at org.bukkit.craftbukkit.v1_19_R1.CraftServer.enablePlugins()
	at net.minecraft.server.MinecraftServer.loadWorld0()
	at net.minecraft.server.MinecraftServer.loadLevel()
	at net.minecraft.server.dedicated.DedicatedServer.e()
	at net.minecraft.server.MinecraftServer.v()
	at net.minecraft.server.MinecraftServer.lambda$spin$2()
	at java.base/java.lang.Thread.run(Thread.java:833)
[22-10-16 01:33:09] [SEVERE] [ArenaRegen Extension] Could not load reset zone 'Temple'!
java.lang.NullPointerException: worldName or world is null
	at me.realized.de.arenaregen.zone.Zone.<init>(Zone.java:185)
	at me.realized.de.arenaregen.zone.ZoneManager.<init>(ZoneManager.java:50)
	at me.realized.de.arenaregen.ArenaRegen.onEnable(ArenaRegen.java:37)
	at Duels-3.5.2.jar//me.realized.duels.api.extension.DuelsExtension.setEnabled(DuelsExtension.java:74)
	at Duels-3.5.2.jar//me.realized.duels.extension.ExtensionManager.handleLoad(ExtensionManager.java:84)
	at Duels-3.5.2.jar//me.realized.duels.DuelsPlugin.load(DuelsPlugin.java:242)
	at Duels-3.5.2.jar//me.realized.duels.DuelsPlugin.onEnable(DuelsPlugin.java:175)
	at org.bukkit.plugin.java.JavaPlugin.setEnabled(JavaPlugin.java:264)
	at org.bukkit.plugin.java.JavaPluginLoader.enablePlugin(JavaPluginLoader.java:370)
	at org.bukkit.plugin.SimplePluginManager.enablePlugin(SimplePluginManager.java:542)
	at org.bukkit.craftbukkit.v1_19_R1.CraftServer.enablePlugin()
	at org.bukkit.craftbukkit.v1_19_R1.CraftServer.enablePlugins()
	at net.minecraft.server.MinecraftServer.loadWorld0()
	at net.minecraft.server.MinecraftServer.loadLevel()
	at net.minecraft.server.dedicated.DedicatedServer.e()
	at net.minecraft.server.MinecraftServer.v()
	at net.minecraft.server.MinecraftServer.lambda$spin$2()
	at java.base/java.lang.Thread.run(Thread.java:833)
[22-10-16 01:33:09] [INFO] ExtensionManager: Extension 'ArenaRegen 1.2.0' is now enabled.
[22-10-16 01:33:09] [INFO] [DEBUG] ExtensionManager has been loaded. (took 97ms)
[22-10-16 01:33:10] [INFO] Hooked into DeluxeCombat!
[22-10-16 01:33:10] [INFO] No updates were available. You are on the latest version!
[22-10-16 01:40:30] [INFO] [DEBUG] onDisable start -> 1665884430900

[22-10-16 01:40:30] [INFO] [DEBUG] Starting unload of ExtensionManager at 1665884430901
[22-10-16 01:40:30] [INFO] ExtensionManager: Extension 'ArenaRegen' is now disabled.
[22-10-16 01:40:30] [INFO] [DEBUG] ExtensionManager has been unloaded. (took 0ms)
[22-10-16 01:40:30] [INFO] [DEBUG] Starting unload of Teleport at 1665884430901
[22-10-16 01:40:30] [INFO] [DEBUG] Teleport has been unloaded. (took 0ms)
[22-10-16 01:40:30] [INFO] [DEBUG] Starting unload of RequestManager at 1665884430901
[22-10-16 01:40:30] [INFO] [DEBUG] RequestManager has been unloaded. (took 0ms)
[22-10-16 01:40:30] [INFO] [DEBUG] Starting unload of QueueSignManagerImpl at 1665884430901
[22-10-16 01:40:30] [INFO] [DEBUG] QueueSignManagerImpl has been unloaded. (took 0ms)
[22-10-16 01:40:30] [INFO] [DEBUG] Starting unload of QueueManager at 1665884430901
[22-10-16 01:40:30] [INFO] [DEBUG] QueueManager has been unloaded. (took 0ms)
[22-10-16 01:40:30] [INFO] [DEBUG] Starting unload of DuelManager at 1665884430901
[22-10-16 01:40:30] [INFO] [DEBUG] DuelManager has been unloaded. (took 0ms)
[22-10-16 01:40:30] [INFO] [DEBUG] Starting unload of InventoryManager at 1665884430901
[22-10-16 01:40:30] [INFO] [DEBUG] InventoryManager has been unloaded. (took 0ms)
[22-10-16 01:40:30] [INFO] [DEBUG] Starting unload of BettingManager at 1665884430901
[22-10-16 01:40:30] [INFO] [DEBUG] BettingManager has been unloaded. (took 0ms)
[22-10-16 01:40:30] [INFO] [DEBUG] Starting unload of SpectateManagerImpl at 1665884430901
[22-10-16 01:40:30] [INFO] [DEBUG] SpectateManagerImpl has been unloaded. (took 0ms)
[22-10-16 01:40:30] [INFO] [DEBUG] Starting unload of PlayerInfoManager at 1665884430901
[22-10-16 01:40:30] [INFO] [DEBUG] PlayerInfoManager has been unloaded. (took 1ms)
[22-10-16 01:40:30] [INFO] [DEBUG] Starting unload of SettingsManager at 1665884430902
[22-10-16 01:40:30] [INFO] [DEBUG] SettingsManager has been unloaded. (took 0ms)
[22-10-16 01:40:30] [INFO] [DEBUG] Starting unload of ArenaManagerImpl at 1665884430902
[22-10-16 01:40:30] [INFO] [DEBUG] ArenaManagerImpl has been unloaded. (took 0ms)
[22-10-16 01:40:30] [INFO] [DEBUG] Starting unload of KitManagerImpl at 1665884430902
[22-10-16 01:40:30] [INFO] [DEBUG] KitManagerImpl has been unloaded. (took 0ms)
[22-10-16 01:40:30] [INFO] [DEBUG] Starting unload of GuiListener at 1665884430902
[22-10-16 01:40:30] [INFO] [DEBUG] GuiListener has been unloaded. (took 0ms)
[22-10-16 01:40:30] [INFO] [DEBUG] Starting unload of UserManagerImpl at 1665884430902
[22-10-16 01:40:30] [INFO] [DEBUG] UserManagerImpl has been unloaded. (took 10ms)
[22-10-16 01:40:30] [INFO] [DEBUG] Starting unload of Lang at 1665884430912
[22-10-16 01:40:30] [INFO] [DEBUG] Lang has been unloaded. (took 0ms)
[22-10-16 01:40:30] [INFO] [DEBUG] Starting unload of Config at 1665884430912
[22-10-16 01:40:30] [INFO] [DEBUG] Config has been unloaded. (took 0ms)
[22-10-16 01:40:30] [INFO] [DEBUG] unload done (took 12ms)
[22-10-16 01:40:30] [INFO] [DEBUG] Log#clearSources done (took 0ms)
[22-10-16 01:41:03] [INFO] [DEBUG] onEnable start -> 1665884463340

[22-10-16 01:41:03] [INFO] Using Economy Provider: com.earth2me.essentials.economy.vault.VaultEconomyProvider
[22-10-16 01:41:03] [INFO] [DEBUG] Starting load of Config at 1665884463390
[22-10-16 01:41:03] [INFO] [DEBUG] Config has been loaded. (took 12ms)
[22-10-16 01:41:03] [INFO] [DEBUG] Starting load of Lang at 1665884463402
[22-10-16 01:41:03] [INFO] [DEBUG] Lang has been loaded. (took 12ms)
[22-10-16 01:41:03] [INFO] [DEBUG] Starting load of UserManagerImpl at 1665884463414
[22-10-16 01:41:03] [INFO] [DEBUG] UserManagerImpl has been loaded. (took 1ms)
[22-10-16 01:41:03] [INFO] [DEBUG] Starting load of GuiListener at 1665884463415
[22-10-16 01:41:03] [INFO] [DEBUG] GuiListener has been loaded. (took 0ms)
[22-10-16 01:41:03] [INFO] [DEBUG] Starting load of KitManagerImpl at 1665884463415
[22-10-16 01:41:03] [INFO] KitManagerImpl: Loaded 2 kit(s).
[22-10-16 01:41:03] [INFO] [DEBUG] KitManagerImpl has been loaded. (took 81ms)
[22-10-16 01:41:03] [INFO] [DEBUG] Starting load of ArenaManagerImpl at 1665884463496
[22-10-16 01:41:03] [INFO] ArenaManagerImpl: Loaded 5 arena(s).
[22-10-16 01:41:03] [INFO] [DEBUG] ArenaManagerImpl has been loaded. (took 16ms)
[22-10-16 01:41:03] [INFO] [DEBUG] Starting load of SettingsManager at 1665884463512
[22-10-16 01:41:03] [INFO] [DEBUG] SettingsManager has been loaded. (took 0ms)
[22-10-16 01:41:03] [INFO] [DEBUG] Starting load of PlayerInfoManager at 1665884463512
[22-10-16 01:41:03] [INFO] [DEBUG] PlayerInfoManager has been loaded. (took 0ms)
[22-10-16 01:41:03] [INFO] [DEBUG] Starting load of SpectateManagerImpl at 1665884463512
[22-10-16 01:41:03] [INFO] [DEBUG] SpectateManagerImpl has been loaded. (took 0ms)
[22-10-16 01:41:03] [INFO] [DEBUG] Starting load of BettingManager at 1665884463512
[22-10-16 01:41:03] [INFO] [DEBUG] BettingManager has been loaded. (took 0ms)
[22-10-16 01:41:03] [INFO] [DEBUG] Starting load of InventoryManager at 1665884463512
[22-10-16 01:41:03] [INFO] [DEBUG] InventoryManager has been loaded. (took 0ms)
[22-10-16 01:41:03] [INFO] [DEBUG] Starting load of DuelManager at 1665884463512
[22-10-16 01:41:03] [INFO] [DEBUG] DuelManager has been loaded. (took 0ms)
[22-10-16 01:41:03] [INFO] [DEBUG] Starting load of QueueManager at 1665884463512
[22-10-16 01:41:03] [INFO] QueueManager: Loaded 0 queue(s).
[22-10-16 01:41:03] [INFO] [DEBUG] QueueManager has been loaded. (took 1ms)
[22-10-16 01:41:03] [INFO] [DEBUG] Starting load of QueueSignManagerImpl at 1665884463513
[22-10-16 01:41:03] [INFO] QueueSignManagerImpl: Loaded 0 queue sign(s).
[22-10-16 01:41:03] [INFO] [DEBUG] QueueSignManagerImpl has been loaded. (took 0ms)
[22-10-16 01:41:03] [INFO] [DEBUG] Starting load of RequestManager at 1665884463514
[22-10-16 01:41:03] [INFO] [DEBUG] RequestManager has been loaded. (took 0ms)
[22-10-16 01:41:03] [INFO] [DEBUG] Starting load of Teleport at 1665884463514
[22-10-16 01:41:03] [INFO] [DEBUG] Teleport has been loaded. (took 0ms)
[22-10-16 01:41:03] [INFO] [DEBUG] Starting load of ExtensionManager at 1665884463514
[22-10-16 01:41:03] [INFO] [ArenaRegen Extension] NMSHandler: Using me.realized.de.arenaregen.nms.fallback.NMSHandler
[22-10-16 01:41:03] [SEVERE] [ArenaRegen Extension] Could not load reset zone 'China'!
java.lang.NullPointerException: worldName or world is null
	at me.realized.de.arenaregen.zone.Zone.<init>(Zone.java:185)
	at me.realized.de.arenaregen.zone.ZoneManager.<init>(ZoneManager.java:50)
	at me.realized.de.arenaregen.ArenaRegen.onEnable(ArenaRegen.java:37)
	at Duels-3.5.2.jar//me.realized.duels.api.extension.DuelsExtension.setEnabled(DuelsExtension.java:74)
	at Duels-3.5.2.jar//me.realized.duels.extension.ExtensionManager.handleLoad(ExtensionManager.java:84)
	at Duels-3.5.2.jar//me.realized.duels.DuelsPlugin.load(DuelsPlugin.java:242)
	at Duels-3.5.2.jar//me.realized.duels.DuelsPlugin.onEnable(DuelsPlugin.java:175)
	at org.bukkit.plugin.java.JavaPlugin.setEnabled(JavaPlugin.java:264)
	at org.bukkit.plugin.java.JavaPluginLoader.enablePlugin(JavaPluginLoader.java:370)
	at org.bukkit.plugin.SimplePluginManager.enablePlugin(SimplePluginManager.java:542)
	at org.bukkit.craftbukkit.v1_19_R1.CraftServer.enablePlugin()
	at org.bukkit.craftbukkit.v1_19_R1.CraftServer.enablePlugins()
	at net.minecraft.server.MinecraftServer.loadWorld0()
	at net.minecraft.server.MinecraftServer.loadLevel()
	at net.minecraft.server.dedicated.DedicatedServer.e()
	at net.minecraft.server.MinecraftServer.v()
	at net.minecraft.server.MinecraftServer.lambda$spin$2()
	at java.base/java.lang.Thread.run(Thread.java:833)
[22-10-16 01:41:03] [SEVERE] [ArenaRegen Extension] Could not load reset zone 'Farmland'!
java.lang.NullPointerException: worldName or world is null
	at me.realized.de.arenaregen.zone.Zone.<init>(Zone.java:185)
	at me.realized.de.arenaregen.zone.ZoneManager.<init>(ZoneManager.java:50)
	at me.realized.de.arenaregen.ArenaRegen.onEnable(ArenaRegen.java:37)
	at Duels-3.5.2.jar//me.realized.duels.api.extension.DuelsExtension.setEnabled(DuelsExtension.java:74)
	at Duels-3.5.2.jar//me.realized.duels.extension.ExtensionManager.handleLoad(ExtensionManager.java:84)
	at Duels-3.5.2.jar//me.realized.duels.DuelsPlugin.load(DuelsPlugin.java:242)
	at Duels-3.5.2.jar//me.realized.duels.DuelsPlugin.onEnable(DuelsPlugin.java:175)
	at org.bukkit.plugin.java.JavaPlugin.setEnabled(JavaPlugin.java:264)
	at org.bukkit.plugin.java.JavaPluginLoader.enablePlugin(JavaPluginLoader.java:370)
	at org.bukkit.plugin.SimplePluginManager.enablePlugin(SimplePluginManager.java:542)
	at org.bukkit.craftbukkit.v1_19_R1.CraftServer.enablePlugin()
	at org.bukkit.craftbukkit.v1_19_R1.CraftServer.enablePlugins()
	at net.minecraft.server.MinecraftServer.loadWorld0()
	at net.minecraft.server.MinecraftServer.loadLevel()
	at net.minecraft.server.dedicated.DedicatedServer.e()
	at net.minecraft.server.MinecraftServer.v()
	at net.minecraft.server.MinecraftServer.lambda$spin$2()
	at java.base/java.lang.Thread.run(Thread.java:833)
[22-10-16 01:41:03] [SEVERE] [ArenaRegen Extension] Could not load reset zone 'Lighthouse'!
java.lang.NullPointerException: worldName or world is null
	at me.realized.de.arenaregen.zone.Zone.<init>(Zone.java:185)
	at me.realized.de.arenaregen.zone.ZoneManager.<init>(ZoneManager.java:50)
	at me.realized.de.arenaregen.ArenaRegen.onEnable(ArenaRegen.java:37)
	at Duels-3.5.2.jar//me.realized.duels.api.extension.DuelsExtension.setEnabled(DuelsExtension.java:74)
	at Duels-3.5.2.jar//me.realized.duels.extension.ExtensionManager.handleLoad(ExtensionManager.java:84)
	at Duels-3.5.2.jar//me.realized.duels.DuelsPlugin.load(DuelsPlugin.java:242)
	at Duels-3.5.2.jar//me.realized.duels.DuelsPlugin.onEnable(DuelsPlugin.java:175)
	at org.bukkit.plugin.java.JavaPlugin.setEnabled(JavaPlugin.java:264)
	at org.bukkit.plugin.java.JavaPluginLoader.enablePlugin(JavaPluginLoader.java:370)
	at org.bukkit.plugin.SimplePluginManager.enablePlugin(SimplePluginManager.java:542)
	at org.bukkit.craftbukkit.v1_19_R1.CraftServer.enablePlugin()
	at org.bukkit.craftbukkit.v1_19_R1.CraftServer.enablePlugins()
	at net.minecraft.server.MinecraftServer.loadWorld0()
	at net.minecraft.server.MinecraftServer.loadLevel()
	at net.minecraft.server.dedicated.DedicatedServer.e()
	at net.minecraft.server.MinecraftServer.v()
	at net.minecraft.server.MinecraftServer.lambda$spin$2()
	at java.base/java.lang.Thread.run(Thread.java:833)
[22-10-16 01:41:03] [SEVERE] [ArenaRegen Extension] Could not load reset zone 'Mansion'!
java.lang.NullPointerException: worldName or world is null
	at me.realized.de.arenaregen.zone.Zone.<init>(Zone.java:185)
	at me.realized.de.arenaregen.zone.ZoneManager.<init>(ZoneManager.java:50)
	at me.realized.de.arenaregen.ArenaRegen.onEnable(ArenaRegen.java:37)
	at Duels-3.5.2.jar//me.realized.duels.api.extension.DuelsExtension.setEnabled(DuelsExtension.java:74)
	at Duels-3.5.2.jar//me.realized.duels.extension.ExtensionManager.handleLoad(ExtensionManager.java:84)
	at Duels-3.5.2.jar//me.realized.duels.DuelsPlugin.load(DuelsPlugin.java:242)
	at Duels-3.5.2.jar//me.realized.duels.DuelsPlugin.onEnable(DuelsPlugin.java:175)
	at org.bukkit.plugin.java.JavaPlugin.setEnabled(JavaPlugin.java:264)
	at org.bukkit.plugin.java.JavaPluginLoader.enablePlugin(JavaPluginLoader.java:370)
	at org.bukkit.plugin.SimplePluginManager.enablePlugin(SimplePluginManager.java:542)
	at org.bukkit.craftbukkit.v1_19_R1.CraftServer.enablePlugin()
	at org.bukkit.craftbukkit.v1_19_R1.CraftServer.enablePlugins()
	at net.minecraft.server.MinecraftServer.loadWorld0()
	at net.minecraft.server.MinecraftServer.loadLevel()
	at net.minecraft.server.dedicated.DedicatedServer.e()
	at net.minecraft.server.MinecraftServer.v()
	at net.minecraft.server.MinecraftServer.lambda$spin$2()
	at java.base/java.lang.Thread.run(Thread.java:833)
[22-10-16 01:41:03] [SEVERE] [ArenaRegen Extension] Could not load reset zone 'Temple'!
java.lang.NullPointerException: worldName or world is null
	at me.realized.de.arenaregen.zone.Zone.<init>(Zone.java:185)
	at me.realized.de.arenaregen.zone.ZoneManager.<init>(ZoneManager.java:50)
	at me.realized.de.arenaregen.ArenaRegen.onEnable(ArenaRegen.java:37)
	at Duels-3.5.2.jar//me.realized.duels.api.extension.DuelsExtension.setEnabled(DuelsExtension.java:74)
	at Duels-3.5.2.jar//me.realized.duels.extension.ExtensionManager.handleLoad(ExtensionManager.java:84)
	at Duels-3.5.2.jar//me.realized.duels.DuelsPlugin.load(DuelsPlugin.java:242)
	at Duels-3.5.2.jar//me.realized.duels.DuelsPlugin.onEnable(DuelsPlugin.java:175)
	at org.bukkit.plugin.java.JavaPlugin.setEnabled(JavaPlugin.java:264)
	at org.bukkit.plugin.java.JavaPluginLoader.enablePlugin(JavaPluginLoader.java:370)
	at org.bukkit.plugin.SimplePluginManager.enablePlugin(SimplePluginManager.java:542)
	at org.bukkit.craftbukkit.v1_19_R1.CraftServer.enablePlugin()
	at org.bukkit.craftbukkit.v1_19_R1.CraftServer.enablePlugins()
	at net.minecraft.server.MinecraftServer.loadWorld0()
	at net.minecraft.server.MinecraftServer.loadLevel()
	at net.minecraft.server.dedicated.DedicatedServer.e()
	at net.minecraft.server.MinecraftServer.v()
	at net.minecraft.server.MinecraftServer.lambda$spin$2()
	at java.base/java.lang.Thread.run(Thread.java:833)
[22-10-16 01:41:03] [INFO] ExtensionManager: Extension 'ArenaRegen 1.2.0' is now enabled.
[22-10-16 01:41:03] [INFO] [DEBUG] ExtensionManager has been loaded. (took 86ms)
[22-10-16 01:41:04] [INFO] Hooked into DeluxeCombat!
[22-10-16 01:41:04] [INFO] No updates were available. You are on the latest version!
[22-10-16 01:43:24] [INFO] [DEBUG] onDisable start -> 1665884604725

[22-10-16 01:43:24] [INFO] [DEBUG] Starting unload of ExtensionManager at 1665884604726
[22-10-16 01:43:24] [INFO] ExtensionManager: Extension 'ArenaRegen' is now disabled.
[22-10-16 01:43:24] [INFO] [DEBUG] ExtensionManager has been unloaded. (took 0ms)
[22-10-16 01:43:24] [INFO] [DEBUG] Starting unload of Teleport at 1665884604726
[22-10-16 01:43:24] [INFO] [DEBUG] Teleport has been unloaded. (took 0ms)
[22-10-16 01:43:24] [INFO] [DEBUG] Starting unload of RequestManager at 1665884604726
[22-10-16 01:43:24] [INFO] [DEBUG] RequestManager has been unloaded. (took 0ms)
[22-10-16 01:43:24] [INFO] [DEBUG] Starting unload of QueueSignManagerImpl at 1665884604726
[22-10-16 01:43:24] [INFO] [DEBUG] QueueSignManagerImpl has been unloaded. (took 0ms)
[22-10-16 01:43:24] [INFO] [DEBUG] Starting unload of QueueManager at 1665884604726
[22-10-16 01:43:24] [INFO] [DEBUG] QueueManager has been unloaded. (took 0ms)
[22-10-16 01:43:24] [INFO] [DEBUG] Starting unload of DuelManager at 1665884604727
[22-10-16 01:43:24] [INFO] [DEBUG] DuelManager has been unloaded. (took 0ms)
[22-10-16 01:43:24] [INFO] [DEBUG] Starting unload of InventoryManager at 1665884604727
[22-10-16 01:43:24] [INFO] [DEBUG] InventoryManager has been unloaded. (took 0ms)
[22-10-16 01:43:24] [INFO] [DEBUG] Starting unload of BettingManager at 1665884604727
[22-10-16 01:43:24] [INFO] [DEBUG] BettingManager has been unloaded. (took 0ms)
[22-10-16 01:43:24] [INFO] [DEBUG] Starting unload of SpectateManagerImpl at 1665884604727
[22-10-16 01:43:24] [INFO] [DEBUG] SpectateManagerImpl has been unloaded. (took 0ms)
[22-10-16 01:43:24] [INFO] [DEBUG] Starting unload of PlayerInfoManager at 1665884604727
[22-10-16 01:43:24] [INFO] [DEBUG] PlayerInfoManager has been unloaded. (took 0ms)
[22-10-16 01:43:24] [INFO] [DEBUG] Starting unload of SettingsManager at 1665884604727
[22-10-16 01:43:24] [INFO] [DEBUG] SettingsManager has been unloaded. (took 0ms)
[22-10-16 01:43:24] [INFO] [DEBUG] Starting unload of ArenaManagerImpl at 1665884604727
[22-10-16 01:43:24] [INFO] [DEBUG] ArenaManagerImpl has been unloaded. (took 0ms)
[22-10-16 01:43:24] [INFO] [DEBUG] Starting unload of KitManagerImpl at 1665884604727
[22-10-16 01:43:24] [INFO] [DEBUG] KitManagerImpl has been unloaded. (took 0ms)
[22-10-16 01:43:24] [INFO] [DEBUG] Starting unload of GuiListener at 1665884604727
[22-10-16 01:43:24] [INFO] [DEBUG] GuiListener has been unloaded. (took 0ms)
[22-10-16 01:43:24] [INFO] [DEBUG] Starting unload of UserManagerImpl at 1665884604727
[22-10-16 01:43:24] [INFO] [DEBUG] UserManagerImpl has been unloaded. (took 13ms)
[22-10-16 01:43:24] [INFO] [DEBUG] Starting unload of Lang at 1665884604740
[22-10-16 01:43:24] [INFO] [DEBUG] Lang has been unloaded. (took 0ms)
[22-10-16 01:43:24] [INFO] [DEBUG] Starting unload of Config at 1665884604740
[22-10-16 01:43:24] [INFO] [DEBUG] Config has been unloaded. (took 0ms)
[22-10-16 01:43:24] [INFO] [DEBUG] unload done (took 15ms)
[22-10-16 01:43:24] [INFO] [DEBUG] Log#clearSources done (took 0ms)
[22-10-16 01:43:57] [INFO] [DEBUG] onEnable start -> 1665884637791

[22-10-16 01:43:57] [INFO] Using Economy Provider: com.earth2me.essentials.economy.vault.VaultEconomyProvider
[22-10-16 01:43:57] [INFO] [DEBUG] Starting load of Config at 1665884637835
[22-10-16 01:43:57] [INFO] [DEBUG] Config has been loaded. (took 4ms)
[22-10-16 01:43:57] [INFO] [DEBUG] Starting load of Lang at 1665884637839
[22-10-16 01:43:57] [INFO] [DEBUG] Lang has been loaded. (took 10ms)
[22-10-16 01:43:57] [INFO] [DEBUG] Starting load of UserManagerImpl at 1665884637849
[22-10-16 01:43:57] [INFO] [DEBUG] UserManagerImpl has been loaded. (took 0ms)
[22-10-16 01:43:57] [INFO] [DEBUG] Starting load of GuiListener at 1665884637850
[22-10-16 01:43:57] [INFO] [DEBUG] GuiListener has been loaded. (took 0ms)
[22-10-16 01:43:57] [INFO] [DEBUG] Starting load of KitManagerImpl at 1665884637850
[22-10-16 01:43:57] [INFO] KitManagerImpl: Loaded 2 kit(s).
[22-10-16 01:43:57] [INFO] [DEBUG] KitManagerImpl has been loaded. (took 84ms)
[22-10-16 01:43:57] [INFO] [DEBUG] Starting load of ArenaManagerImpl at 1665884637934
[22-10-16 01:43:57] [INFO] ArenaManagerImpl: Loaded 5 arena(s).
[22-10-16 01:43:57] [INFO] [DEBUG] ArenaManagerImpl has been loaded. (took 9ms)
[22-10-16 01:43:57] [INFO] [DEBUG] Starting load of SettingsManager at 1665884637943
[22-10-16 01:43:57] [INFO] [DEBUG] SettingsManager has been loaded. (took 0ms)
[22-10-16 01:43:57] [INFO] [DEBUG] Starting load of PlayerInfoManager at 1665884637943
[22-10-16 01:43:57] [INFO] [DEBUG] PlayerInfoManager has been loaded. (took 0ms)
[22-10-16 01:43:57] [INFO] [DEBUG] Starting load of SpectateManagerImpl at 1665884637943
[22-10-16 01:43:57] [INFO] [DEBUG] SpectateManagerImpl has been loaded. (took 0ms)
[22-10-16 01:43:57] [INFO] [DEBUG] Starting load of BettingManager at 1665884637943
[22-10-16 01:43:57] [INFO] [DEBUG] BettingManager has been loaded. (took 0ms)
[22-10-16 01:43:57] [INFO] [DEBUG] Starting load of InventoryManager at 1665884637944
[22-10-16 01:43:57] [INFO] [DEBUG] InventoryManager has been loaded. (took 0ms)
[22-10-16 01:43:57] [INFO] [DEBUG] Starting load of DuelManager at 1665884637944
[22-10-16 01:43:57] [INFO] [DEBUG] DuelManager has been loaded. (took 0ms)
[22-10-16 01:43:57] [INFO] [DEBUG] Starting load of QueueManager at 1665884637944
[22-10-16 01:43:57] [INFO] QueueManager: Loaded 0 queue(s).
[22-10-16 01:43:57] [INFO] [DEBUG] QueueManager has been loaded. (took 0ms)
[22-10-16 01:43:57] [INFO] [DEBUG] Starting load of QueueSignManagerImpl at 1665884637944
[22-10-16 01:43:57] [INFO] QueueSignManagerImpl: Loaded 0 queue sign(s).
[22-10-16 01:43:57] [INFO] [DEBUG] QueueSignManagerImpl has been loaded. (took 1ms)
[22-10-16 01:43:57] [INFO] [DEBUG] Starting load of RequestManager at 1665884637945
[22-10-16 01:43:57] [INFO] [DEBUG] RequestManager has been loaded. (took 0ms)
[22-10-16 01:43:57] [INFO] [DEBUG] Starting load of Teleport at 1665884637945
[22-10-16 01:43:57] [INFO] [DEBUG] Teleport has been loaded. (took 0ms)
[22-10-16 01:43:57] [INFO] [DEBUG] Starting load of ExtensionManager at 1665884637945
[22-10-16 01:43:57] [INFO] [ArenaRegen Extension] NMSHandler: Using me.realized.de.arenaregen.nms.fallback.NMSHandler
[22-10-16 01:43:58] [SEVERE] [ArenaRegen Extension] Could not load reset zone 'China'!
java.lang.NullPointerException: worldName or world is null
	at me.realized.de.arenaregen.zone.Zone.<init>(Zone.java:185)
	at me.realized.de.arenaregen.zone.ZoneManager.<init>(ZoneManager.java:50)
	at me.realized.de.arenaregen.ArenaRegen.onEnable(ArenaRegen.java:37)
	at Duels-3.5.2.jar//me.realized.duels.api.extension.DuelsExtension.setEnabled(DuelsExtension.java:74)
	at Duels-3.5.2.jar//me.realized.duels.extension.ExtensionManager.handleLoad(ExtensionManager.java:84)
	at Duels-3.5.2.jar//me.realized.duels.DuelsPlugin.load(DuelsPlugin.java:242)
	at Duels-3.5.2.jar//me.realized.duels.DuelsPlugin.onEnable(DuelsPlugin.java:175)
	at org.bukkit.plugin.java.JavaPlugin.setEnabled(JavaPlugin.java:264)
	at org.bukkit.plugin.java.JavaPluginLoader.enablePlugin(JavaPluginLoader.java:370)
	at org.bukkit.plugin.SimplePluginManager.enablePlugin(SimplePluginManager.java:542)
	at org.bukkit.craftbukkit.v1_19_R1.CraftServer.enablePlugin()
	at org.bukkit.craftbukkit.v1_19_R1.CraftServer.enablePlugins()
	at net.minecraft.server.MinecraftServer.loadWorld0()
	at net.minecraft.server.MinecraftServer.loadLevel()
	at net.minecraft.server.dedicated.DedicatedServer.e()
	at net.minecraft.server.MinecraftServer.v()
	at net.minecraft.server.MinecraftServer.lambda$spin$2()
	at java.base/java.lang.Thread.run(Thread.java:833)
[22-10-16 01:43:58] [SEVERE] [ArenaRegen Extension] Could not load reset zone 'Farmland'!
java.lang.NullPointerException: worldName or world is null
	at me.realized.de.arenaregen.zone.Zone.<init>(Zone.java:185)
	at me.realized.de.arenaregen.zone.ZoneManager.<init>(ZoneManager.java:50)
	at me.realized.de.arenaregen.ArenaRegen.onEnable(ArenaRegen.java:37)
	at Duels-3.5.2.jar//me.realized.duels.api.extension.DuelsExtension.setEnabled(DuelsExtension.java:74)
	at Duels-3.5.2.jar//me.realized.duels.extension.ExtensionManager.handleLoad(ExtensionManager.java:84)
	at Duels-3.5.2.jar//me.realized.duels.DuelsPlugin.load(DuelsPlugin.java:242)
	at Duels-3.5.2.jar//me.realized.duels.DuelsPlugin.onEnable(DuelsPlugin.java:175)
	at org.bukkit.plugin.java.JavaPlugin.setEnabled(JavaPlugin.java:264)
	at org.bukkit.plugin.java.JavaPluginLoader.enablePlugin(JavaPluginLoader.java:370)
	at org.bukkit.plugin.SimplePluginManager.enablePlugin(SimplePluginManager.java:542)
	at org.bukkit.craftbukkit.v1_19_R1.CraftServer.enablePlugin()
	at org.bukkit.craftbukkit.v1_19_R1.CraftServer.enablePlugins()
	at net.minecraft.server.MinecraftServer.loadWorld0()
	at net.minecraft.server.MinecraftServer.loadLevel()
	at net.minecraft.server.dedicated.DedicatedServer.e()
	at net.minecraft.server.MinecraftServer.v()
	at net.minecraft.server.MinecraftServer.lambda$spin$2()
	at java.base/java.lang.Thread.run(Thread.java:833)
[22-10-16 01:43:58] [SEVERE] [ArenaRegen Extension] Could not load reset zone 'Lighthouse'!
java.lang.NullPointerException: worldName or world is null
	at me.realized.de.arenaregen.zone.Zone.<init>(Zone.java:185)
	at me.realized.de.arenaregen.zone.ZoneManager.<init>(ZoneManager.java:50)
	at me.realized.de.arenaregen.ArenaRegen.onEnable(ArenaRegen.java:37)
	at Duels-3.5.2.jar//me.realized.duels.api.extension.DuelsExtension.setEnabled(DuelsExtension.java:74)
	at Duels-3.5.2.jar//me.realized.duels.extension.ExtensionManager.handleLoad(ExtensionManager.java:84)
	at Duels-3.5.2.jar//me.realized.duels.DuelsPlugin.load(DuelsPlugin.java:242)
	at Duels-3.5.2.jar//me.realized.duels.DuelsPlugin.onEnable(DuelsPlugin.java:175)
	at org.bukkit.plugin.java.JavaPlugin.setEnabled(JavaPlugin.java:264)
	at org.bukkit.plugin.java.JavaPluginLoader.enablePlugin(JavaPluginLoader.java:370)
	at org.bukkit.plugin.SimplePluginManager.enablePlugin(SimplePluginManager.java:542)
	at org.bukkit.craftbukkit.v1_19_R1.CraftServer.enablePlugin()
	at org.bukkit.craftbukkit.v1_19_R1.CraftServer.enablePlugins()
	at net.minecraft.server.MinecraftServer.loadWorld0()
	at net.minecraft.server.MinecraftServer.loadLevel()
	at net.minecraft.server.dedicated.DedicatedServer.e()
	at net.minecraft.server.MinecraftServer.v()
	at net.minecraft.server.MinecraftServer.lambda$spin$2()
	at java.base/java.lang.Thread.run(Thread.java:833)
[22-10-16 01:43:58] [SEVERE] [ArenaRegen Extension] Could not load reset zone 'Mansion'!
java.lang.NullPointerException: worldName or world is null
	at me.realized.de.arenaregen.zone.Zone.<init>(Zone.java:185)
	at me.realized.de.arenaregen.zone.ZoneManager.<init>(ZoneManager.java:50)
	at me.realized.de.arenaregen.ArenaRegen.onEnable(ArenaRegen.java:37)
	at Duels-3.5.2.jar//me.realized.duels.api.extension.DuelsExtension.setEnabled(DuelsExtension.java:74)
	at Duels-3.5.2.jar//me.realized.duels.extension.ExtensionManager.handleLoad(ExtensionManager.java:84)
	at Duels-3.5.2.jar//me.realized.duels.DuelsPlugin.load(DuelsPlugin.java:242)
	at Duels-3.5.2.jar//me.realized.duels.DuelsPlugin.onEnable(DuelsPlugin.java:175)
	at org.bukkit.plugin.java.JavaPlugin.setEnabled(JavaPlugin.java:264)
	at org.bukkit.plugin.java.JavaPluginLoader.enablePlugin(JavaPluginLoader.java:370)
	at org.bukkit.plugin.SimplePluginManager.enablePlugin(SimplePluginManager.java:542)
	at org.bukkit.craftbukkit.v1_19_R1.CraftServer.enablePlugin()
	at org.bukkit.craftbukkit.v1_19_R1.CraftServer.enablePlugins()
	at net.minecraft.server.MinecraftServer.loadWorld0()
	at net.minecraft.server.MinecraftServer.loadLevel()
	at net.minecraft.server.dedicated.DedicatedServer.e()
	at net.minecraft.server.MinecraftServer.v()
	at net.minecraft.server.MinecraftServer.lambda$spin$2()
	at java.base/java.lang.Thread.run(Thread.java:833)
[22-10-16 01:43:58] [SEVERE] [ArenaRegen Extension] Could not load reset zone 'Temple'!
java.lang.NullPointerException: worldName or world is null
	at me.realized.de.arenaregen.zone.Zone.<init>(Zone.java:185)
	at me.realized.de.arenaregen.zone.ZoneManager.<init>(ZoneManager.java:50)
	at me.realized.de.arenaregen.ArenaRegen.onEnable(ArenaRegen.java:37)
	at Duels-3.5.2.jar//me.realized.duels.api.extension.DuelsExtension.setEnabled(DuelsExtension.java:74)
	at Duels-3.5.2.jar//me.realized.duels.extension.ExtensionManager.handleLoad(ExtensionManager.java:84)
	at Duels-3.5.2.jar//me.realized.duels.DuelsPlugin.load(DuelsPlugin.java:242)
	at Duels-3.5.2.jar//me.realized.duels.DuelsPlugin.onEnable(DuelsPlugin.java:175)
	at org.bukkit.plugin.java.JavaPlugin.setEnabled(JavaPlugin.java:264)
	at org.bukkit.plugin.java.JavaPluginLoader.enablePlugin(JavaPluginLoader.java:370)
	at org.bukkit.plugin.SimplePluginManager.enablePlugin(SimplePluginManager.java:542)
	at org.bukkit.craftbukkit.v1_19_R1.CraftServer.enablePlugin()
	at org.bukkit.craftbukkit.v1_19_R1.CraftServer.enablePlugins()
	at net.minecraft.server.MinecraftServer.loadWorld0()
	at net.minecraft.server.MinecraftServer.loadLevel()
	at net.minecraft.server.dedicated.DedicatedServer.e()
	at net.minecraft.server.MinecraftServer.v()
	at net.minecraft.server.MinecraftServer.lambda$spin$2()
	at java.base/java.lang.Thread.run(Thread.java:833)
[22-10-16 01:43:58] [INFO] ExtensionManager: Extension 'ArenaRegen 1.2.0' is now enabled.
[22-10-16 01:43:58] [INFO] [DEBUG] ExtensionManager has been loaded. (took 82ms)
[22-10-16 01:43:58] [INFO] Hooked into DeluxeCombat!
[22-10-16 01:43:59] [INFO] No updates were available. You are on the latest version!
[22-10-16 01:44:25] [INFO] [DEBUG] onDisable start -> 1665884665399

[22-10-16 01:44:25] [INFO] [DEBUG] Starting unload of ExtensionManager at 1665884665400
[22-10-16 01:44:25] [INFO] ExtensionManager: Extension 'ArenaRegen' is now disabled.
[22-10-16 01:44:25] [INFO] [DEBUG] ExtensionManager has been unloaded. (took 0ms)
[22-10-16 01:44:25] [INFO] [DEBUG] Starting unload of Teleport at 1665884665400
[22-10-16 01:44:25] [INFO] [DEBUG] Teleport has been unloaded. (took 0ms)
[22-10-16 01:44:25] [INFO] [DEBUG] Starting unload of RequestManager at 1665884665400
[22-10-16 01:44:25] [INFO] [DEBUG] RequestManager has been unloaded. (took 1ms)
[22-10-16 01:44:25] [INFO] [DEBUG] Starting unload of QueueSignManagerImpl at 1665884665401
[22-10-16 01:44:25] [INFO] [DEBUG] QueueSignManagerImpl has been unloaded. (took 0ms)
[22-10-16 01:44:25] [INFO] [DEBUG] Starting unload of QueueManager at 1665884665401
[22-10-16 01:44:25] [INFO] [DEBUG] QueueManager has been unloaded. (took 0ms)
[22-10-16 01:44:25] [INFO] [DEBUG] Starting unload of DuelManager at 1665884665401
[22-10-16 01:44:25] [INFO] [DEBUG] DuelManager has been unloaded. (took 0ms)
[22-10-16 01:44:25] [INFO] [DEBUG] Starting unload of InventoryManager at 1665884665401
[22-10-16 01:44:25] [INFO] [DEBUG] InventoryManager has been unloaded. (took 0ms)
[22-10-16 01:44:25] [INFO] [DEBUG] Starting unload of BettingManager at 1665884665401
[22-10-16 01:44:25] [INFO] [DEBUG] BettingManager has been unloaded. (took 0ms)
[22-10-16 01:44:25] [INFO] [DEBUG] Starting unload of SpectateManagerImpl at 1665884665401
[22-10-16 01:44:25] [INFO] [DEBUG] SpectateManagerImpl has been unloaded. (took 0ms)
[22-10-16 01:44:25] [INFO] [DEBUG] Starting unload of PlayerInfoManager at 1665884665401
[22-10-16 01:44:25] [INFO] [DEBUG] PlayerInfoManager has been unloaded. (took 0ms)
[22-10-16 01:44:25] [INFO] [DEBUG] Starting unload of SettingsManager at 1665884665401
[22-10-16 01:44:25] [INFO] [DEBUG] SettingsManager has been unloaded. (took 0ms)
[22-10-16 01:44:25] [INFO] [DEBUG] Starting unload of ArenaManagerImpl at 1665884665401
[22-10-16 01:44:25] [INFO] [DEBUG] ArenaManagerImpl has been unloaded. (took 0ms)
[22-10-16 01:44:25] [INFO] [DEBUG] Starting unload of KitManagerImpl at 1665884665401
[22-10-16 01:44:25] [INFO] [DEBUG] KitManagerImpl has been unloaded. (took 0ms)
[22-10-16 01:44:25] [INFO] [DEBUG] Starting unload of GuiListener at 1665884665401
[22-10-16 01:44:25] [INFO] [DEBUG] GuiListener has been unloaded. (took 0ms)
[22-10-16 01:44:25] [INFO] [DEBUG] Starting unload of UserManagerImpl at 1665884665401
[22-10-16 01:44:25] [INFO] [DEBUG] UserManagerImpl has been unloaded. (took 11ms)
[22-10-16 01:44:25] [INFO] [DEBUG] Starting unload of Lang at 1665884665412
[22-10-16 01:44:25] [INFO] [DEBUG] Lang has been unloaded. (took 0ms)
[22-10-16 01:44:25] [INFO] [DEBUG] Starting unload of Config at 1665884665412
[22-10-16 01:44:25] [INFO] [DEBUG] Config has been unloaded. (took 0ms)
[22-10-16 01:44:25] [INFO] [DEBUG] unload done (took 13ms)
[22-10-16 01:44:25] [INFO] [DEBUG] Log#clearSources done (took 0ms)
[22-10-16 01:44:58] [INFO] [DEBUG] onEnable start -> 1665884698958

[22-10-16 01:44:58] [INFO] Using Economy Provider: com.earth2me.essentials.economy.vault.VaultEconomyProvider
[22-10-16 01:44:58] [INFO] [DEBUG] Starting load of Config at 1665884698995
[22-10-16 01:44:58] [INFO] [DEBUG] Config has been loaded. (took 2ms)
[22-10-16 01:44:58] [INFO] [DEBUG] Starting load of Lang at 1665884698997
[22-10-16 01:44:59] [INFO] [DEBUG] Lang has been loaded. (took 14ms)
[22-10-16 01:44:59] [INFO] [DEBUG] Starting load of UserManagerImpl at 1665884699011
[22-10-16 01:44:59] [INFO] [DEBUG] UserManagerImpl has been loaded. (took 0ms)
[22-10-16 01:44:59] [INFO] [DEBUG] Starting load of GuiListener at 1665884699011
[22-10-16 01:44:59] [INFO] [DEBUG] GuiListener has been loaded. (took 0ms)
[22-10-16 01:44:59] [INFO] [DEBUG] Starting load of KitManagerImpl at 1665884699011
[22-10-16 01:44:59] [INFO] KitManagerImpl: Loaded 2 kit(s).
[22-10-16 01:44:59] [INFO] [DEBUG] KitManagerImpl has been loaded. (took 66ms)
[22-10-16 01:44:59] [INFO] [DEBUG] Starting load of ArenaManagerImpl at 1665884699077
[22-10-16 01:44:59] [INFO] ArenaManagerImpl: Loaded 5 arena(s).
[22-10-16 01:44:59] [INFO] [DEBUG] ArenaManagerImpl has been loaded. (took 8ms)
[22-10-16 01:44:59] [INFO] [DEBUG] Starting load of SettingsManager at 1665884699085
[22-10-16 01:44:59] [INFO] [DEBUG] SettingsManager has been loaded. (took 0ms)
[22-10-16 01:44:59] [INFO] [DEBUG] Starting load of PlayerInfoManager at 1665884699085
[22-10-16 01:44:59] [INFO] [DEBUG] PlayerInfoManager has been loaded. (took 0ms)
[22-10-16 01:44:59] [INFO] [DEBUG] Starting load of SpectateManagerImpl at 1665884699085
[22-10-16 01:44:59] [INFO] [DEBUG] SpectateManagerImpl has been loaded. (took 0ms)
[22-10-16 01:44:59] [INFO] [DEBUG] Starting load of BettingManager at 1665884699085
[22-10-16 01:44:59] [INFO] [DEBUG] BettingManager has been loaded. (took 0ms)
[22-10-16 01:44:59] [INFO] [DEBUG] Starting load of InventoryManager at 1665884699085
[22-10-16 01:44:59] [INFO] [DEBUG] InventoryManager has been loaded. (took 0ms)
[22-10-16 01:44:59] [INFO] [DEBUG] Starting load of DuelManager at 1665884699085
[22-10-16 01:44:59] [INFO] [DEBUG] DuelManager has been loaded. (took 0ms)
[22-10-16 01:44:59] [INFO] [DEBUG] Starting load of QueueManager at 1665884699085
[22-10-16 01:44:59] [INFO] QueueManager: Loaded 0 queue(s).
[22-10-16 01:44:59] [INFO] [DEBUG] QueueManager has been loaded. (took 1ms)
[22-10-16 01:44:59] [INFO] [DEBUG] Starting load of QueueSignManagerImpl at 1665884699086
[22-10-16 01:44:59] [INFO] QueueSignManagerImpl: Loaded 0 queue sign(s).
[22-10-16 01:44:59] [INFO] [DEBUG] QueueSignManagerImpl has been loaded. (took 0ms)
[22-10-16 01:44:59] [INFO] [DEBUG] Starting load of RequestManager at 1665884699086
[22-10-16 01:44:59] [INFO] [DEBUG] RequestManager has been loaded. (took 0ms)
[22-10-16 01:44:59] [INFO] [DEBUG] Starting load of Teleport at 1665884699086
[22-10-16 01:44:59] [INFO] [DEBUG] Teleport has been loaded. (took 1ms)
[22-10-16 01:44:59] [INFO] [DEBUG] Starting load of ExtensionManager at 1665884699087
[22-10-16 01:44:59] [INFO] [ArenaRegen Extension] NMSHandler: Using me.realized.de.arenaregen.nms.fallback.NMSHandler
[22-10-16 01:44:59] [SEVERE] [ArenaRegen Extension] Could not load reset zone 'China'!
java.lang.NullPointerException: worldName or world is null
	at me.realized.de.arenaregen.zone.Zone.<init>(Zone.java:185)
	at me.realized.de.arenaregen.zone.ZoneManager.<init>(ZoneManager.java:50)
	at me.realized.de.arenaregen.ArenaRegen.onEnable(ArenaRegen.java:37)
	at Duels-3.5.2.jar//me.realized.duels.api.extension.DuelsExtension.setEnabled(DuelsExtension.java:74)
	at Duels-3.5.2.jar//me.realized.duels.extension.ExtensionManager.handleLoad(ExtensionManager.java:84)
	at Duels-3.5.2.jar//me.realized.duels.DuelsPlugin.load(DuelsPlugin.java:242)
	at Duels-3.5.2.jar//me.realized.duels.DuelsPlugin.onEnable(DuelsPlugin.java:175)
	at org.bukkit.plugin.java.JavaPlugin.setEnabled(JavaPlugin.java:264)
	at org.bukkit.plugin.java.JavaPluginLoader.enablePlugin(JavaPluginLoader.java:370)
	at org.bukkit.plugin.SimplePluginManager.enablePlugin(SimplePluginManager.java:542)
	at org.bukkit.craftbukkit.v1_19_R1.CraftServer.enablePlugin()
	at org.bukkit.craftbukkit.v1_19_R1.CraftServer.enablePlugins()
	at net.minecraft.server.MinecraftServer.loadWorld0()
	at net.minecraft.server.MinecraftServer.loadLevel()
	at net.minecraft.server.dedicated.DedicatedServer.e()
	at net.minecraft.server.MinecraftServer.v()
	at net.minecraft.server.MinecraftServer.lambda$spin$2()
	at java.base/java.lang.Thread.run(Thread.java:833)
[22-10-16 01:44:59] [SEVERE] [ArenaRegen Extension] Could not load reset zone 'Farmland'!
java.lang.NullPointerException: worldName or world is null
	at me.realized.de.arenaregen.zone.Zone.<init>(Zone.java:185)
	at me.realized.de.arenaregen.zone.ZoneManager.<init>(ZoneManager.java:50)
	at me.realized.de.arenaregen.ArenaRegen.onEnable(ArenaRegen.java:37)
	at Duels-3.5.2.jar//me.realized.duels.api.extension.DuelsExtension.setEnabled(DuelsExtension.java:74)
	at Duels-3.5.2.jar//me.realized.duels.extension.ExtensionManager.handleLoad(ExtensionManager.java:84)
	at Duels-3.5.2.jar//me.realized.duels.DuelsPlugin.load(DuelsPlugin.java:242)
	at Duels-3.5.2.jar//me.realized.duels.DuelsPlugin.onEnable(DuelsPlugin.java:175)
	at org.bukkit.plugin.java.JavaPlugin.setEnabled(JavaPlugin.java:264)
	at org.bukkit.plugin.java.JavaPluginLoader.enablePlugin(JavaPluginLoader.java:370)
	at org.bukkit.plugin.SimplePluginManager.enablePlugin(SimplePluginManager.java:542)
	at org.bukkit.craftbukkit.v1_19_R1.CraftServer.enablePlugin()
	at org.bukkit.craftbukkit.v1_19_R1.CraftServer.enablePlugins()
	at net.minecraft.server.MinecraftServer.loadWorld0()
	at net.minecraft.server.MinecraftServer.loadLevel()
	at net.minecraft.server.dedicated.DedicatedServer.e()
	at net.minecraft.server.MinecraftServer.v()
	at net.minecraft.server.MinecraftServer.lambda$spin$2()
	at java.base/java.lang.Thread.run(Thread.java:833)
[22-10-16 01:44:59] [SEVERE] [ArenaRegen Extension] Could not load reset zone 'Lighthouse'!
java.lang.NullPointerException: worldName or world is null
	at me.realized.de.arenaregen.zone.Zone.<init>(Zone.java:185)
	at me.realized.de.arenaregen.zone.ZoneManager.<init>(ZoneManager.java:50)
	at me.realized.de.arenaregen.ArenaRegen.onEnable(ArenaRegen.java:37)
	at Duels-3.5.2.jar//me.realized.duels.api.extension.DuelsExtension.setEnabled(DuelsExtension.java:74)
	at Duels-3.5.2.jar//me.realized.duels.extension.ExtensionManager.handleLoad(ExtensionManager.java:84)
	at Duels-3.5.2.jar//me.realized.duels.DuelsPlugin.load(DuelsPlugin.java:242)
	at Duels-3.5.2.jar//me.realized.duels.DuelsPlugin.onEnable(DuelsPlugin.java:175)
	at org.bukkit.plugin.java.JavaPlugin.setEnabled(JavaPlugin.java:264)
	at org.bukkit.plugin.java.JavaPluginLoader.enablePlugin(JavaPluginLoader.java:370)
	at org.bukkit.plugin.SimplePluginManager.enablePlugin(SimplePluginManager.java:542)
	at org.bukkit.craftbukkit.v1_19_R1.CraftServer.enablePlugin()
	at org.bukkit.craftbukkit.v1_19_R1.CraftServer.enablePlugins()
	at net.minecraft.server.MinecraftServer.loadWorld0()
	at net.minecraft.server.MinecraftServer.loadLevel()
	at net.minecraft.server.dedicated.DedicatedServer.e()
	at net.minecraft.server.MinecraftServer.v()
	at net.minecraft.server.MinecraftServer.lambda$spin$2()
	at java.base/java.lang.Thread.run(Thread.java:833)
[22-10-16 01:44:59] [SEVERE] [ArenaRegen Extension] Could not load reset zone 'Mansion'!
java.lang.NullPointerException: worldName or world is null
	at me.realized.de.arenaregen.zone.Zone.<init>(Zone.java:185)
	at me.realized.de.arenaregen.zone.ZoneManager.<init>(ZoneManager.java:50)
	at me.realized.de.arenaregen.ArenaRegen.onEnable(ArenaRegen.java:37)
	at Duels-3.5.2.jar//me.realized.duels.api.extension.DuelsExtension.setEnabled(DuelsExtension.java:74)
	at Duels-3.5.2.jar//me.realized.duels.extension.ExtensionManager.handleLoad(ExtensionManager.java:84)
	at Duels-3.5.2.jar//me.realized.duels.DuelsPlugin.load(DuelsPlugin.java:242)
	at Duels-3.5.2.jar//me.realized.duels.DuelsPlugin.onEnable(DuelsPlugin.java:175)
	at org.bukkit.plugin.java.JavaPlugin.setEnabled(JavaPlugin.java:264)
	at org.bukkit.plugin.java.JavaPluginLoader.enablePlugin(JavaPluginLoader.java:370)
	at org.bukkit.plugin.SimplePluginManager.enablePlugin(SimplePluginManager.java:542)
	at org.bukkit.craftbukkit.v1_19_R1.CraftServer.enablePlugin()
	at org.bukkit.craftbukkit.v1_19_R1.CraftServer.enablePlugins()
	at net.minecraft.server.MinecraftServer.loadWorld0()
	at net.minecraft.server.MinecraftServer.loadLevel()
	at net.minecraft.server.dedicated.DedicatedServer.e()
	at net.minecraft.server.MinecraftServer.v()
	at net.minecraft.server.MinecraftServer.lambda$spin$2()
	at java.base/java.lang.Thread.run(Thread.java:833)
[22-10-16 01:44:59] [SEVERE] [ArenaRegen Extension] Could not load reset zone 'Temple'!
java.lang.NullPointerException: worldName or world is null
	at me.realized.de.arenaregen.zone.Zone.<init>(Zone.java:185)
	at me.realized.de.arenaregen.zone.ZoneManager.<init>(ZoneManager.java:50)
	at me.realized.de.arenaregen.ArenaRegen.onEnable(ArenaRegen.java:37)
	at Duels-3.5.2.jar//me.realized.duels.api.extension.DuelsExtension.setEnabled(DuelsExtension.java:74)
	at Duels-3.5.2.jar//me.realized.duels.extension.ExtensionManager.handleLoad(ExtensionManager.java:84)
	at Duels-3.5.2.jar//me.realized.duels.DuelsPlugin.load(DuelsPlugin.java:242)
	at Duels-3.5.2.jar//me.realized.duels.DuelsPlugin.onEnable(DuelsPlugin.java:175)
	at org.bukkit.plugin.java.JavaPlugin.setEnabled(JavaPlugin.java:264)
	at org.bukkit.plugin.java.JavaPluginLoader.enablePlugin(JavaPluginLoader.java:370)
	at org.bukkit.plugin.SimplePluginManager.enablePlugin(SimplePluginManager.java:542)
	at org.bukkit.craftbukkit.v1_19_R1.CraftServer.enablePlugin()
	at org.bukkit.craftbukkit.v1_19_R1.CraftServer.enablePlugins()
	at net.minecraft.server.MinecraftServer.loadWorld0()
	at net.minecraft.server.MinecraftServer.loadLevel()
	at net.minecraft.server.dedicated.DedicatedServer.e()
	at net.minecraft.server.MinecraftServer.v()
	at net.minecraft.server.MinecraftServer.lambda$spin$2()
	at java.base/java.lang.Thread.run(Thread.java:833)
[22-10-16 01:44:59] [INFO] ExtensionManager: Extension 'ArenaRegen 1.2.0' is now enabled.
[22-10-16 01:44:59] [INFO] [DEBUG] ExtensionManager has been loaded. (took 70ms)
[22-10-16 01:44:59] [INFO] Hooked into DeluxeCombat!
[22-10-16 01:45:00] [INFO] No updates were available. You are on the latest version!
[22-10-16 01:49:27] [INFO] [DEBUG] onDisable start -> 1665884967243

[22-10-16 01:49:27] [INFO] [DEBUG] Starting unload of ExtensionManager at 1665884967244
[22-10-16 01:49:27] [INFO] ExtensionManager: Extension 'ArenaRegen' is now disabled.
[22-10-16 01:49:27] [INFO] [DEBUG] ExtensionManager has been unloaded. (took 1ms)
[22-10-16 01:49:27] [INFO] [DEBUG] Starting unload of Teleport at 1665884967245
[22-10-16 01:49:27] [INFO] [DEBUG] Teleport has been unloaded. (took 0ms)
[22-10-16 01:49:27] [INFO] [DEBUG] Starting unload of RequestManager at 1665884967245
[22-10-16 01:49:27] [INFO] [DEBUG] RequestManager has been unloaded. (took 0ms)
[22-10-16 01:49:27] [INFO] [DEBUG] Starting unload of QueueSignManagerImpl at 1665884967245
[22-10-16 01:49:27] [INFO] [DEBUG] QueueSignManagerImpl has been unloaded. (took 0ms)
[22-10-16 01:49:27] [INFO] [DEBUG] Starting unload of QueueManager at 1665884967245
[22-10-16 01:49:27] [INFO] [DEBUG] QueueManager has been unloaded. (took 0ms)
[22-10-16 01:49:27] [INFO] [DEBUG] Starting unload of DuelManager at 1665884967245
[22-10-16 01:49:27] [INFO] [DEBUG] DuelManager has been unloaded. (took 0ms)
[22-10-16 01:49:27] [INFO] [DEBUG] Starting unload of InventoryManager at 1665884967245
[22-10-16 01:49:27] [INFO] [DEBUG] InventoryManager has been unloaded. (took 0ms)
[22-10-16 01:49:27] [INFO] [DEBUG] Starting unload of BettingManager at 1665884967245
[22-10-16 01:49:27] [INFO] [DEBUG] BettingManager has been unloaded. (took 0ms)
[22-10-16 01:49:27] [INFO] [DEBUG] Starting unload of SpectateManagerImpl at 1665884967245
[22-10-16 01:49:27] [INFO] [DEBUG] SpectateManagerImpl has been unloaded. (took 0ms)
[22-10-16 01:49:27] [INFO] [DEBUG] Starting unload of PlayerInfoManager at 1665884967245
[22-10-16 01:49:27] [INFO] [DEBUG] PlayerInfoManager has been unloaded. (took 1ms)
[22-10-16 01:49:27] [INFO] [DEBUG] Starting unload of SettingsManager at 1665884967246
[22-10-16 01:49:27] [INFO] [DEBUG] SettingsManager has been unloaded. (took 0ms)
[22-10-16 01:49:27] [INFO] [DEBUG] Starting unload of ArenaManagerImpl at 1665884967246
[22-10-16 01:49:27] [INFO] [DEBUG] ArenaManagerImpl has been unloaded. (took 0ms)
[22-10-16 01:49:27] [INFO] [DEBUG] Starting unload of KitManagerImpl at 1665884967246
[22-10-16 01:49:27] [INFO] [DEBUG] KitManagerImpl has been unloaded. (took 0ms)
[22-10-16 01:49:27] [INFO] [DEBUG] Starting unload of GuiListener at 1665884967246
[22-10-16 01:49:27] [INFO] [DEBUG] GuiListener has been unloaded. (took 0ms)
[22-10-16 01:49:27] [INFO] [DEBUG] Starting unload of UserManagerImpl at 1665884967246
[22-10-16 01:49:27] [INFO] [DEBUG] UserManagerImpl has been unloaded. (took 13ms)
[22-10-16 01:49:27] [INFO] [DEBUG] Starting unload of Lang at 1665884967259
[22-10-16 01:49:27] [INFO] [DEBUG] Lang has been unloaded. (took 0ms)
[22-10-16 01:49:27] [INFO] [DEBUG] Starting unload of Config at 1665884967259
[22-10-16 01:49:27] [INFO] [DEBUG] Config has been unloaded. (took 0ms)
[22-10-16 01:49:27] [INFO] [DEBUG] unload done (took 16ms)
[22-10-16 01:49:27] [INFO] [DEBUG] Log#clearSources done (took 0ms)
[22-10-16 01:50:01] [INFO] [DEBUG] onEnable start -> 1665885001726

[22-10-16 01:50:01] [INFO] Using Economy Provider: com.earth2me.essentials.economy.vault.VaultEconomyProvider
[22-10-16 01:50:01] [INFO] [DEBUG] Starting load of Config at 1665885001761
[22-10-16 01:50:01] [INFO] [DEBUG] Config has been loaded. (took 2ms)
[22-10-16 01:50:01] [INFO] [DEBUG] Starting load of Lang at 1665885001763
[22-10-16 01:50:01] [INFO] [DEBUG] Lang has been loaded. (took 13ms)
[22-10-16 01:50:01] [INFO] [DEBUG] Starting load of UserManagerImpl at 1665885001776
[22-10-16 01:50:01] [INFO] [DEBUG] UserManagerImpl has been loaded. (took 0ms)
[22-10-16 01:50:01] [INFO] [DEBUG] Starting load of GuiListener at 1665885001776
[22-10-16 01:50:01] [INFO] [DEBUG] GuiListener has been loaded. (took 0ms)
[22-10-16 01:50:01] [INFO] [DEBUG] Starting load of KitManagerImpl at 1665885001776
[22-10-16 01:50:01] [INFO] KitManagerImpl: Loaded 2 kit(s).
[22-10-16 01:50:01] [INFO] [DEBUG] KitManagerImpl has been loaded. (took 81ms)
[22-10-16 01:50:01] [INFO] [DEBUG] Starting load of ArenaManagerImpl at 1665885001857
[22-10-16 01:50:01] [INFO] ArenaManagerImpl: Loaded 5 arena(s).
[22-10-16 01:50:01] [INFO] [DEBUG] ArenaManagerImpl has been loaded. (took 8ms)
[22-10-16 01:50:01] [INFO] [DEBUG] Starting load of SettingsManager at 1665885001865
[22-10-16 01:50:01] [INFO] [DEBUG] SettingsManager has been loaded. (took 0ms)
[22-10-16 01:50:01] [INFO] [DEBUG] Starting load of PlayerInfoManager at 1665885001865
[22-10-16 01:50:01] [INFO] [DEBUG] PlayerInfoManager has been loaded. (took 0ms)
[22-10-16 01:50:01] [INFO] [DEBUG] Starting load of SpectateManagerImpl at 1665885001866
[22-10-16 01:50:01] [INFO] [DEBUG] SpectateManagerImpl has been loaded. (took 0ms)
[22-10-16 01:50:01] [INFO] [DEBUG] Starting load of BettingManager at 1665885001866
[22-10-16 01:50:01] [INFO] [DEBUG] BettingManager has been loaded. (took 0ms)
[22-10-16 01:50:01] [INFO] [DEBUG] Starting load of InventoryManager at 1665885001866
[22-10-16 01:50:01] [INFO] [DEBUG] InventoryManager has been loaded. (took 0ms)
[22-10-16 01:50:01] [INFO] [DEBUG] Starting load of DuelManager at 1665885001866
[22-10-16 01:50:01] [INFO] [DEBUG] DuelManager has been loaded. (took 0ms)
[22-10-16 01:50:01] [INFO] [DEBUG] Starting load of QueueManager at 1665885001866
[22-10-16 01:50:01] [INFO] QueueManager: Loaded 0 queue(s).
[22-10-16 01:50:01] [INFO] [DEBUG] QueueManager has been loaded. (took 1ms)
[22-10-16 01:50:01] [INFO] [DEBUG] Starting load of QueueSignManagerImpl at 1665885001867
[22-10-16 01:50:01] [INFO] QueueSignManagerImpl: Loaded 0 queue sign(s).
[22-10-16 01:50:01] [INFO] [DEBUG] QueueSignManagerImpl has been loaded. (took 0ms)
[22-10-16 01:50:01] [INFO] [DEBUG] Starting load of RequestManager at 1665885001867
[22-10-16 01:50:01] [INFO] [DEBUG] RequestManager has been loaded. (took 0ms)
[22-10-16 01:50:01] [INFO] [DEBUG] Starting load of Teleport at 1665885001867
[22-10-16 01:50:01] [INFO] [DEBUG] Teleport has been loaded. (took 0ms)
[22-10-16 01:50:01] [INFO] [DEBUG] Starting load of ExtensionManager at 1665885001867
[22-10-16 01:50:01] [INFO] [ArenaRegen Extension] NMSHandler: Using me.realized.de.arenaregen.nms.fallback.NMSHandler
[22-10-16 01:50:01] [SEVERE] [ArenaRegen Extension] Could not load reset zone 'China'!
java.lang.NullPointerException: worldName or world is null
	at me.realized.de.arenaregen.zone.Zone.<init>(Zone.java:185)
	at me.realized.de.arenaregen.zone.ZoneManager.<init>(ZoneManager.java:50)
	at me.realized.de.arenaregen.ArenaRegen.onEnable(ArenaRegen.java:37)
	at Duels-3.5.2.jar//me.realized.duels.api.extension.DuelsExtension.setEnabled(DuelsExtension.java:74)
	at Duels-3.5.2.jar//me.realized.duels.extension.ExtensionManager.handleLoad(ExtensionManager.java:84)
	at Duels-3.5.2.jar//me.realized.duels.DuelsPlugin.load(DuelsPlugin.java:242)
	at Duels-3.5.2.jar//me.realized.duels.DuelsPlugin.onEnable(DuelsPlugin.java:175)
	at org.bukkit.plugin.java.JavaPlugin.setEnabled(JavaPlugin.java:264)
	at org.bukkit.plugin.java.JavaPluginLoader.enablePlugin(JavaPluginLoader.java:370)
	at org.bukkit.plugin.SimplePluginManager.enablePlugin(SimplePluginManager.java:542)
	at org.bukkit.craftbukkit.v1_19_R1.CraftServer.enablePlugin()
	at org.bukkit.craftbukkit.v1_19_R1.CraftServer.enablePlugins()
	at net.minecraft.server.MinecraftServer.loadWorld0()
	at net.minecraft.server.MinecraftServer.loadLevel()
	at net.minecraft.server.dedicated.DedicatedServer.e()
	at net.minecraft.server.MinecraftServer.v()
	at net.minecraft.server.MinecraftServer.lambda$spin$2()
	at java.base/java.lang.Thread.run(Thread.java:833)
[22-10-16 01:50:01] [SEVERE] [ArenaRegen Extension] Could not load reset zone 'Farmland'!
java.lang.NullPointerException: worldName or world is null
	at me.realized.de.arenaregen.zone.Zone.<init>(Zone.java:185)
	at me.realized.de.arenaregen.zone.ZoneManager.<init>(ZoneManager.java:50)
	at me.realized.de.arenaregen.ArenaRegen.onEnable(ArenaRegen.java:37)
	at Duels-3.5.2.jar//me.realized.duels.api.extension.DuelsExtension.setEnabled(DuelsExtension.java:74)
	at Duels-3.5.2.jar//me.realized.duels.extension.ExtensionManager.handleLoad(ExtensionManager.java:84)
	at Duels-3.5.2.jar//me.realized.duels.DuelsPlugin.load(DuelsPlugin.java:242)
	at Duels-3.5.2.jar//me.realized.duels.DuelsPlugin.onEnable(DuelsPlugin.java:175)
	at org.bukkit.plugin.java.JavaPlugin.setEnabled(JavaPlugin.java:264)
	at org.bukkit.plugin.java.JavaPluginLoader.enablePlugin(JavaPluginLoader.java:370)
	at org.bukkit.plugin.SimplePluginManager.enablePlugin(SimplePluginManager.java:542)
	at org.bukkit.craftbukkit.v1_19_R1.CraftServer.enablePlugin()
	at org.bukkit.craftbukkit.v1_19_R1.CraftServer.enablePlugins()
	at net.minecraft.server.MinecraftServer.loadWorld0()
	at net.minecraft.server.MinecraftServer.loadLevel()
	at net.minecraft.server.dedicated.DedicatedServer.e()
	at net.minecraft.server.MinecraftServer.v()
	at net.minecraft.server.MinecraftServer.lambda$spin$2()
	at java.base/java.lang.Thread.run(Thread.java:833)
[22-10-16 01:50:01] [SEVERE] [ArenaRegen Extension] Could not load reset zone 'Lighthouse'!
java.lang.NullPointerException: worldName or world is null
	at me.realized.de.arenaregen.zone.Zone.<init>(Zone.java:185)
	at me.realized.de.arenaregen.zone.ZoneManager.<init>(ZoneManager.java:50)
	at me.realized.de.arenaregen.ArenaRegen.onEnable(ArenaRegen.java:37)
	at Duels-3.5.2.jar//me.realized.duels.api.extension.DuelsExtension.setEnabled(DuelsExtension.java:74)
	at Duels-3.5.2.jar//me.realized.duels.extension.ExtensionManager.handleLoad(ExtensionManager.java:84)
	at Duels-3.5.2.jar//me.realized.duels.DuelsPlugin.load(DuelsPlugin.java:242)
	at Duels-3.5.2.jar//me.realized.duels.DuelsPlugin.onEnable(DuelsPlugin.java:175)
	at org.bukkit.plugin.java.JavaPlugin.setEnabled(JavaPlugin.java:264)
	at org.bukkit.plugin.java.JavaPluginLoader.enablePlugin(JavaPluginLoader.java:370)
	at org.bukkit.plugin.SimplePluginManager.enablePlugin(SimplePluginManager.java:542)
	at org.bukkit.craftbukkit.v1_19_R1.CraftServer.enablePlugin()
	at org.bukkit.craftbukkit.v1_19_R1.CraftServer.enablePlugins()
	at net.minecraft.server.MinecraftServer.loadWorld0()
	at net.minecraft.server.MinecraftServer.loadLevel()
	at net.minecraft.server.dedicated.DedicatedServer.e()
	at net.minecraft.server.MinecraftServer.v()
	at net.minecraft.server.MinecraftServer.lambda$spin$2()
	at java.base/java.lang.Thread.run(Thread.java:833)
[22-10-16 01:50:01] [SEVERE] [ArenaRegen Extension] Could not load reset zone 'Mansion'!
java.lang.NullPointerException: worldName or world is null
	at me.realized.de.arenaregen.zone.Zone.<init>(Zone.java:185)
	at me.realized.de.arenaregen.zone.ZoneManager.<init>(ZoneManager.java:50)
	at me.realized.de.arenaregen.ArenaRegen.onEnable(ArenaRegen.java:37)
	at Duels-3.5.2.jar//me.realized.duels.api.extension.DuelsExtension.setEnabled(DuelsExtension.java:74)
	at Duels-3.5.2.jar//me.realized.duels.extension.ExtensionManager.handleLoad(ExtensionManager.java:84)
	at Duels-3.5.2.jar//me.realized.duels.DuelsPlugin.load(DuelsPlugin.java:242)
	at Duels-3.5.2.jar//me.realized.duels.DuelsPlugin.onEnable(DuelsPlugin.java:175)
	at org.bukkit.plugin.java.JavaPlugin.setEnabled(JavaPlugin.java:264)
	at org.bukkit.plugin.java.JavaPluginLoader.enablePlugin(JavaPluginLoader.java:370)
	at org.bukkit.plugin.SimplePluginManager.enablePlugin(SimplePluginManager.java:542)
	at org.bukkit.craftbukkit.v1_19_R1.CraftServer.enablePlugin()
	at org.bukkit.craftbukkit.v1_19_R1.CraftServer.enablePlugins()
	at net.minecraft.server.MinecraftServer.loadWorld0()
	at net.minecraft.server.MinecraftServer.loadLevel()
	at net.minecraft.server.dedicated.DedicatedServer.e()
	at net.minecraft.server.MinecraftServer.v()
	at net.minecraft.server.MinecraftServer.lambda$spin$2()
	at java.base/java.lang.Thread.run(Thread.java:833)
[22-10-16 01:50:01] [SEVERE] [ArenaRegen Extension] Could not load reset zone 'Temple'!
java.lang.NullPointerException: worldName or world is null
	at me.realized.de.arenaregen.zone.Zone.<init>(Zone.java:185)
	at me.realized.de.arenaregen.zone.ZoneManager.<init>(ZoneManager.java:50)
	at me.realized.de.arenaregen.ArenaRegen.onEnable(ArenaRegen.java:37)
	at Duels-3.5.2.jar//me.realized.duels.api.extension.DuelsExtension.setEnabled(DuelsExtension.java:74)
	at Duels-3.5.2.jar//me.realized.duels.extension.ExtensionManager.handleLoad(ExtensionManager.java:84)
	at Duels-3.5.2.jar//me.realized.duels.DuelsPlugin.load(DuelsPlugin.java:242)
	at Duels-3.5.2.jar//me.realized.duels.DuelsPlugin.onEnable(DuelsPlugin.java:175)
	at org.bukkit.plugin.java.JavaPlugin.setEnabled(JavaPlugin.java:264)
	at org.bukkit.plugin.java.JavaPluginLoader.enablePlugin(JavaPluginLoader.java:370)
	at org.bukkit.plugin.SimplePluginManager.enablePlugin(SimplePluginManager.java:542)
	at org.bukkit.craftbukkit.v1_19_R1.CraftServer.enablePlugin()
	at org.bukkit.craftbukkit.v1_19_R1.CraftServer.enablePlugins()
	at net.minecraft.server.MinecraftServer.loadWorld0()
	at net.minecraft.server.MinecraftServer.loadLevel()
	at net.minecraft.server.dedicated.DedicatedServer.e()
	at net.minecraft.server.MinecraftServer.v()
	at net.minecraft.server.MinecraftServer.lambda$spin$2()
	at java.base/java.lang.Thread.run(Thread.java:833)
[22-10-16 01:50:01] [INFO] ExtensionManager: Extension 'ArenaRegen 1.2.0' is now enabled.
[22-10-16 01:50:01] [INFO] [DEBUG] ExtensionManager has been loaded. (took 102ms)
[22-10-16 01:50:02] [INFO] Hooked into DeluxeCombat!
[22-10-16 01:50:03] [INFO] No updates were available. You are on the latest version!
[22-10-17 09:01:06] [INFO] [DEBUG] onDisable start -> 1665997266355

[22-10-17 09:01:06] [INFO] [DEBUG] Starting unload of ExtensionManager at 1665997266356
[22-10-17 09:01:06] [INFO] ExtensionManager: Extension 'ArenaRegen' is now disabled.
[22-10-17 09:01:06] [INFO] [DEBUG] ExtensionManager has been unloaded. (took 0ms)
[22-10-17 09:01:06] [INFO] [DEBUG] Starting unload of Teleport at 1665997266356
[22-10-17 09:01:06] [INFO] [DEBUG] Teleport has been unloaded. (took 0ms)
[22-10-17 09:01:06] [INFO] [DEBUG] Starting unload of RequestManager at 1665997266356
[22-10-17 09:01:06] [INFO] [DEBUG] RequestManager has been unloaded. (took 0ms)
[22-10-17 09:01:06] [INFO] [DEBUG] Starting unload of QueueSignManagerImpl at 1665997266356
[22-10-17 09:01:06] [INFO] [DEBUG] QueueSignManagerImpl has been unloaded. (took 0ms)
[22-10-17 09:01:06] [INFO] [DEBUG] Starting unload of QueueManager at 1665997266356
[22-10-17 09:01:06] [INFO] [DEBUG] QueueManager has been unloaded. (took 0ms)
[22-10-17 09:01:06] [INFO] [DEBUG] Starting unload of DuelManager at 1665997266356
[22-10-17 09:01:06] [INFO] [DEBUG] DuelManager has been unloaded. (took 0ms)
[22-10-17 09:01:06] [INFO] [DEBUG] Starting unload of InventoryManager at 1665997266356
[22-10-17 09:01:06] [INFO] [DEBUG] InventoryManager has been unloaded. (took 0ms)
[22-10-17 09:01:06] [INFO] [DEBUG] Starting unload of BettingManager at 1665997266356
[22-10-17 09:01:06] [INFO] [DEBUG] BettingManager has been unloaded. (took 0ms)
[22-10-17 09:01:06] [INFO] [DEBUG] Starting unload of SpectateManagerImpl at 1665997266356
[22-10-17 09:01:06] [INFO] [DEBUG] SpectateManagerImpl has been unloaded. (took 0ms)
[22-10-17 09:01:06] [INFO] [DEBUG] Starting unload of PlayerInfoManager at 1665997266356
[22-10-17 09:01:06] [INFO] [DEBUG] PlayerInfoManager has been unloaded. (took 1ms)
[22-10-17 09:01:06] [INFO] [DEBUG] Starting unload of SettingsManager at 1665997266357
[22-10-17 09:01:06] [INFO] [DEBUG] SettingsManager has been unloaded. (took 0ms)
[22-10-17 09:01:06] [INFO] [DEBUG] Starting unload of ArenaManagerImpl at 1665997266357
[22-10-17 09:01:06] [INFO] [DEBUG] ArenaManagerImpl has been unloaded. (took 0ms)
[22-10-17 09:01:06] [INFO] [DEBUG] Starting unload of KitManagerImpl at 1665997266357
[22-10-17 09:01:06] [INFO] [DEBUG] KitManagerImpl has been unloaded. (took 0ms)
[22-10-17 09:01:06] [INFO] [DEBUG] Starting unload of GuiListener at 1665997266357
[22-10-17 09:01:06] [INFO] [DEBUG] GuiListener has been unloaded. (took 0ms)
[22-10-17 09:01:06] [INFO] [DEBUG] Starting unload of UserManagerImpl at 1665997266357
[22-10-17 09:01:06] [INFO] [DEBUG] UserManagerImpl has been unloaded. (took 0ms)
[22-10-17 09:01:06] [INFO] [DEBUG] Starting unload of Lang at 1665997266357
[22-10-17 09:01:06] [INFO] [DEBUG] Lang has been unloaded. (took 0ms)
[22-10-17 09:01:06] [INFO] [DEBUG] Starting unload of Config at 1665997266357
[22-10-17 09:01:06] [INFO] [DEBUG] Config has been unloaded. (took 0ms)
[22-10-17 09:01:06] [INFO] [DEBUG] unload done (took 2ms)
[22-10-17 09:01:06] [INFO] [DEBUG] Log#clearSources done (took 0ms)
